[0.042s] Invoking command in '/home/guo/ITL_sentry_auto_new/build/tracker': CMAKE_PREFIX_PATH=/home/guo/ITL_sentry_auto_new/install/predictor:/home/guo/ITL_sentry_auto_new/install/solver:/home/guo/ITL_sentry_auto_new/install/motion_model:/home/guo/ITL_sentry_auto_new/install/detected:/home/guo/ITL_sentry_auto_new/install/utils:/home/guo/ITL_sentry_auto_new/install/filter_lib:/home/guo/ITL_sentry_auto_new/install/autoaim_msgs:/home/guo/ITL_sentry_auto_new/install/armor_pointer:/home/guo/ITL_sentry_auto_new/install/tracker:/home/guo/ITL_sentry_auto_new/install/hikvision:/home/guo/ITL_sentry_auto_new/install/dm_imu:/opt/ros/rolling LD_LIBRARY_PATH=/home/guo/ITL_sentry_auto_new/install/solver/lib:/home/guo/ITL_sentry_auto_new/install/motion_model/lib:/home/guo/ITL_sentry_auto_new/install/detected/lib:/home/guo/ITL_sentry_auto_new/install/autoaim_msgs/lib:/home/guo/ITL_sentry_auto_new/install/tracker/lib:/home/guo/ITL_sentry_auto_new/install/predictor/lib:/home/guo/ITL_sentry_auto_new/install/utils/lib:/home/guo/ITL_sentry_auto_new/install/filter_lib/lib:/home/guo/ITL_sentry_auto_new/install/dm_imu/lib:/home/guo/ITL_sentry_auto_new/install/armor_pointer/lib:/opt/ros/rolling/opt/rviz_ogre_vendor/lib:/opt/ros/rolling/lib/x86_64-linux-gnu:/opt/ros/rolling/lib:/opt/MVS/lib/64:/opt/MVS/lib/32:/usr/local/TensorRT.10.7.0.23/lib:/usr/lib/x86_64-linux-gnu:/usr/local/cuda/lib64:/opt/MVS/lib/64:/opt/MVS/lib/32:/opt/MVS/lib/64:/opt/MVS/lib/32 /usr/local/bin/cmake /home/guo/ITL_sentry_auto_new/src/core/tracker -DCMAKE_INSTALL_PREFIX=/home/guo/ITL_sentry_auto_new/install/tracker
[0.116s] -- The C compiler identification is GNU 11.4.0
[0.186s] -- The CXX compiler identification is GNU 11.4.0
[0.202s] -- Detecting C compiler ABI info
[0.302s] -- Detecting C compiler ABI info - done
[0.312s] -- Check for working C compiler: /usr/bin/cc - skipped
[0.313s] -- Detecting C compile features
[0.313s] -- Detecting C compile features - done
[0.322s] -- Detecting CXX compiler ABI info
[0.383s] -- Detecting CXX compiler ABI info - done
[0.392s] -- Check for working CXX compiler: /usr/bin/c++ - skipped
[0.392s] -- Detecting CXX compile features
[0.392s] -- Detecting CXX compile features - done
[0.394s] -- Found ament_cmake: 2.3.2 (/opt/ros/rolling/share/ament_cmake/cmake)
[0.743s] -- Found Python3: /usr/bin/python3.10 (found version "3.10.12") found components: Interpreter 
[0.811s] -- Found rclcpp: 27.0.0 (/opt/ros/rolling/share/rclcpp/cmake)
[0.845s] -- Found rosidl_generator_c: 4.5.1 (/opt/ros/rolling/share/rosidl_generator_c/cmake)
[0.856s] -- Found rosidl_generator_cpp: 4.5.1 (/opt/ros/rolling/share/rosidl_generator_cpp/cmake)
[0.870s] -- Using all available rosidl_typesupport_c: rosidl_typesupport_fastrtps_c;rosidl_typesupport_introspection_c
[0.887s] -- Using all available rosidl_typesupport_cpp: rosidl_typesupport_fastrtps_cpp;rosidl_typesupport_introspection_cpp
[1.030s] -- Found rmw_implementation_cmake: 7.3.0 (/opt/ros/rolling/share/rmw_implementation_cmake/cmake)
[1.033s] -- Found rmw_fastrtps_cpp: 8.2.0 (/opt/ros/rolling/share/rmw_fastrtps_cpp/cmake)
[1.115s] -- Found OpenSSL: /usr/lib/x86_64-linux-gnu/libcrypto.so (found version "3.0.2")  
[1.141s] -- Found FastRTPS: /opt/ros/rolling/include  
[1.178s] -- Using RMW implementation 'rmw_fastrtps_cpp' as default
[1.345s] -- Found sensor_msgs: 5.3.0 (/opt/ros/rolling/share/sensor_msgs/cmake)
[1.523s] -- Found tf2: 0.36.0 (/opt/ros/rolling/share/tf2/cmake)
[1.534s] -- Found tf2_ros: 0.36.0 (/opt/ros/rolling/share/tf2_ros/cmake)
[1.904s] -- Found autoaim_msgs: 0.0.1 (/home/guo/ITL_sentry_auto_new/install/autoaim_msgs/share/autoaim_msgs/cmake)
[2.029s] -- Found OpenCV: /usr (found version "4.5.4") 
[2.030s] -- Found utils: 1.0.0 (/home/guo/ITL_sentry_auto_new/install/utils/share/utils/cmake)
[2.052s] -- Found solver: 0.0.0 (/home/guo/ITL_sentry_auto_new/install/solver/share/solver/cmake)
[2.078s] -- Found eigen3_cmake_module: 0.3.0 (/opt/ros/rolling/share/eigen3_cmake_module/cmake)
[2.079s] -- Found Eigen3: TRUE (found version "3.4.0") 
[2.079s] -- Ensuring Eigen3 include directory is part of orocos-kdl CMake target
[2.526s] -- Found predictor: 1.0.0 (/home/guo/ITL_sentry_auto_new/install/predictor/share/predictor/cmake)
[2.808s] -- Found Threads: TRUE  
[3.159s] -- Found AMD headers in: /usr/include/suitesparse
[3.160s] -- Found AMD library: /usr/lib/x86_64-linux-gnu/libamd.so
[3.161s] -- Found CAMD headers in: /usr/include/suitesparse
[3.162s] -- Found CAMD library: /usr/lib/x86_64-linux-gnu/libcamd.so
[3.162s] -- Found CCOLAMD headers in: /usr/include/suitesparse
[3.163s] -- Found CCOLAMD library: /usr/lib/x86_64-linux-gnu/libccolamd.so
[3.163s] -- Found CHOLMOD headers in: /usr/include/suitesparse
[3.164s] -- Found CHOLMOD library: /usr/lib/x86_64-linux-gnu/libcholmod.so
[3.164s] -- Found COLAMD headers in: /usr/include/suitesparse
[3.165s] -- Found COLAMD library: /usr/lib/x86_64-linux-gnu/libcolamd.so
[3.165s] -- Found SPQR headers in: /usr/include/suitesparse
[3.166s] -- Found SPQR library: /usr/lib/x86_64-linux-gnu/libspqr.so
[3.167s] -- Found Config headers in: /usr/include/suitesparse
[3.167s] -- Found Config library: /usr/lib/x86_64-linux-gnu/libsuitesparseconfig.so
[3.169s] -- Found Intel Thread Building Blocks (TBB) library (2021.5 / ) include location: . Assuming SuiteSparseQR was compiled with TBB.
[3.170s] -- Looking for shm_open in rt
[3.255s] -- Looking for shm_open in rt - found
[3.255s] -- Adding librt to SuiteSparse_config libraries (required on Linux & Unix [not OSX] if SuiteSparse is compiled with timing).
[3.259s] -- Could NOT find METIS (missing: METIS_INCLUDE_DIR METIS_LIBRARY) 
[4.294s] -- Found ament_lint_auto: 0.16.3 (/opt/ros/rolling/share/ament_lint_auto/cmake)
[4.353s] -- Added test 'copyright' to check source files copyright and LICENSE
[4.354s] -- Added test 'cppcheck' to perform static code analysis on C / C++ code
[4.355s] -- Configured cppcheck include dirs: /home/guo/ITL_sentry_auto_new/src/core/tracker/include
[4.355s] -- Configured cppcheck exclude dirs and/or files: 
[4.355s] -- Added test 'cpplint' to check C / C++ code against the Google style
[4.355s] -- Configured cpplint exclude dirs and/or files: 
[4.356s] -- Added test 'lint_cmake' to check CMake code style
[4.357s] -- Added test 'uncrustify' to check C / C++ code style
[4.357s] -- Configured uncrustify additional arguments: 
[4.357s] -- Added test 'xmllint' to check XML markup files
[4.359s] -- Configuring done (4.3s)
[4.414s] -- Generating done (0.0s)
[4.420s] -- Build files have been written to: /home/guo/ITL_sentry_auto_new/build/tracker
[4.432s] Invoked command in '/home/guo/ITL_sentry_auto_new/build/tracker' returned '0': CMAKE_PREFIX_PATH=/home/guo/ITL_sentry_auto_new/install/predictor:/home/guo/ITL_sentry_auto_new/install/solver:/home/guo/ITL_sentry_auto_new/install/motion_model:/home/guo/ITL_sentry_auto_new/install/detected:/home/guo/ITL_sentry_auto_new/install/utils:/home/guo/ITL_sentry_auto_new/install/filter_lib:/home/guo/ITL_sentry_auto_new/install/autoaim_msgs:/home/guo/ITL_sentry_auto_new/install/armor_pointer:/home/guo/ITL_sentry_auto_new/install/tracker:/home/guo/ITL_sentry_auto_new/install/hikvision:/home/guo/ITL_sentry_auto_new/install/dm_imu:/opt/ros/rolling LD_LIBRARY_PATH=/home/guo/ITL_sentry_auto_new/install/solver/lib:/home/guo/ITL_sentry_auto_new/install/motion_model/lib:/home/guo/ITL_sentry_auto_new/install/detected/lib:/home/guo/ITL_sentry_auto_new/install/autoaim_msgs/lib:/home/guo/ITL_sentry_auto_new/install/tracker/lib:/home/guo/ITL_sentry_auto_new/install/predictor/lib:/home/guo/ITL_sentry_auto_new/install/utils/lib:/home/guo/ITL_sentry_auto_new/install/filter_lib/lib:/home/guo/ITL_sentry_auto_new/install/dm_imu/lib:/home/guo/ITL_sentry_auto_new/install/armor_pointer/lib:/opt/ros/rolling/opt/rviz_ogre_vendor/lib:/opt/ros/rolling/lib/x86_64-linux-gnu:/opt/ros/rolling/lib:/opt/MVS/lib/64:/opt/MVS/lib/32:/usr/local/TensorRT.10.7.0.23/lib:/usr/lib/x86_64-linux-gnu:/usr/local/cuda/lib64:/opt/MVS/lib/64:/opt/MVS/lib/32:/opt/MVS/lib/64:/opt/MVS/lib/32 /usr/local/bin/cmake /home/guo/ITL_sentry_auto_new/src/core/tracker -DCMAKE_INSTALL_PREFIX=/home/guo/ITL_sentry_auto_new/install/tracker
[4.433s] Invoking command in '/home/guo/ITL_sentry_auto_new/build/tracker': CMAKE_PREFIX_PATH=/home/guo/ITL_sentry_auto_new/install/predictor:/home/guo/ITL_sentry_auto_new/install/solver:/home/guo/ITL_sentry_auto_new/install/motion_model:/home/guo/ITL_sentry_auto_new/install/detected:/home/guo/ITL_sentry_auto_new/install/utils:/home/guo/ITL_sentry_auto_new/install/filter_lib:/home/guo/ITL_sentry_auto_new/install/autoaim_msgs:/home/guo/ITL_sentry_auto_new/install/armor_pointer:/home/guo/ITL_sentry_auto_new/install/tracker:/home/guo/ITL_sentry_auto_new/install/hikvision:/home/guo/ITL_sentry_auto_new/install/dm_imu:/opt/ros/rolling LD_LIBRARY_PATH=/home/guo/ITL_sentry_auto_new/install/solver/lib:/home/guo/ITL_sentry_auto_new/install/motion_model/lib:/home/guo/ITL_sentry_auto_new/install/detected/lib:/home/guo/ITL_sentry_auto_new/install/autoaim_msgs/lib:/home/guo/ITL_sentry_auto_new/install/tracker/lib:/home/guo/ITL_sentry_auto_new/install/predictor/lib:/home/guo/ITL_sentry_auto_new/install/utils/lib:/home/guo/ITL_sentry_auto_new/install/filter_lib/lib:/home/guo/ITL_sentry_auto_new/install/dm_imu/lib:/home/guo/ITL_sentry_auto_new/install/armor_pointer/lib:/opt/ros/rolling/opt/rviz_ogre_vendor/lib:/opt/ros/rolling/lib/x86_64-linux-gnu:/opt/ros/rolling/lib:/opt/MVS/lib/64:/opt/MVS/lib/32:/usr/local/TensorRT.10.7.0.23/lib:/usr/lib/x86_64-linux-gnu:/usr/local/cuda/lib64:/opt/MVS/lib/64:/opt/MVS/lib/32:/opt/MVS/lib/64:/opt/MVS/lib/32 /usr/local/bin/cmake --build /home/guo/ITL_sentry_auto_new/build/tracker -- -j24 -l24
[4.458s] [ 25%] [32mBuilding CXX object CMakeFiles/tracker_lib.dir/src/tracker.cpp.o[0m
[7.625s] In file included from [01m[K/opt/ros/rolling/include/rclcpp/rclcpp/logging.hpp:24[m[K,
[7.625s]                  from [01m[K/opt/ros/rolling/include/rclcpp/rclcpp/copy_all_parameter_values.hpp:27[m[K,
[7.625s]                  from [01m[K/opt/ros/rolling/include/rclcpp/rclcpp/rclcpp.hpp:171[m[K,
[7.625s]                  from [01m[K/home/guo/ITL_sentry_auto_new/src/core/tracker/src/tracker.cpp:5[m[K:
[7.625s] [01m[K/home/guo/ITL_sentry_auto_new/src/core/tracker/src/tracker.cpp:[m[K In member function ‚Äò[01m[Kstd::__cxx11::list<predict::Target> tracker::Tracker::track(std::__cxx11::list<autoaim_msgs::msg::Armor_<std::allocator<void> > >&, std::chrono::_V2::steady_clock::time_point, bool)[m[K‚Äô:
[7.625s] [01m[K/home/guo/ITL_sentry_auto_new/src/core/tracker/src/tracker.cpp:119:19:[m[K [01;35m[Kwarning: [m[Kformat ‚Äò[01m[K%d[m[K‚Äô expects argument of type ‚Äò[01m[Kint[m[K‚Äô, but argument 6 has type ‚Äò[01m[Klong unsigned int[m[K‚Äô [[01;35m[K]8;;https://gcc.gnu.org/onlinedocs/gcc/Warning-Options.html#index-Wformat=-Wformat=]8;;[m[K]
[7.625s]   119 |                   [01;35m[K"NISÂ§±Ë¥•ÁéáËøáÈ´ò (%d/%d)ÔºåÈáçÁΩÆ‰∏∫lost"[m[K,
[7.625s]       |                   [01;35m[K^~~~~~~~~~~~~~~~~~~~~~~~~~~~~~~~~~~[m[K
[7.625s]   120 |                   failures, [32m[Kekf.window_size[m[K);
[7.625s]       |                             [32m[K~~~~~~~~~~~~~~~[m[K
[7.625s]       |                                 [32m[K|[m[K
[7.625s]       |                                 [32m[Klong unsigned int[m[K
[7.625s] [01m[K/home/guo/ITL_sentry_auto_new/src/core/tracker/src/tracker.cpp:119:39:[m[K [01;36m[Knote: [m[Kformat string is defined here
[7.625s]   119 |                   "NISÂ§±Ë¥•ÁéáËøáÈ´ò (%d/[01;36m[K%d[m[K)ÔºåÈáçÁΩÆ‰∏∫lost",
[7.625s]       |                                      [01;36m[K~^[m[K
[7.625s]       |                                       [01;36m[K|[m[K
[7.625s]       |                                       [01;36m[Kint[m[K
[7.625s]       |                                      [32m[K%ld[m[K
[11.337s] [ 50%] [32m[1mLinking CXX static library libtracker_lib.a[0m
[11.399s] [ 50%] Built target tracker_lib
[11.411s] [ 75%] [32mBuilding CXX object CMakeFiles/tracker_node.dir/src/tracker_node.cpp.o[0m
[11.596s] In file included from [01m[K/home/guo/ITL_sentry_auto_new/src/core/tracker/include/tracker_node.hpp:9[m[K,
[11.596s]                  from [01m[K/home/guo/ITL_sentry_auto_new/src/core/tracker/src/tracker_node.cpp:1[m[K:
[11.596s] [01m[K/opt/ros/rolling/include/cv_bridge/cv_bridge/cv_bridge.h:42:2:[m[K [01;35m[Kwarning: [m[K#warning This header is obsolete, please include cv_bridge/cv_bridge.hpp instead [[01;35m[K]8;;https://gcc.gnu.org/onlinedocs/gcc/Warning-Options.html#index-Wcpp-Wcpp]8;;[m[K]
[11.596s]    42 | #[01;35m[Kwarning[m[K This header is obsolete, please include cv_bridge/cv_bridge.hpp instead
[11.596s]       |  [01;35m[K^~~~~~~[m[K
[14.765s] [01m[K/home/guo/ITL_sentry_auto_new/src/core/tracker/src/tracker_node.cpp:[m[K In member function ‚Äò[01m[Kvoid tracker::TrackerNode::processArmors()[m[K‚Äô:
[14.765s] [01m[K/home/guo/ITL_sentry_auto_new/src/core/tracker/src/tracker_node.cpp:128:39:[m[K [01;31m[Kerror: [m[Kno matching function for call to ‚Äò[01m[Kspdlog::logger::debug(const char [91], <unresolved overloaded function type>, <unresolved overloaded function type>, <unresolved overloaded function type>, <unresolved overloaded function type>)[m[K‚Äô
[14.765s]   128 |                 [01;31m[Kutils::logger()->debug([m[K
[14.765s]       |                 [01;31m[K~~~~~~~~~~~~~~~~~~~~~~^[m[K
[14.765s]   129 | [01;31m[K                    "Ë£ÖÁî≤ÊùøÊï∞ÊçÆÊòØ:xÂùêÊ†á:{.3f}, yÂùêÊ†á:{:.3f}, zÂùêÊ†áÊòØ:{:.3f}, angleËßíÂ∫¶ÊòØ:{:.3f}",[m[K
[14.765s]       |                     [01;31m[K~~~~~~~~~~~~~~~~~~~~~~~~~~~~~~~~~~~~~~~~~~~~~~~~~~~~~~~~~~~~~~~~~~~~~~~~~~~~~[m[K
[14.765s]   130 | [01;31m[K                    xyza.x,[m[K
[14.765s]       |                     [01;31m[K~~~~~~~[m[K            
[14.765s]   131 | [01;31m[K                    xyza.y,[m[K
[14.765s]       |                     [01;31m[K~~~~~~~[m[K            
[14.765s]   132 | [01;31m[K                    xyza.z,[m[K
[14.765s]       |                     [01;31m[K~~~~~~~[m[K            
[14.765s]   133 | [01;31m[K                    xyza.w[m[K
[14.765s]       |                     [01;31m[K~~~~~~[m[K             
[14.765s]   134 | [01;31m[K                  )[m[K;
[14.765s]       |                   [01;31m[K~[m[K                    
[14.765s] In file included from [01m[K/usr/include/spdlog/details/registry-inl.h:12[m[K,
[14.765s]                  from [01m[K/usr/include/spdlog/details/registry.h:114[m[K,
[14.765s]                  from [01m[K/usr/include/spdlog/spdlog.h:13[m[K,
[14.765s]                  from [01m[K/home/guo/ITL_sentry_auto_new/install/utils/include/logger.hpp:4[m[K,
[14.765s]                  from [01m[K/home/guo/ITL_sentry_auto_new/install/utils/include/math_tools.hpp:6[m[K,
[14.765s]                  from [01m[K/home/guo/ITL_sentry_auto_new/install/solver/include/module/solver.hpp:7[m[K,
[14.765s]                  from [01m[K/home/guo/ITL_sentry_auto_new/src/core/tracker/include/tracker.hpp:10[m[K,
[14.765s]                  from [01m[K/home/guo/ITL_sentry_auto_new/src/core/tracker/include/tracker_node.hpp:16[m[K,
[14.765s]                  from [01m[K/home/guo/ITL_sentry_auto_new/src/core/tracker/src/tracker_node.cpp:1[m[K:
[14.765s] [01m[K/usr/include/spdlog/logger.h:150:10:[m[K [01;36m[Knote: [m[Kcandidate: ‚Äò[01m[Kvoid spdlog::logger::debug(fmt::v8::format_string<T ...>, Args&& ...) [with Args = {}; fmt::v8::format_string<T ...> = fmt::v8::basic_format_string<char>][m[K‚Äô
[14.765s]   150 |     void [01;36m[Kdebug[m[K(fmt::format_string<Args...> fmt, Args &&...args)
[14.765s]       |          [01;36m[K^~~~~[m[K
[14.765s] [01m[K/usr/include/spdlog/logger.h:150:10:[m[K [01;36m[Knote: [m[K  candidate expects 1 argument, 5 provided
[14.765s] [01m[K/usr/include/spdlog/logger.h:236:10:[m[K [01;36m[Knote: [m[Kcandidate: ‚Äò[01m[Ktemplate<class T> void spdlog::logger::debug(const T&)[m[K‚Äô
[14.766s]   236 |     void [01;36m[Kdebug[m[K(const T &msg)
[14.766s]       |          [01;36m[K^~~~~[m[K
[14.766s] [01m[K/usr/include/spdlog/logger.h:236:10:[m[K [01;36m[Knote: [m[K  template argument deduction/substitution failed:
[14.766s] [01m[K/home/guo/ITL_sentry_auto_new/src/core/tracker/src/tracker_node.cpp:128:39:[m[K [01;36m[Knote: [m[K  candidate expects 1 argument, 5 provided
[14.766s]   128 |                 [01;36m[Kutils::logger()->debug([m[K
[14.766s]       |                 [01;36m[K~~~~~~~~~~~~~~~~~~~~~~^[m[K
[14.766s]   129 | [01;36m[K                    "Ë£ÖÁî≤ÊùøÊï∞ÊçÆÊòØ:xÂùêÊ†á:{.3f}, yÂùêÊ†á:{:.3f}, zÂùêÊ†áÊòØ:{:.3f}, angleËßíÂ∫¶ÊòØ:{:.3f}",[m[K
[14.766s]       |                     [01;36m[K~~~~~~~~~~~~~~~~~~~~~~~~~~~~~~~~~~~~~~~~~~~~~~~~~~~~~~~~~~~~~~~~~~~~~~~~~~~~~[m[K
[14.766s]   130 | [01;36m[K                    xyza.x,[m[K
[14.766s]       |                     [01;36m[K~~~~~~~[m[K            
[14.766s]   131 | [01;36m[K                    xyza.y,[m[K
[14.766s]       |                     [01;36m[K~~~~~~~[m[K            
[14.766s]   132 | [01;36m[K                    xyza.z,[m[K
[14.766s]       |                     [01;36m[K~~~~~~~[m[K            
[14.766s]   133 | [01;36m[K                    xyza.w[m[K
[14.766s]       |                     [01;36m[K~~~~~~[m[K             
[14.766s]   134 | [01;36m[K                  )[m[K;
[14.766s]       |                   [01;36m[K~[m[K                    
[14.766s] [01m[K/home/guo/ITL_sentry_auto_new/src/core/tracker/src/tracker_node.cpp:125:18:[m[K [01;35m[Kwarning: [m[Kunused variable ‚Äò[01m[Karmor_number[m[K‚Äô [[01;35m[K]8;;https://gcc.gnu.org/onlinedocs/gcc/Warning-Options.html#index-Wunused-variable-Wunused-variable]8;;[m[K]
[14.766s]   125 |             auto [01;35m[Karmor_number[m[K = armor_list.size();
[14.766s]       |                  [01;35m[K^~~~~~~~~~~~[m[K
[19.423s] gmake[2]: *** [CMakeFiles/tracker_node.dir/build.make:76ÔºöCMakeFiles/tracker_node.dir/src/tracker_node.cpp.o] ÈîôËØØ 1
[19.423s] gmake[1]: *** [CMakeFiles/Makefile2:165ÔºöCMakeFiles/tracker_node.dir/all] ÈîôËØØ 2
[19.423s] gmake: *** [Makefile:146Ôºöall] ÈîôËØØ 2
[19.425s] Invoked command in '/home/guo/ITL_sentry_auto_new/build/tracker' returned '2': CMAKE_PREFIX_PATH=/home/guo/ITL_sentry_auto_new/install/predictor:/home/guo/ITL_sentry_auto_new/install/solver:/home/guo/ITL_sentry_auto_new/install/motion_model:/home/guo/ITL_sentry_auto_new/install/detected:/home/guo/ITL_sentry_auto_new/install/utils:/home/guo/ITL_sentry_auto_new/install/filter_lib:/home/guo/ITL_sentry_auto_new/install/autoaim_msgs:/home/guo/ITL_sentry_auto_new/install/armor_pointer:/home/guo/ITL_sentry_auto_new/install/tracker:/home/guo/ITL_sentry_auto_new/install/hikvision:/home/guo/ITL_sentry_auto_new/install/dm_imu:/opt/ros/rolling LD_LIBRARY_PATH=/home/guo/ITL_sentry_auto_new/install/solver/lib:/home/guo/ITL_sentry_auto_new/install/motion_model/lib:/home/guo/ITL_sentry_auto_new/install/detected/lib:/home/guo/ITL_sentry_auto_new/install/autoaim_msgs/lib:/home/guo/ITL_sentry_auto_new/install/tracker/lib:/home/guo/ITL_sentry_auto_new/install/predictor/lib:/home/guo/ITL_sentry_auto_new/install/utils/lib:/home/guo/ITL_sentry_auto_new/install/filter_lib/lib:/home/guo/ITL_sentry_auto_new/install/dm_imu/lib:/home/guo/ITL_sentry_auto_new/install/armor_pointer/lib:/opt/ros/rolling/opt/rviz_ogre_vendor/lib:/opt/ros/rolling/lib/x86_64-linux-gnu:/opt/ros/rolling/lib:/opt/MVS/lib/64:/opt/MVS/lib/32:/usr/local/TensorRT.10.7.0.23/lib:/usr/lib/x86_64-linux-gnu:/usr/local/cuda/lib64:/opt/MVS/lib/64:/opt/MVS/lib/32:/opt/MVS/lib/64:/opt/MVS/lib/32 /usr/local/bin/cmake --build /home/guo/ITL_sentry_auto_new/build/tracker -- -j24 -l24
