[0.023s] Invoking command in '/home/guo/ITL_sentry_auto_new/build/auto_buff': CMAKE_PREFIX_PATH=/home/guo/ITL_sentry_auto_new/install/auto_aim:/home/guo/ITL_sentry_auto_new/install/deveice:/home/guo/ITL_sentry_auto_new/install/serial:/home/guo/ITL_sentry_auto_new/install/utils:/home/guo/ITL_sentry_auto_new/install/autoaim_msgs:/home/guo/ITL_sentry_auto_new/install/pipeline:/home/guo/ITL_sentry_auto_new/install/auto_buff:/home/guo/ITL_sentry_auto_new/install/launch_node:/opt/ros/rolling LD_LIBRARY_PATH=/home/guo/ITL_sentry_auto_new/install/auto_aim/lib:/home/guo/ITL_sentry_auto_new/install/deveice/lib:/home/guo/ITL_sentry_auto_new/install/serial/lib:/home/guo/ITL_sentry_auto_new/install/autoaim_msgs/lib:/home/guo/ITL_sentry_auto_new/install/auto_buff/lib:/home/guo/ITL_sentry_auto_new/install/utils/lib:/usr/lib/x86_64-linux-gnu:/opt/ros/rolling/opt/rviz_ogre_vendor/lib:/opt/ros/rolling/lib/x86_64-linux-gnu:/opt/ros/rolling/lib:/opt/MVS/lib/64:/opt/MVS/lib/32:/usr/local/TensorRT.10.7.0.23/lib:/usr/lib/x86_64-linux-gnu:/usr/local/cuda/lib64:/opt/MVS/lib/64:/opt/MVS/lib/32:/opt/MVS/lib/64:/opt/MVS/lib/32 /usr/local/bin/cmake --build /home/guo/ITL_sentry_auto_new/build/auto_buff -- -j24 -l24
[0.045s] -- Found ament_cmake: 2.3.2 (/opt/ros/rolling/share/ament_cmake/cmake)
[0.240s] -- Found utils: 1.0.0 (/home/guo/ITL_sentry_auto_new/install/utils/share/utils/cmake)
[0.266s] -- Found rosidl_generator_c: 4.5.1 (/opt/ros/rolling/share/rosidl_generator_c/cmake)
[0.273s] -- Found rosidl_generator_cpp: 4.5.1 (/opt/ros/rolling/share/rosidl_generator_cpp/cmake)
[0.284s] -- Using all available rosidl_typesupport_c: rosidl_typesupport_fastrtps_c;rosidl_typesupport_introspection_c
[0.298s] -- Using all available rosidl_typesupport_cpp: rosidl_typesupport_fastrtps_cpp;rosidl_typesupport_introspection_cpp
[0.428s] -- Found rmw_implementation_cmake: 7.3.0 (/opt/ros/rolling/share/rmw_implementation_cmake/cmake)
[0.429s] -- Found rmw_fastrtps_cpp: 8.2.0 (/opt/ros/rolling/share/rmw_fastrtps_cpp/cmake)
[0.533s] -- Using RMW implementation 'rmw_fastrtps_cpp' as default
[0.721s] -- Found serial: 0.1.0 (/home/guo/ITL_sentry_auto_new/install/serial/share/serial/cmake)
[0.725s] -- Found deveice: 1.0.0 (/home/guo/ITL_sentry_auto_new/install/deveice/share/deveice/cmake)
[0.751s] -- Found auto_aim: 0.1.0 (/home/guo/ITL_sentry_auto_new/install/auto_aim/share/auto_aim/cmake)
[1.251s] -- Configuring done (1.2s)
[1.288s] -- Generating done (0.0s)
[1.293s] -- Build files have been written to: /home/guo/ITL_sentry_auto_new/build/auto_buff
[1.315s] [ 15%] Built target auto_buff_data_type
[1.327s] [ 23%] [32mBuilding CXX object CMakeFiles/auto_buff_solver.dir/buff_solver/src/buff_solver.cpp.o[0m
[1.341s] [ 46%] Built target auto_buff_detect
[1.349s] [ 53%] [32mBuilding CXX object CMakeFiles/auto_buff_tagret.dir/buff_tagret/src/buff_target.cpp.o[0m
[1.647s] In file included from [01m[K/home/guo/ITL_sentry_auto_new/src/core/auto_buff/buff_tagret/src/buff_target.cpp:1[m[K:
[1.647s] [01m[K/home/guo/ITL_sentry_auto_new/src/core/auto_buff/buff_tagret/include/buff_target.hpp:12:10:[m[K [01;31m[Kfatal error: [m[Kextended_kalman_filter.hpp: Ê≤°ÊúâÈÇ£‰∏™Êñá‰ª∂ÊàñÁõÆÂΩï
[1.647s]    12 | #include [01;31m[K"extended_kalman_filter.hpp"[m[K
[1.647s]       |          [01;31m[K^~~~~~~~~~~~~~~~~~~~~~~~~~~~[m[K
[1.647s] compilation terminated.
[1.650s] gmake[2]: *** [CMakeFiles/auto_buff_tagret.dir/build.make:76ÔºöCMakeFiles/auto_buff_tagret.dir/buff_tagret/src/buff_target.cpp.o] ÈîôËØØ 1
[1.651s] gmake[1]: *** [CMakeFiles/Makefile2:226ÔºöCMakeFiles/auto_buff_tagret.dir/all] ÈîôËØØ 2
[1.651s] gmake[1]: *** Ê≠£Âú®Á≠âÂæÖÊú™ÂÆåÊàêÁöÑ‰ªªÂä°....
[2.980s] [01m[K/home/guo/ITL_sentry_auto_new/src/core/auto_buff/buff_solver/src/buff_solver.cpp:[m[K In member function ‚Äò[01m[Kstd::vector<cv::Point_<float> > auto_buff::Solver::reproject_buff(const Vector3d&, double, double) const[m[K‚Äô:
[2.980s] [01m[K/home/guo/ITL_sentry_auto_new/src/core/auto_buff/buff_solver/src/buff_solver.cpp:127:30:[m[K [01;31m[Kerror: [m[K‚Äò[01m[Krotation_matrix[m[K‚Äô is not a member of ‚Äò[01m[Kutils[m[K‚Äô; did you mean ‚Äò[01m[Krotation_matrix_zyx[m[K‚Äô?
[2.980s]   127 |   auto R_buff2world = utils::[01;31m[Krotation_matrix[m[K(Eigen::Vector3d(yaw, 0.0, row));
[2.980s]       |                              [01;31m[K^~~~~~~~~~~~~~~[m[K
[2.980s]       |                              [32m[Krotation_matrix_zyx[m[K
[4.645s] gmake[2]: *** [CMakeFiles/auto_buff_solver.dir/build.make:76ÔºöCMakeFiles/auto_buff_solver.dir/buff_solver/src/buff_solver.cpp.o] ÈîôËØØ 1
[4.646s] gmake[1]: *** [CMakeFiles/Makefile2:199ÔºöCMakeFiles/auto_buff_solver.dir/all] ÈîôËØØ 2
[4.646s] gmake: *** [Makefile:146Ôºöall] ÈîôËØØ 2
[4.648s] Invoked command in '/home/guo/ITL_sentry_auto_new/build/auto_buff' returned '2': CMAKE_PREFIX_PATH=/home/guo/ITL_sentry_auto_new/install/auto_aim:/home/guo/ITL_sentry_auto_new/install/deveice:/home/guo/ITL_sentry_auto_new/install/serial:/home/guo/ITL_sentry_auto_new/install/utils:/home/guo/ITL_sentry_auto_new/install/autoaim_msgs:/home/guo/ITL_sentry_auto_new/install/pipeline:/home/guo/ITL_sentry_auto_new/install/auto_buff:/home/guo/ITL_sentry_auto_new/install/launch_node:/opt/ros/rolling LD_LIBRARY_PATH=/home/guo/ITL_sentry_auto_new/install/auto_aim/lib:/home/guo/ITL_sentry_auto_new/install/deveice/lib:/home/guo/ITL_sentry_auto_new/install/serial/lib:/home/guo/ITL_sentry_auto_new/install/autoaim_msgs/lib:/home/guo/ITL_sentry_auto_new/install/auto_buff/lib:/home/guo/ITL_sentry_auto_new/install/utils/lib:/usr/lib/x86_64-linux-gnu:/opt/ros/rolling/opt/rviz_ogre_vendor/lib:/opt/ros/rolling/lib/x86_64-linux-gnu:/opt/ros/rolling/lib:/opt/MVS/lib/64:/opt/MVS/lib/32:/usr/local/TensorRT.10.7.0.23/lib:/usr/lib/x86_64-linux-gnu:/usr/local/cuda/lib64:/opt/MVS/lib/64:/opt/MVS/lib/32:/opt/MVS/lib/64:/opt/MVS/lib/32 /usr/local/bin/cmake --build /home/guo/ITL_sentry_auto_new/build/auto_buff -- -j24 -l24
