[0.020s] Invoking command in '/home/guo/ITL_sentry_auto_new/build/planner': AMENT_PREFIX_PATH=/home/guo/ITL_sentry_auto_new/install/predictor:/home/guo/ITL_sentry_auto_new/install/solver:/home/guo/ITL_sentry_auto_new/install/motion_model:/home/guo/ITL_sentry_auto_new/install/detected:/home/guo/ITL_sentry_auto_new/install/utils:/home/guo/ITL_sentry_auto_new/install/filter_lib:/home/guo/ITL_sentry_auto_new/install/autoaim_msgs:${AMENT_PREFIX_PATH} CMAKE_PREFIX_PATH=/home/guo/ITL_sentry_auto_new/install/predictor:/home/guo/ITL_sentry_auto_new/install/solver:/home/guo/ITL_sentry_auto_new/install/motion_model:/home/guo/ITL_sentry_auto_new/install/detected:/home/guo/ITL_sentry_auto_new/install/utils:/home/guo/ITL_sentry_auto_new/install/filter_lib:/home/guo/ITL_sentry_auto_new/install/autoaim_msgs:/opt/ros/rolling LD_LIBRARY_PATH=/home/guo/ITL_sentry_auto_new/install/predictor/lib:/home/guo/ITL_sentry_auto_new/install/solver/lib:/home/guo/ITL_sentry_auto_new/install/motion_model/lib:/home/guo/ITL_sentry_auto_new/install/detected/lib:/home/guo/ITL_sentry_auto_new/install/utils/lib:/home/guo/ITL_sentry_auto_new/install/filter_lib/lib:/home/guo/ITL_sentry_auto_new/install/autoaim_msgs/lib:/usr/lib/x86_64-linux-gnu:/opt/ros/rolling/opt/rviz_ogre_vendor/lib:/opt/ros/rolling/lib/x86_64-linux-gnu:/opt/ros/rolling/lib:/opt/MVS/lib/64:/opt/MVS/lib/32:/usr/local/TensorRT.10.7.0.23/lib:/usr/lib/x86_64-linux-gnu:/usr/local/cuda/lib64:/opt/MVS/lib/64:/opt/MVS/lib/32:/opt/MVS/lib/64:/opt/MVS/lib/32 PYTHONPATH=/home/guo/ITL_sentry_auto_new/install/autoaim_msgs/lib/python3.10/site-packages:${PYTHONPATH} /usr/local/bin/cmake /home/guo/ITL_sentry_auto_new/src/core/planner -DCMAKE_INSTALL_PREFIX=/home/guo/ITL_sentry_auto_new/install/planner
[0.084s] -- The C compiler identification is GNU 11.4.0
[0.132s] -- The CXX compiler identification is GNU 11.4.0
[0.154s] -- Detecting C compiler ABI info
[0.218s] -- Detecting C compiler ABI info - done
[0.234s] -- Check for working C compiler: /usr/bin/cc - skipped
[0.235s] -- Detecting C compile features
[0.235s] -- Detecting C compile features - done
[0.246s] -- Detecting CXX compiler ABI info
[0.312s] -- Detecting CXX compiler ABI info - done
[0.322s] -- Check for working CXX compiler: /usr/bin/c++ - skipped
[0.322s] -- Detecting CXX compile features
[0.322s] -- Detecting CXX compile features - done
[0.333s] -- Found ament_cmake: 2.3.2 (/opt/ros/rolling/share/ament_cmake/cmake)
[0.701s] -- Found Python3: /usr/bin/python3.10 (found version "3.10.12") found components: Interpreter 
[0.788s] -- Found utils: 1.0.0 (/home/guo/ITL_sentry_auto_new/install/utils/share/utils/cmake)
[0.862s] -- Found rosidl_generator_c: 4.5.1 (/opt/ros/rolling/share/rosidl_generator_c/cmake)
[0.876s] -- Found rosidl_generator_cpp: 4.5.1 (/opt/ros/rolling/share/rosidl_generator_cpp/cmake)
[0.899s] -- Using all available rosidl_typesupport_c: rosidl_typesupport_fastrtps_c;rosidl_typesupport_introspection_c
[0.922s] -- Using all available rosidl_typesupport_cpp: rosidl_typesupport_fastrtps_cpp;rosidl_typesupport_introspection_cpp
[1.083s] -- Found rmw_implementation_cmake: 7.3.0 (/opt/ros/rolling/share/rmw_implementation_cmake/cmake)
[1.085s] -- Found rmw_fastrtps_cpp: 8.2.0 (/opt/ros/rolling/share/rmw_fastrtps_cpp/cmake)
[1.170s] -- Found OpenSSL: /usr/lib/x86_64-linux-gnu/libcrypto.so (found version "3.0.2")  
[1.195s] -- Found FastRTPS: /opt/ros/rolling/include  
[1.232s] -- Using RMW implementation 'rmw_fastrtps_cpp' as default
[1.464s] -- Found predictor: 1.0.0 (/home/guo/ITL_sentry_auto_new/install/predictor/share/predictor/cmake)
[1.839s] -- Found eigen3_cmake_module: 0.3.0 (/opt/ros/rolling/share/eigen3_cmake_module/cmake)
[1.841s] -- Found Eigen3: TRUE (found version "3.4.0") 
[1.841s] -- Ensuring Eigen3 include directory is part of orocos-kdl CMake target
[2.513s] -- Performing Test CMAKE_HAVE_LIBC_PTHREAD
[2.565s] -- Performing Test CMAKE_HAVE_LIBC_PTHREAD - Success
[2.566s] -- Found Threads: TRUE  
[2.868s] -- Found AMD headers in: /usr/include/suitesparse
[2.871s] -- Found AMD library: /usr/lib/x86_64-linux-gnu/libamd.so
[2.872s] -- Found CAMD headers in: /usr/include/suitesparse
[2.873s] -- Found CAMD library: /usr/lib/x86_64-linux-gnu/libcamd.so
[2.873s] -- Found CCOLAMD headers in: /usr/include/suitesparse
[2.875s] -- Found CCOLAMD library: /usr/lib/x86_64-linux-gnu/libccolamd.so
[2.876s] -- Found CHOLMOD headers in: /usr/include/suitesparse
[2.876s] -- Found CHOLMOD library: /usr/lib/x86_64-linux-gnu/libcholmod.so
[2.877s] -- Found COLAMD headers in: /usr/include/suitesparse
[2.877s] -- Found COLAMD library: /usr/lib/x86_64-linux-gnu/libcolamd.so
[2.878s] -- Found SPQR headers in: /usr/include/suitesparse
[2.879s] -- Found SPQR library: /usr/lib/x86_64-linux-gnu/libspqr.so
[2.879s] -- Found Config headers in: /usr/include/suitesparse
[2.880s] -- Found Config library: /usr/lib/x86_64-linux-gnu/libsuitesparseconfig.so
[2.882s] -- Found Intel Thread Building Blocks (TBB) library (2021.5 / ) include location: . Assuming SuiteSparseQR was compiled with TBB.
[2.882s] -- Looking for shm_open in rt
[2.930s] -- Looking for shm_open in rt - found
[2.930s] -- Adding librt to SuiteSparse_config libraries (required on Linux & Unix [not OSX] if SuiteSparse is compiled with timing).
[2.935s] -- Could NOT find METIS (missing: METIS_INCLUDE_DIR METIS_LIBRARY) 
[3.193s] -- Found ament_lint_auto: 0.16.3 (/opt/ros/rolling/share/ament_lint_auto/cmake)
[3.257s] -- Added test 'copyright' to check source files copyright and LICENSE
[3.258s] -- Added test 'cppcheck' to perform static code analysis on C / C++ code
[3.258s] -- Configured cppcheck include dirs: $<BUILD_INTERFACE:/home/guo/ITL_sentry_auto_new/src/core/planner/include>;/home/guo/ITL_sentry_auto_new/src/core/planner/tinympc/include
[3.258s] -- Configured cppcheck exclude dirs and/or files: 
[3.259s] -- Added test 'cpplint' to check C / C++ code against the Google style
[3.259s] -- Configured cpplint exclude dirs and/or files: 
[3.260s] -- Added test 'lint_cmake' to check CMake code style
[3.261s] -- Added test 'uncrustify' to check C / C++ code style
[3.261s] -- Configured uncrustify additional arguments: 
[3.262s] -- Added test 'xmllint' to check XML markup files
[3.265s] -- Configuring done (3.2s)
[3.289s] -- Generating done (0.0s)
[3.293s] -- Build files have been written to: /home/guo/ITL_sentry_auto_new/build/planner
[3.302s] Invoked command in '/home/guo/ITL_sentry_auto_new/build/planner' returned '0': AMENT_PREFIX_PATH=/home/guo/ITL_sentry_auto_new/install/predictor:/home/guo/ITL_sentry_auto_new/install/solver:/home/guo/ITL_sentry_auto_new/install/motion_model:/home/guo/ITL_sentry_auto_new/install/detected:/home/guo/ITL_sentry_auto_new/install/utils:/home/guo/ITL_sentry_auto_new/install/filter_lib:/home/guo/ITL_sentry_auto_new/install/autoaim_msgs:${AMENT_PREFIX_PATH} CMAKE_PREFIX_PATH=/home/guo/ITL_sentry_auto_new/install/predictor:/home/guo/ITL_sentry_auto_new/install/solver:/home/guo/ITL_sentry_auto_new/install/motion_model:/home/guo/ITL_sentry_auto_new/install/detected:/home/guo/ITL_sentry_auto_new/install/utils:/home/guo/ITL_sentry_auto_new/install/filter_lib:/home/guo/ITL_sentry_auto_new/install/autoaim_msgs:/opt/ros/rolling LD_LIBRARY_PATH=/home/guo/ITL_sentry_auto_new/install/predictor/lib:/home/guo/ITL_sentry_auto_new/install/solver/lib:/home/guo/ITL_sentry_auto_new/install/motion_model/lib:/home/guo/ITL_sentry_auto_new/install/detected/lib:/home/guo/ITL_sentry_auto_new/install/utils/lib:/home/guo/ITL_sentry_auto_new/install/filter_lib/lib:/home/guo/ITL_sentry_auto_new/install/autoaim_msgs/lib:/usr/lib/x86_64-linux-gnu:/opt/ros/rolling/opt/rviz_ogre_vendor/lib:/opt/ros/rolling/lib/x86_64-linux-gnu:/opt/ros/rolling/lib:/opt/MVS/lib/64:/opt/MVS/lib/32:/usr/local/TensorRT.10.7.0.23/lib:/usr/lib/x86_64-linux-gnu:/usr/local/cuda/lib64:/opt/MVS/lib/64:/opt/MVS/lib/32:/opt/MVS/lib/64:/opt/MVS/lib/32 PYTHONPATH=/home/guo/ITL_sentry_auto_new/install/autoaim_msgs/lib/python3.10/site-packages:${PYTHONPATH} /usr/local/bin/cmake /home/guo/ITL_sentry_auto_new/src/core/planner -DCMAKE_INSTALL_PREFIX=/home/guo/ITL_sentry_auto_new/install/planner
[3.304s] Invoking command in '/home/guo/ITL_sentry_auto_new/build/planner': AMENT_PREFIX_PATH=/home/guo/ITL_sentry_auto_new/install/predictor:/home/guo/ITL_sentry_auto_new/install/solver:/home/guo/ITL_sentry_auto_new/install/motion_model:/home/guo/ITL_sentry_auto_new/install/detected:/home/guo/ITL_sentry_auto_new/install/utils:/home/guo/ITL_sentry_auto_new/install/filter_lib:/home/guo/ITL_sentry_auto_new/install/autoaim_msgs:${AMENT_PREFIX_PATH} CMAKE_PREFIX_PATH=/home/guo/ITL_sentry_auto_new/install/predictor:/home/guo/ITL_sentry_auto_new/install/solver:/home/guo/ITL_sentry_auto_new/install/motion_model:/home/guo/ITL_sentry_auto_new/install/detected:/home/guo/ITL_sentry_auto_new/install/utils:/home/guo/ITL_sentry_auto_new/install/filter_lib:/home/guo/ITL_sentry_auto_new/install/autoaim_msgs:/opt/ros/rolling LD_LIBRARY_PATH=/home/guo/ITL_sentry_auto_new/install/predictor/lib:/home/guo/ITL_sentry_auto_new/install/solver/lib:/home/guo/ITL_sentry_auto_new/install/motion_model/lib:/home/guo/ITL_sentry_auto_new/install/detected/lib:/home/guo/ITL_sentry_auto_new/install/utils/lib:/home/guo/ITL_sentry_auto_new/install/filter_lib/lib:/home/guo/ITL_sentry_auto_new/install/autoaim_msgs/lib:/usr/lib/x86_64-linux-gnu:/opt/ros/rolling/opt/rviz_ogre_vendor/lib:/opt/ros/rolling/lib/x86_64-linux-gnu:/opt/ros/rolling/lib:/opt/MVS/lib/64:/opt/MVS/lib/32:/usr/local/TensorRT.10.7.0.23/lib:/usr/lib/x86_64-linux-gnu:/usr/local/cuda/lib64:/opt/MVS/lib/64:/opt/MVS/lib/32:/opt/MVS/lib/64:/opt/MVS/lib/32 PYTHONPATH=/home/guo/ITL_sentry_auto_new/install/autoaim_msgs/lib/python3.10/site-packages:${PYTHONPATH} /usr/local/bin/cmake --build /home/guo/ITL_sentry_auto_new/build/planner -- -j24 -l24
[3.326s] [ 20%] [32mBuilding CXX object CMakeFiles/planner.dir/src/planner.cpp.o[0m
[3.326s] [ 60%] [32mBuilding CXX object CMakeFiles/planner.dir/tinympc/src/tiny_api.cpp.o[0m
[3.326s] [ 60%] [32mBuilding CXX object CMakeFiles/planner.dir/tinympc/src/codegen.cpp.o[0m
[3.327s] [ 80%] [32mBuilding CXX object CMakeFiles/planner.dir/tinympc/src/rho_benchmark.cpp.o[0m
[5.413s] In file included from [01m[K/home/guo/ITL_sentry_auto_new/src/core/planner/src/planner.cpp:1[m[K:
[5.413s] [01m[K/home/guo/ITL_sentry_auto_new/src/core/planner/include/planner.hpp:17:14:[m[K [01;31m[Kerror: [m[K‚Äò[01m[KTrajectory[m[K‚Äô has not been declared in ‚Äò[01m[Kutils[m[K‚Äô
[5.413s]    17 | using utils::[01;31m[KTrajectory[m[K = Eigen::Matrix<double, 4, HORIZON>;  // yaw, yaw_vel, pitch, pitch_vel
[5.413s]       |              [01;31m[K^~~~~~~~~~[m[K
[5.413s] [01m[K/home/guo/ITL_sentry_auto_new/src/core/planner/include/planner.hpp:17:24:[m[K [01;31m[Kerror: [m[Kexpected ‚Äò[01m[K;[m[K‚Äô before ‚Äò[01m[K=[m[K‚Äô token
[5.413s]    17 | using utils::Trajectory[01;31m[K [m[K[32m[K=[m[K Eigen::Matrix<double, 4, HORIZON>;  // yaw, yaw_vel, pitch, pitch_vel
[5.413s]       |                        [01;31m[K^[m[K[32m[K~[m[K
[5.413s]       |                        [32m[K;[m[K
[5.414s] [01m[K/home/guo/ITL_sentry_auto_new/src/core/planner/include/planner.hpp:17:25:[m[K [01;31m[Kerror: [m[Kexpected unqualified-id before ‚Äò[01m[K=[m[K‚Äô token
[5.414s]    17 | using utils::Trajectory [01;31m[K=[m[K Eigen::Matrix<double, 4, HORIZON>;  // yaw, yaw_vel, pitch, pitch_vel
[5.414s]       |                         [01;31m[K^[m[K
[5.414s] [01m[K/home/guo/ITL_sentry_auto_new/src/core/planner/include/planner.hpp:55:10:[m[K [01;31m[Kerror: [m[K‚Äò[01m[KTrajectory[m[K‚Äô in namespace ‚Äò[01m[Kutils[m[K‚Äô does not name a type
[5.414s]    55 |   utils::[01;31m[KTrajectory[m[K get_trajectory(predict::Target & target, double yaw0, double bullet_speed);
[5.414s]       |          [01;31m[K^~~~~~~~~~[m[K
[5.523s] [01m[K/home/guo/ITL_sentry_auto_new/src/core/planner/src/planner.cpp:[m[K In member function ‚Äò[01m[Kplan::Plan plan::Planner::plan(predict::Target, double)[m[K‚Äô:
[5.523s] [01m[K/home/guo/ITL_sentry_auto_new/src/core/planner/src/planner.cpp:49:3:[m[K [01;31m[Kerror: [m[K‚Äò[01m[KTrajectory[m[K‚Äô was not declared in this scope; did you mean ‚Äò[01m[Kutils::Trajectory[m[K‚Äô?
[5.523s]    49 |   [01;31m[KTrajectory[m[K traj;
[5.523s]       |   [01;31m[K^~~~~~~~~~[m[K
[5.523s]       |   [32m[Kutils::Trajectory[m[K
[5.523s] In file included from [01m[K/home/guo/ITL_sentry_auto_new/src/core/planner/src/planner.cpp:6[m[K:
[5.523s] [01m[K/home/guo/ITL_sentry_auto_new/install/utils/include/trajectory.hpp:6:8:[m[K [01;36m[Knote: [m[K‚Äò[01m[Kutils::Trajectory[m[K‚Äô declared here
[5.523s]     6 | struct [01;36m[KTrajectory[m[K
[5.523s]       |        [01;36m[K^~~~~~~~~~[m[K
[5.536s] [01m[K/home/guo/ITL_sentry_auto_new/src/core/planner/src/planner.cpp:52:5:[m[K [01;31m[Kerror: [m[K‚Äò[01m[Ktraj[m[K‚Äô was not declared in this scope
[5.536s]    52 |     [01;31m[Ktraj[m[K = get_trajectory(target, yaw0, bullet_speed);
[5.536s]       |     [01;31m[K^~~~[m[K
[5.543s] [01m[K/home/guo/ITL_sentry_auto_new/src/core/planner/src/planner.cpp:52:12:[m[K [01;31m[Kerror: [m[K‚Äò[01m[Kget_trajectory[m[K‚Äô was not declared in this scope
[5.543s]    52 |     traj = [01;31m[Kget_trajectory[m[K(target, yaw0, bullet_speed);
[5.543s]       |            [01;31m[K^~~~~~~~~~~~~~[m[K
[5.543s] [01m[K/home/guo/ITL_sentry_auto_new/src/core/planner/src/planner.cpp:55:18:[m[K [01;35m[Kwarning: [m[Kmissing initializer for member ‚Äò[01m[Kplan::Plan::fire[m[K‚Äô [[01;35m[K]8;;https://gcc.gnu.org/onlinedocs/gcc/Warning-Options.html#index-Wmissing-field-initializers-Wmissing-field-initializers]8;;[m[K]
[5.543s]    55 |     return {false[01;35m[K}[m[K;
[5.543s]       |                  [01;35m[K^[m[K
[5.543s] [01m[K/home/guo/ITL_sentry_auto_new/src/core/planner/src/planner.cpp:55:18:[m[K [01;35m[Kwarning: [m[Kmissing initializer for member ‚Äò[01m[Kplan::Plan::target_yaw[m[K‚Äô [[01;35m[K]8;;https://gcc.gnu.org/onlinedocs/gcc/Warning-Options.html#index-Wmissing-field-initializers-Wmissing-field-initializers]8;;[m[K]
[5.544s] [01m[K/home/guo/ITL_sentry_auto_new/src/core/planner/src/planner.cpp:55:18:[m[K [01;35m[Kwarning: [m[Kmissing initializer for member ‚Äò[01m[Kplan::Plan::target_pitch[m[K‚Äô [[01;35m[K]8;;https://gcc.gnu.org/onlinedocs/gcc/Warning-Options.html#index-Wmissing-field-initializers-Wmissing-field-initializers]8;;[m[K]
[5.544s] [01m[K/home/guo/ITL_sentry_auto_new/src/core/planner/src/planner.cpp:55:18:[m[K [01;35m[Kwarning: [m[Kmissing initializer for member ‚Äò[01m[Kplan::Plan::yaw[m[K‚Äô [[01;35m[K]8;;https://gcc.gnu.org/onlinedocs/gcc/Warning-Options.html#index-Wmissing-field-initializers-Wmissing-field-initializers]8;;[m[K]
[5.544s] [01m[K/home/guo/ITL_sentry_auto_new/src/core/planner/src/planner.cpp:55:18:[m[K [01;35m[Kwarning: [m[Kmissing initializer for member ‚Äò[01m[Kplan::Plan::yaw_vel[m[K‚Äô [[01;35m[K]8;;https://gcc.gnu.org/onlinedocs/gcc/Warning-Options.html#index-Wmissing-field-initializers-Wmissing-field-initializers]8;;[m[K]
[5.544s] [01m[K/home/guo/ITL_sentry_auto_new/src/core/planner/src/planner.cpp:55:18:[m[K [01;35m[Kwarning: [m[Kmissing initializer for member ‚Äò[01m[Kplan::Plan::yaw_acc[m[K‚Äô [[01;35m[K]8;;https://gcc.gnu.org/onlinedocs/gcc/Warning-Options.html#index-Wmissing-field-initializers-Wmissing-field-initializers]8;;[m[K]
[5.544s] [01m[K/home/guo/ITL_sentry_auto_new/src/core/planner/src/planner.cpp:55:18:[m[K [01;35m[Kwarning: [m[Kmissing initializer for member ‚Äò[01m[Kplan::Plan::pitch[m[K‚Äô [[01;35m[K]8;;https://gcc.gnu.org/onlinedocs/gcc/Warning-Options.html#index-Wmissing-field-initializers-Wmissing-field-initializers]8;;[m[K]
[5.544s] [01m[K/home/guo/ITL_sentry_auto_new/src/core/planner/src/planner.cpp:55:18:[m[K [01;35m[Kwarning: [m[Kmissing initializer for member ‚Äò[01m[Kplan::Plan::pitch_vel[m[K‚Äô [[01;35m[K]8;;https://gcc.gnu.org/onlinedocs/gcc/Warning-Options.html#index-Wmissing-field-initializers-Wmissing-field-initializers]8;;[m[K]
[5.544s] [01m[K/home/guo/ITL_sentry_auto_new/src/core/planner/src/planner.cpp:55:18:[m[K [01;35m[Kwarning: [m[Kmissing initializer for member ‚Äò[01m[Kplan::Plan::pitch_acc[m[K‚Äô [[01;35m[K]8;;https://gcc.gnu.org/onlinedocs/gcc/Warning-Options.html#index-Wmissing-field-initializers-Wmissing-field-initializers]8;;[m[K]
[5.548s] [01m[K/home/guo/ITL_sentry_auto_new/src/core/planner/src/planner.cpp:60:9:[m[K [01;31m[Kerror: [m[K‚Äò[01m[Ktraj[m[K‚Äô was not declared in this scope
[5.548s]    60 |   x0 << [01;31m[Ktraj[m[K(0, 0), traj(1, 0);
[5.548s]       |         [01;31m[K^~~~[m[K
[5.554s] [01m[K/home/guo/ITL_sentry_auto_new/src/core/planner/src/planner.cpp:[m[K In member function ‚Äò[01m[Kplan::Plan plan::Planner::plan(std::optional<predict::Target>, double)[m[K‚Äô:
[5.554s] [01m[K/home/guo/ITL_sentry_auto_new/src/core/planner/src/planner.cpp:98:41:[m[K [01;35m[Kwarning: [m[Kmissing initializer for member ‚Äò[01m[Kplan::Plan::fire[m[K‚Äô [[01;35m[K]8;;https://gcc.gnu.org/onlinedocs/gcc/Warning-Options.html#index-Wmissing-field-initializers-Wmissing-field-initializers]8;;[m[K]
[5.554s]    98 |   if (!target.has_value()) return {false[01;35m[K}[m[K;
[5.554s]       |                                         [01;35m[K^[m[K
[5.554s] [01m[K/home/guo/ITL_sentry_auto_new/src/core/planner/src/planner.cpp:98:41:[m[K [01;35m[Kwarning: [m[Kmissing initializer for member ‚Äò[01m[Kplan::Plan::target_yaw[m[K‚Äô [[01;35m[K]8;;https://gcc.gnu.org/onlinedocs/gcc/Warning-Options.html#index-Wmissing-field-initializers-Wmissing-field-initializers]8;;[m[K]
[5.554s] [01m[K/home/guo/ITL_sentry_auto_new/src/core/planner/src/planner.cpp:98:41:[m[K [01;35m[Kwarning: [m[Kmissing initializer for member ‚Äò[01m[Kplan::Plan::target_pitch[m[K‚Äô [[01;35m[K]8;;https://gcc.gnu.org/onlinedocs/gcc/Warning-Options.html#index-Wmissing-field-initializers-Wmissing-field-initializers]8;;[m[K]
[5.554s] [01m[K/home/guo/ITL_sentry_auto_new/src/core/planner/src/planner.cpp:98:41:[m[K [01;35m[Kwarning: [m[Kmissing initializer for member ‚Äò[01m[Kplan::Plan::yaw[m[K‚Äô [[01;35m[K]8;;https://gcc.gnu.org/onlinedocs/gcc/Warning-Options.html#index-Wmissing-field-initializers-Wmissing-field-initializers]8;;[m[K]
[5.554s] [01m[K/home/guo/ITL_sentry_auto_new/src/core/planner/src/planner.cpp:98:41:[m[K [01;35m[Kwarning: [m[Kmissing initializer for member ‚Äò[01m[Kplan::Plan::yaw_vel[m[K‚Äô [[01;35m[K]8;;https://gcc.gnu.org/onlinedocs/gcc/Warning-Options.html#index-Wmissing-field-initializers-Wmissing-field-initializers]8;;[m[K]
[5.554s] [01m[K/home/guo/ITL_sentry_auto_new/src/core/planner/src/planner.cpp:98:41:[m[K [01;35m[Kwarning: [m[Kmissing initializer for member ‚Äò[01m[Kplan::Plan::yaw_acc[m[K‚Äô [[01;35m[K]8;;https://gcc.gnu.org/onlinedocs/gcc/Warning-Options.html#index-Wmissing-field-initializers-Wmissing-field-initializers]8;;[m[K]
[5.554s] [01m[K/home/guo/ITL_sentry_auto_new/src/core/planner/src/planner.cpp:98:41:[m[K [01;35m[Kwarning: [m[Kmissing initializer for member ‚Äò[01m[Kplan::Plan::pitch[m[K‚Äô [[01;35m[K]8;;https://gcc.gnu.org/onlinedocs/gcc/Warning-Options.html#index-Wmissing-field-initializers-Wmissing-field-initializers]8;;[m[K]
[5.554s] [01m[K/home/guo/ITL_sentry_auto_new/src/core/planner/src/planner.cpp:98:41:[m[K [01;35m[Kwarning: [m[Kmissing initializer for member ‚Äò[01m[Kplan::Plan::pitch_vel[m[K‚Äô [[01;35m[K]8;;https://gcc.gnu.org/onlinedocs/gcc/Warning-Options.html#index-Wmissing-field-initializers-Wmissing-field-initializers]8;;[m[K]
[5.554s] [01m[K/home/guo/ITL_sentry_auto_new/src/core/planner/src/planner.cpp:98:41:[m[K [01;35m[Kwarning: [m[Kmissing initializer for member ‚Äò[01m[Kplan::Plan::pitch_acc[m[K‚Äô [[01;35m[K]8;;https://gcc.gnu.org/onlinedocs/gcc/Warning-Options.html#index-Wmissing-field-initializers-Wmissing-field-initializers]8;;[m[K]
[5.574s] [01m[K/home/guo/ITL_sentry_auto_new/src/core/planner/src/planner.cpp:[m[K At global scope:
[5.574s] [01m[K/home/guo/ITL_sentry_auto_new/src/core/planner/src/planner.cpp:156:48:[m[K [01;31m[Kerror: [m[K‚Äò[01m[KTarget[m[K‚Äô does not name a type
[5.574s]   156 | Eigen::Matrix<double, 2, 1> Planner::aim(const [01;31m[KTarget[m[K & target, double bullet_speed)
[5.574s]       |                                                [01;31m[K^~~~~~[m[K
[5.574s] [01m[K/home/guo/ITL_sentry_auto_new/src/core/planner/src/planner.cpp:156:29:[m[K [01;31m[Kerror: [m[Kno declaration matches ‚Äò[01m[KEigen::Matrix<double, 2, 1> plan::Planner::aim(const int&, double)[m[K‚Äô
[5.574s]   156 | Eigen::Matrix<double, 2, 1> [01;31m[KPlanner[m[K::aim(const Target & target, double bullet_speed)
[5.574s]       |                             [01;31m[K^~~~~~~[m[K
[5.574s] In file included from [01m[K/home/guo/ITL_sentry_auto_new/src/core/planner/src/planner.cpp:1[m[K:
[5.574s] [01m[K/home/guo/ITL_sentry_auto_new/src/core/planner/include/planner.hpp:54:31:[m[K [01;36m[Knote: [m[Kcandidate is: ‚Äò[01m[KEigen::Matrix<double, 2, 1> plan::Planner::aim(const predict::Target&, double)[m[K‚Äô
[5.574s]    54 |   Eigen::Matrix<double, 2, 1> [01;36m[Kaim[m[K(const predict::Target & target, double bullet_speed);
[5.574s]       |                               [01;36m[K^~~[m[K
[5.574s] [01m[K/home/guo/ITL_sentry_auto_new/src/core/planner/include/planner.hpp:33:7:[m[K [01;36m[Knote: [m[K‚Äò[01m[Kclass plan::Planner[m[K‚Äô defined here
[5.574s]    33 | class [01;36m[KPlanner[m[K
[5.574s]       |       [01;36m[K^~~~~~~[m[K
[5.576s] [01m[K/home/guo/ITL_sentry_auto_new/src/core/planner/src/planner.cpp:179:1:[m[K [01;31m[Kerror: [m[K‚Äò[01m[KTrajectory[m[K‚Äô does not name a type
[5.576s]   179 | [01;31m[KTrajectory[m[K Planner::get_trajectory(predict::arget & target, double yaw0, double bullet_speed)
[5.576s]       | [01;31m[K^~~~~~~~~~[m[K
[7.309s] gmake[2]: *** [CMakeFiles/planner.dir/build.make:76ÔºöCMakeFiles/planner.dir/src/planner.cpp.o] ÈîôËØØ 1
[7.309s] gmake[2]: *** Ê≠£Âú®Á≠âÂæÖÊú™ÂÆåÊàêÁöÑ‰ªªÂä°....
[9.905s] gmake[1]: *** [CMakeFiles/Makefile2:137ÔºöCMakeFiles/planner.dir/all] ÈîôËØØ 2
[9.905s] gmake: *** [Makefile:146Ôºöall] ÈîôËØØ 2
[9.907s] Invoked command in '/home/guo/ITL_sentry_auto_new/build/planner' returned '2': AMENT_PREFIX_PATH=/home/guo/ITL_sentry_auto_new/install/predictor:/home/guo/ITL_sentry_auto_new/install/solver:/home/guo/ITL_sentry_auto_new/install/motion_model:/home/guo/ITL_sentry_auto_new/install/detected:/home/guo/ITL_sentry_auto_new/install/utils:/home/guo/ITL_sentry_auto_new/install/filter_lib:/home/guo/ITL_sentry_auto_new/install/autoaim_msgs:${AMENT_PREFIX_PATH} CMAKE_PREFIX_PATH=/home/guo/ITL_sentry_auto_new/install/predictor:/home/guo/ITL_sentry_auto_new/install/solver:/home/guo/ITL_sentry_auto_new/install/motion_model:/home/guo/ITL_sentry_auto_new/install/detected:/home/guo/ITL_sentry_auto_new/install/utils:/home/guo/ITL_sentry_auto_new/install/filter_lib:/home/guo/ITL_sentry_auto_new/install/autoaim_msgs:/opt/ros/rolling LD_LIBRARY_PATH=/home/guo/ITL_sentry_auto_new/install/predictor/lib:/home/guo/ITL_sentry_auto_new/install/solver/lib:/home/guo/ITL_sentry_auto_new/install/motion_model/lib:/home/guo/ITL_sentry_auto_new/install/detected/lib:/home/guo/ITL_sentry_auto_new/install/utils/lib:/home/guo/ITL_sentry_auto_new/install/filter_lib/lib:/home/guo/ITL_sentry_auto_new/install/autoaim_msgs/lib:/usr/lib/x86_64-linux-gnu:/opt/ros/rolling/opt/rviz_ogre_vendor/lib:/opt/ros/rolling/lib/x86_64-linux-gnu:/opt/ros/rolling/lib:/opt/MVS/lib/64:/opt/MVS/lib/32:/usr/local/TensorRT.10.7.0.23/lib:/usr/lib/x86_64-linux-gnu:/usr/local/cuda/lib64:/opt/MVS/lib/64:/opt/MVS/lib/32:/opt/MVS/lib/64:/opt/MVS/lib/32 PYTHONPATH=/home/guo/ITL_sentry_auto_new/install/autoaim_msgs/lib/python3.10/site-packages:${PYTHONPATH} /usr/local/bin/cmake --build /home/guo/ITL_sentry_auto_new/build/planner -- -j24 -l24
