In file included from [01m[K/home/guo/ITL_sentry_auto_new/src/core/solver/src/solver_node.cpp:1[m[K:
[01m[K/home/guo/ITL_sentry_auto_new/src/core/solver/include/solver_node.hpp:18:16:[m[K [01;31m[Kerror: [m[Kâ€˜[01m[Karmor_auto_aom[m[Kâ€™ does not name a type
   18 | using Armors = [01;31m[Karmor_auto_aom[m[K::Armor;
      |                [01;31m[K^~~~~~~~~~~~~~[m[K
[01m[K/home/guo/ITL_sentry_auto_new/src/core/solver/include/solver_node.hpp:27:29:[m[K [01;31m[Kerror: [m[Kâ€˜[01m[KArmors[m[Kâ€™ has not been declared
   27 |     Armor_pose processArmor([01;31m[KArmors[m[K armor, double timestamp);
      |                             [01;31m[K^~~~~~[m[K
[01m[K/home/guo/ITL_sentry_auto_new/src/core/solver/src/solver_node.cpp:25:12:[m[K [01;31m[Kerror: [m[Kâ€˜[01m[Ksolver::Armor_pose solver::Solver::processArmor[m[Kâ€™ is not a static data member of â€˜[01m[Kclass solver::Solver[m[Kâ€™
   25 | Armor_pose [01;31m[KSolver[m[K::processArmor(Armors armor,
      |            [01;31m[K^~~~~~[m[K
[01m[K/home/guo/ITL_sentry_auto_new/src/core/solver/src/solver_node.cpp:25:33:[m[K [01;31m[Kerror: [m[Kâ€˜[01m[KArmors[m[Kâ€™ was not declared in this scope
   25 | Armor_pose Solver::processArmor([01;31m[KArmors[m[K armor,
      |                                 [01;31m[K^~~~~~[m[K
[01m[K/home/guo/ITL_sentry_auto_new/src/core/solver/src/solver_node.cpp:26:32:[m[K [01;31m[Kerror: [m[Kexpected primary-expression before â€˜[01m[Kdouble[m[Kâ€™
   26 |                                [01;31m[Kdouble[m[K timestamp) {
      |                                [01;31m[K^~~~~~[m[K
[01m[K/home/guo/ITL_sentry_auto_new/src/core/solver/src/solver_node.cpp:26:50:[m[K [01;31m[Kerror: [m[Kexpected â€˜[01m[K,[m[Kâ€™ or â€˜[01m[K;[m[Kâ€™ before â€˜[01m[K{[m[Kâ€™ token
   26 |                                double timestamp) [01;31m[K{[m[K
      |                                                  [01;31m[K^[m[K
gmake[2]: *** [CMakeFiles/solver_interface.dir/build.make:76ï¼šCMakeFiles/solver_interface.dir/src/solver_node.cpp.o] é”™è¯¯ 1
gmake[1]: *** [CMakeFiles/Makefile2:252ï¼šCMakeFiles/solver_interface.dir/all] é”™è¯¯ 2
gmake: *** [Makefile:146ï¼šall] é”™è¯¯ 2
