[0.015s] Invoking command in '/home/guo/ITL_sentry_auto_new/build/solver': CMAKE_PREFIX_PATH=/home/guo/ITL_sentry_auto_new/install/detected:/home/guo/ITL_sentry_auto_new/install/utils:/home/guo/ITL_sentry_auto_new/install/autoaim_msgs:/home/guo/ITL_sentry_auto_new/install/tracker:/home/guo/ITL_sentry_auto_new/install/aimer:/home/guo/ITL_sentry_auto_new/install/predictor:/home/guo/ITL_sentry_auto_new/install/solver:/home/guo/ITL_sentry_auto_new/install/pipeline:/home/guo/ITL_sentry_auto_new/install/hikvision:/home/guo/ITL_sentry_auto_new/install/gimbal:/home/guo/ITL_sentry_auto_new/install/dm_imu:/home/guo/ITL_sentry_auto_new/install/cboard:/home/guo/ITL_sentry_auto_new/install/serial:/home/guo/ITL_sentry_auto_new/install/motion_model:/home/guo/ITL_sentry_auto_new/install/filter_lib:/home/guo/ITL_sentry_auto_new/install/armor_pointer:/opt/ros/rolling LD_LIBRARY_PATH=/home/guo/ITL_sentry_auto_new/install/detected/lib:/home/guo/ITL_sentry_auto_new/install/autoaim_msgs/lib:/home/guo/ITL_sentry_auto_new/install/tracker/lib:/home/guo/ITL_sentry_auto_new/install/aimer/lib:/home/guo/ITL_sentry_auto_new/install/predictor/lib:/home/guo/ITL_sentry_auto_new/install/solver/lib:/home/guo/ITL_sentry_auto_new/install/hikvision/lib:/home/guo/ITL_sentry_auto_new/install/gimbal/lib:/home/guo/ITL_sentry_auto_new/install/dm_imu/lib:/home/guo/ITL_sentry_auto_new/install/cboard/lib:/home/guo/ITL_sentry_auto_new/install/utils/lib:/home/guo/ITL_sentry_auto_new/install/serial/lib:/home/guo/ITL_sentry_auto_new/install/motion_model/lib:/home/guo/ITL_sentry_auto_new/install/filter_lib/lib:/home/guo/ITL_sentry_auto_new/install/armor_pointer/lib:/usr/lib/x86_64-linux-gnu:/opt/ros/rolling/opt/rviz_ogre_vendor/lib:/opt/ros/rolling/lib/x86_64-linux-gnu:/opt/ros/rolling/lib:/opt/MVS/lib/64:/opt/MVS/lib/32:/usr/local/TensorRT.10.7.0.23/lib:/usr/lib/x86_64-linux-gnu:/usr/local/cuda/lib64:/opt/MVS/lib/64:/opt/MVS/lib/32:/opt/MVS/lib/64:/opt/MVS/lib/32 /usr/local/bin/cmake --build /home/guo/ITL_sentry_auto_new/build/solver -- -j24 -l24
[0.063s] [ 10%] [32m[1mLinking CXX shared library libsolver_base.so[0m
[0.342s] [ 20%] Built target solver_base
[0.358s] [ 30%] [32m[1mLinking CXX shared library libcoord_converter.so[0m
[0.359s] [ 40%] [32m[1mLinking CXX shared library libpnp_solver_lib.so[0m
[0.361s] [ 50%] [32m[1mLinking CXX shared library libyaw_optimzier_lib.so[0m
[0.536s] [ 60%] Built target coord_converter
[0.560s] [ 70%] Built target pnp_solver_lib
[0.568s] [ 80%] Built target yaw_optimzier_lib
[0.586s] [ 90%] [32mBuilding CXX object CMakeFiles/solver_interface.dir/src/solver_node.cpp.o[0m
[2.350s] In file included from [01m[K/home/guo/ITL_sentry_auto_new/src/core/solver/src/solver_node.cpp:1[m[K:
[2.350s] [01m[K/home/guo/ITL_sentry_auto_new/src/core/solver/include/solver_node.hpp:18:16:[m[K [01;31m[Kerror: [m[Kâ€˜[01m[Karmor_auto_aom[m[Kâ€™ does not name a type
[2.350s]    18 | using Armors = [01;31m[Karmor_auto_aom[m[K::Armor;
[2.350s]       |                [01;31m[K^~~~~~~~~~~~~~[m[K
[2.350s] [01m[K/home/guo/ITL_sentry_auto_new/src/core/solver/include/solver_node.hpp:27:29:[m[K [01;31m[Kerror: [m[Kâ€˜[01m[KArmors[m[Kâ€™ has not been declared
[2.350s]    27 |     Armor_pose processArmor([01;31m[KArmors[m[K armor, double timestamp);
[2.350s]       |                             [01;31m[K^~~~~~[m[K
[3.635s] [01m[K/home/guo/ITL_sentry_auto_new/src/core/solver/src/solver_node.cpp:25:12:[m[K [01;31m[Kerror: [m[Kâ€˜[01m[Ksolver::Armor_pose solver::Solver::processArmor[m[Kâ€™ is not a static data member of â€˜[01m[Kclass solver::Solver[m[Kâ€™
[3.635s]    25 | Armor_pose [01;31m[KSolver[m[K::processArmor(Armors armor,
[3.635s]       |            [01;31m[K^~~~~~[m[K
[3.641s] [01m[K/home/guo/ITL_sentry_auto_new/src/core/solver/src/solver_node.cpp:25:33:[m[K [01;31m[Kerror: [m[Kâ€˜[01m[KArmors[m[Kâ€™ was not declared in this scope
[3.641s]    25 | Armor_pose Solver::processArmor([01;31m[KArmors[m[K armor,
[3.641s]       |                                 [01;31m[K^~~~~~[m[K
[3.641s] [01m[K/home/guo/ITL_sentry_auto_new/src/core/solver/src/solver_node.cpp:26:32:[m[K [01;31m[Kerror: [m[Kexpected primary-expression before â€˜[01m[Kdouble[m[Kâ€™
[3.641s]    26 |                                [01;31m[Kdouble[m[K timestamp) {
[3.641s]       |                                [01;31m[K^~~~~~[m[K
[3.641s] [01m[K/home/guo/ITL_sentry_auto_new/src/core/solver/src/solver_node.cpp:26:50:[m[K [01;31m[Kerror: [m[Kexpected â€˜[01m[K,[m[Kâ€™ or â€˜[01m[K;[m[Kâ€™ before â€˜[01m[K{[m[Kâ€™ token
[3.641s]    26 |                                double timestamp) [01;31m[K{[m[K
[3.641s]       |                                                  [01;31m[K^[m[K
[5.520s] gmake[2]: *** [CMakeFiles/solver_interface.dir/build.make:76ï¼šCMakeFiles/solver_interface.dir/src/solver_node.cpp.o] é”™è¯¯ 1
[5.520s] gmake[1]: *** [CMakeFiles/Makefile2:252ï¼šCMakeFiles/solver_interface.dir/all] é”™è¯¯ 2
[5.521s] gmake: *** [Makefile:146ï¼šall] é”™è¯¯ 2
[5.523s] Invoked command in '/home/guo/ITL_sentry_auto_new/build/solver' returned '2': CMAKE_PREFIX_PATH=/home/guo/ITL_sentry_auto_new/install/detected:/home/guo/ITL_sentry_auto_new/install/utils:/home/guo/ITL_sentry_auto_new/install/autoaim_msgs:/home/guo/ITL_sentry_auto_new/install/tracker:/home/guo/ITL_sentry_auto_new/install/aimer:/home/guo/ITL_sentry_auto_new/install/predictor:/home/guo/ITL_sentry_auto_new/install/solver:/home/guo/ITL_sentry_auto_new/install/pipeline:/home/guo/ITL_sentry_auto_new/install/hikvision:/home/guo/ITL_sentry_auto_new/install/gimbal:/home/guo/ITL_sentry_auto_new/install/dm_imu:/home/guo/ITL_sentry_auto_new/install/cboard:/home/guo/ITL_sentry_auto_new/install/serial:/home/guo/ITL_sentry_auto_new/install/motion_model:/home/guo/ITL_sentry_auto_new/install/filter_lib:/home/guo/ITL_sentry_auto_new/install/armor_pointer:/opt/ros/rolling LD_LIBRARY_PATH=/home/guo/ITL_sentry_auto_new/install/detected/lib:/home/guo/ITL_sentry_auto_new/install/autoaim_msgs/lib:/home/guo/ITL_sentry_auto_new/install/tracker/lib:/home/guo/ITL_sentry_auto_new/install/aimer/lib:/home/guo/ITL_sentry_auto_new/install/predictor/lib:/home/guo/ITL_sentry_auto_new/install/solver/lib:/home/guo/ITL_sentry_auto_new/install/hikvision/lib:/home/guo/ITL_sentry_auto_new/install/gimbal/lib:/home/guo/ITL_sentry_auto_new/install/dm_imu/lib:/home/guo/ITL_sentry_auto_new/install/cboard/lib:/home/guo/ITL_sentry_auto_new/install/utils/lib:/home/guo/ITL_sentry_auto_new/install/serial/lib:/home/guo/ITL_sentry_auto_new/install/motion_model/lib:/home/guo/ITL_sentry_auto_new/install/filter_lib/lib:/home/guo/ITL_sentry_auto_new/install/armor_pointer/lib:/usr/lib/x86_64-linux-gnu:/opt/ros/rolling/opt/rviz_ogre_vendor/lib:/opt/ros/rolling/lib/x86_64-linux-gnu:/opt/ros/rolling/lib:/opt/MVS/lib/64:/opt/MVS/lib/32:/usr/local/TensorRT.10.7.0.23/lib:/usr/lib/x86_64-linux-gnu:/usr/local/cuda/lib64:/opt/MVS/lib/64:/opt/MVS/lib/32:/opt/MVS/lib/64:/opt/MVS/lib/32 /usr/local/bin/cmake --build /home/guo/ITL_sentry_auto_new/build/solver -- -j24 -l24
