[ 50%] [32mBuilding CXX object CMakeFiles/pipeline_node.dir/src/test_node.cpp.o[0m
[01m[K/home/guo/ITL_sentry_auto_new/src/node/src/test_node.cpp:[m[K In member function â€˜[01m[Kint pipeline::PipelineApp::run()[m[Kâ€™:
[01m[K/home/guo/ITL_sentry_auto_new/src/node/src/test_node.cpp:102:7:[m[K [01;31m[Kerror: [m[Kâ€˜[01m[KQuaterniond[m[Kâ€™ was not declared in this scope; did you mean â€˜[01m[KEigen::Quaterniond[m[Kâ€™?
  102 |       [01;31m[KQuaterniond[m[K = dm_imu_->imu_at(timestamp);
      |       [01;31m[K^~~~~~~~~~~[m[K
      |       [32m[KEigen::Quaterniond[m[K
In file included from [01m[K/usr/include/eigen3/Eigen/Geometry:42[m[K,
                 from [01m[K/home/guo/ITL_sentry_auto_new/src/node/include/test_node.hpp:13[m[K,
                 from [01m[K/home/guo/ITL_sentry_auto_new/src/node/src/test_node.cpp:1[m[K:
[01m[K/usr/include/eigen3/Eigen/src/Geometry/Quaternion.h:366:28:[m[K [01;36m[Knote: [m[Kâ€˜[01m[KEigen::Quaterniond[m[Kâ€™ declared here
  366 | typedef Quaternion<double> [01;36m[KQuaterniond[m[K;
      |                            [01;36m[K^~~~~~~~~~~[m[K
[01m[K/home/guo/ITL_sentry_auto_new/src/node/src/test_node.cpp:[m[K In member function â€˜[01m[Kvoid pipeline::PipelineApp::visualization_loop()[m[Kâ€™:
[01m[K/home/guo/ITL_sentry_auto_new/src/node/src/test_node.cpp:212:23:[m[K [01;31m[Kerror: [m[Kâ€˜[01m[Kvisualize_results[m[Kâ€™ is not a member of â€˜[01m[Karmor_auto_aim[m[Kâ€™
  212 |       armor_auto_aim::[01;31m[Kvisualize_results[m[K(canvas, packet.reprojected_armors, visualization_center_point_, frame_index);
      |                       [01;31m[K^~~~~~~~~~~~~~~~~[m[K
gmake[2]: *** [CMakeFiles/pipeline_node.dir/build.make:76ï¼šCMakeFiles/pipeline_node.dir/src/test_node.cpp.o] é”™è¯¯ 1
gmake[1]: *** [CMakeFiles/Makefile2:137ï¼šCMakeFiles/pipeline_node.dir/all] é”™è¯¯ 2
gmake: *** [Makefile:146ï¼šall] é”™è¯¯ 2
