In file included from [01m[K/home/guo/ITL_sentry_auto_new/src/node/src/test_node.cpp:1[m[K:
[01m[K/home/guo/ITL_sentry_auto_new/src/node/include/test_node.hpp:67:19:[m[K [01;31m[Kerror: [m[Kâ€˜[01m[Kplan[m[Kâ€™ was not declared in this scope
   67 |   std::unique_ptr<[01;31m[Kplan[m[K::Planner> planner_;
      |                   [01;31m[K^~~~[m[K
[01m[K/home/guo/ITL_sentry_auto_new/src/node/include/test_node.hpp:67:32:[m[K [01;31m[Kerror: [m[Ktemplate argument 1 is invalid
   67 |   std::unique_ptr<plan::Planner[01;31m[K>[m[K planner_;
      |                                [01;31m[K^[m[K
[01m[K/home/guo/ITL_sentry_auto_new/src/node/include/test_node.hpp:67:32:[m[K [01;31m[Kerror: [m[Ktemplate argument 2 is invalid
[01m[K/home/guo/ITL_sentry_auto_new/src/node/include/test_node.hpp:69:66:[m[K [01;31m[Kerror: [m[Kexpected identifier before numeric constant
   69 |   utils::ThreadSafeQueue<DebugPacket, true> visualization_queue_([01;31m[K2[m[K);
      |                                                                  [01;31m[K^[m[K
[01m[K/home/guo/ITL_sentry_auto_new/src/node/include/test_node.hpp:69:66:[m[K [01;31m[Kerror: [m[Kexpected â€˜[01m[K,[m[Kâ€™ or â€˜[01m[K...[m[Kâ€™ before numeric constant
[01m[K/home/guo/ITL_sentry_auto_new/src/node/include/test_node.hpp:70:77:[m[K [01;31m[Kerror: [m[Kexpected identifier before numeric constant
   70 | ils::ThreadSafeQueue<std::optional<predict::Target>, true> target_queue([01;31m[K1[m[K);
      |                                                                         [01;31m[K^[m[K

[01m[K/home/guo/ITL_sentry_auto_new/src/node/include/test_node.hpp:70:77:[m[K [01;31m[Kerror: [m[Kexpected â€˜[01m[K,[m[Kâ€™ or â€˜[01m[K...[m[Kâ€™ before numeric constant
[01m[K/home/guo/ITL_sentry_auto_new/src/node/src/test_node.cpp:[m[K In member function â€˜[01m[Kint pipeline::PipelineApp::run()[m[Kâ€™:
[01m[K/home/guo/ITL_sentry_auto_new/src/node/src/test_node.cpp:117:7:[m[K [01;31m[Kerror: [m[Kâ€˜[01m[Karmor[m[Kâ€™ was not declared in this scope; did you mean â€˜[01m[KArmors[m[Kâ€™?
  117 |       [01;31m[Karmor[m[K.begin(), armor.end());
      |       [01;31m[K^~~~~[m[K
      |       [32m[KArmors[m[K
[01m[K/home/guo/ITL_sentry_auto_new/src/node/src/test_node.cpp:146:7:[m[K [01;31m[Kerror: [m[Kinvalid use of member function â€˜[01m[Kutils::ThreadSafeQueue<pipeline::DebugPacket, true> pipeline::PipelineApp::visualization_queue_(int)[m[Kâ€™ (did you forget the â€˜[01m[K()[m[Kâ€™ ?)
  146 |       [01;31m[Kvisualization_queue_[m[K.push(debug_packet);
      |       [01;31m[K^~~~~~~~~~~~~~~~~~~~[m[K
[01m[K/home/guo/ITL_sentry_auto_new/src/node/src/test_node.cpp:[m[K In member function â€˜[01m[Kvoid pipeline::PipelineApp::request_stop()[m[Kâ€™:
[01m[K/home/guo/ITL_sentry_auto_new/src/node/src/test_node.cpp:165:7:[m[K [01;31m[Kerror: [m[Kinvalid use of member function â€˜[01m[Kutils::ThreadSafeQueue<pipeline::DebugPacket, true> pipeline::PipelineApp::visualization_queue_(int)[m[Kâ€™ (did you forget the â€˜[01m[K()[m[Kâ€™ ?)
  165 |       [01;31m[Kvisualization_queue_[m[K.push(DebugPacket{});
      |       [01;31m[K^~~~~~~~~~~~~~~~~~~~[m[K
[01m[K/home/guo/ITL_sentry_auto_new/src/node/src/test_node.cpp:165:46:[m[K [01;31m[Kerror: [m[Kexpected primary-expression before â€˜[01m[K)[m[Kâ€™ token
  165 |       visualization_queue_.push(DebugPacket{}[01;31m[K)[m[K;
      |                                              [01;31m[K^[m[K
[01m[K/home/guo/ITL_sentry_auto_new/src/node/src/test_node.cpp:[m[K In member function â€˜[01m[Kvoid pipeline::PipelineApp::visualization_loop()[m[Kâ€™:
[01m[K/home/guo/ITL_sentry_auto_new/src/node/src/test_node.cpp:202:5:[m[K [01;31m[Kerror: [m[Kinvalid use of member function â€˜[01m[Kutils::ThreadSafeQueue<pipeline::DebugPacket, true> pipeline::PipelineApp::visualization_queue_(int)[m[Kâ€™ (did you forget the â€˜[01m[K()[m[Kâ€™ ?)
  202 |     [01;31m[Kvisualization_queue_[m[K.pop(packet);
      |     [01;31m[K^~~~~~~~~~~~~~~~~~~~[m[K
gmake[2]: *** [CMakeFiles/pipeline_node.dir/build.make:76ï¼šCMakeFiles/pipeline_node.dir/src/test_node.cpp.o] é”™è¯¯ 1
gmake[1]: *** [CMakeFiles/Makefile2:137ï¼šCMakeFiles/pipeline_node.dir/all] é”™è¯¯ 2
gmake: *** [Makefile:146ï¼šall] é”™è¯¯ 2
