[0.047s] Invoking command in '/home/guo/ITL_sentry_auto_new/build/pipeline': CMAKE_PREFIX_PATH=/home/guo/ITL_sentry_auto_new/install/tracker:/home/guo/ITL_sentry_auto_new/install/aimer:/home/guo/ITL_sentry_auto_new/install/predictor:/home/guo/ITL_sentry_auto_new/install/solver:/home/guo/ITL_sentry_auto_new/install/gimbal:/home/guo/ITL_sentry_auto_new/install/dm_imu:/home/guo/ITL_sentry_auto_new/install/serial:/home/guo/ITL_sentry_auto_new/install/motion_model:/home/guo/ITL_sentry_auto_new/install/hikvision:/home/guo/ITL_sentry_auto_new/install/detected:/home/guo/ITL_sentry_auto_new/install/cboard:/home/guo/ITL_sentry_auto_new/install/utils:/home/guo/ITL_sentry_auto_new/install/filter_lib:/home/guo/ITL_sentry_auto_new/install/autoaim_msgs:/home/guo/ITL_sentry_auto_new/install/pipeline:/home/guo/ITL_sentry_auto_new/install/planner:/home/guo/ITL_sentry_auto_new/install/armor_pointer:/opt/ros/rolling LD_LIBRARY_PATH=/home/guo/ITL_sentry_auto_new/install/aimer/lib:/home/guo/ITL_sentry_auto_new/install/predictor/lib:/home/guo/ITL_sentry_auto_new/install/solver/lib:/home/guo/ITL_sentry_auto_new/install/gimbal/lib:/home/guo/ITL_sentry_auto_new/install/dm_imu/lib:/home/guo/ITL_sentry_auto_new/install/serial/lib:/home/guo/ITL_sentry_auto_new/install/motion_model/lib:/home/guo/ITL_sentry_auto_new/install/hikvision/lib:/home/guo/ITL_sentry_auto_new/install/detected/lib:/home/guo/ITL_sentry_auto_new/install/cboard/lib:/home/guo/ITL_sentry_auto_new/install/autoaim_msgs/lib:/home/guo/ITL_sentry_auto_new/install/tracker/lib:/home/guo/ITL_sentry_auto_new/install/planner/lib:/home/guo/ITL_sentry_auto_new/install/utils/lib:/home/guo/ITL_sentry_auto_new/install/filter_lib/lib:/home/guo/ITL_sentry_auto_new/install/armor_pointer/lib:/usr/lib/x86_64-linux-gnu:/opt/ros/rolling/opt/rviz_ogre_vendor/lib:/opt/ros/rolling/lib/x86_64-linux-gnu:/opt/ros/rolling/lib:/opt/MVS/lib/64:/opt/MVS/lib/32:/usr/local/TensorRT.10.7.0.23/lib:/usr/lib/x86_64-linux-gnu:/usr/local/cuda/lib64:/opt/MVS/lib/64:/opt/MVS/lib/32:/opt/MVS/lib/64:/opt/MVS/lib/32 /usr/local/bin/cmake --build /home/guo/ITL_sentry_auto_new/build/pipeline -- -j24 -l24
[0.093s] [ 50%] [32mBuilding CXX object CMakeFiles/pipeline_node.dir/src/test_node.cpp.o[0m
[4.456s] In file included from [01m[K/home/guo/ITL_sentry_auto_new/src/node/src/test_node.cpp:1[m[K:
[4.456s] [01m[K/home/guo/ITL_sentry_auto_new/src/node/include/test_node.hpp:67:19:[m[K [01;31m[Kerror: [m[Kâ€˜[01m[Kplan[m[Kâ€™ was not declared in this scope
[4.456s]    67 |   std::unique_ptr<[01;31m[Kplan[m[K::Planner> planner_;
[4.456s]       |                   [01;31m[K^~~~[m[K
[4.457s] [01m[K/home/guo/ITL_sentry_auto_new/src/node/include/test_node.hpp:67:32:[m[K [01;31m[Kerror: [m[Ktemplate argument 1 is invalid
[4.457s]    67 |   std::unique_ptr<plan::Planner[01;31m[K>[m[K planner_;
[4.457s]       |                                [01;31m[K^[m[K
[4.457s] [01m[K/home/guo/ITL_sentry_auto_new/src/node/include/test_node.hpp:67:32:[m[K [01;31m[Kerror: [m[Ktemplate argument 2 is invalid
[4.457s] [01m[K/home/guo/ITL_sentry_auto_new/src/node/include/test_node.hpp:69:66:[m[K [01;31m[Kerror: [m[Kexpected identifier before numeric constant
[4.457s]    69 |   utils::ThreadSafeQueue<DebugPacket, true> visualization_queue_([01;31m[K2[m[K);
[4.457s]       |                                                                  [01;31m[K^[m[K
[4.457s] [01m[K/home/guo/ITL_sentry_auto_new/src/node/include/test_node.hpp:69:66:[m[K [01;31m[Kerror: [m[Kexpected â€˜[01m[K,[m[Kâ€™ or â€˜[01m[K...[m[Kâ€™ before numeric constant
[4.457s] [01m[K/home/guo/ITL_sentry_auto_new/src/node/include/test_node.hpp:70:77:[m[K [01;31m[Kerror: [m[Kexpected identifier before numeric constant
[4.457s]    70 | ils::ThreadSafeQueue<std::optional<predict::Target>, true> target_queue([01;31m[K1[m[K);
[4.457s]       |                                                                         [01;31m[K^[m[K
[4.457s] 
[4.457s] [01m[K/home/guo/ITL_sentry_auto_new/src/node/include/test_node.hpp:70:77:[m[K [01;31m[Kerror: [m[Kexpected â€˜[01m[K,[m[Kâ€™ or â€˜[01m[K...[m[Kâ€™ before numeric constant
[4.471s] [01m[K/home/guo/ITL_sentry_auto_new/src/node/src/test_node.cpp:[m[K In member function â€˜[01m[Kint pipeline::PipelineApp::run()[m[Kâ€™:
[4.471s] [01m[K/home/guo/ITL_sentry_auto_new/src/node/src/test_node.cpp:117:7:[m[K [01;31m[Kerror: [m[Kâ€˜[01m[Karmor[m[Kâ€™ was not declared in this scope; did you mean â€˜[01m[KArmors[m[Kâ€™?
[4.471s]   117 |       [01;31m[Karmor[m[K.begin(), armor.end());
[4.471s]       |       [01;31m[K^~~~~[m[K
[4.471s]       |       [32m[KArmors[m[K
[4.476s] [01m[K/home/guo/ITL_sentry_auto_new/src/node/src/test_node.cpp:146:7:[m[K [01;31m[Kerror: [m[Kinvalid use of member function â€˜[01m[Kutils::ThreadSafeQueue<pipeline::DebugPacket, true> pipeline::PipelineApp::visualization_queue_(int)[m[Kâ€™ (did you forget the â€˜[01m[K()[m[Kâ€™ ?)
[4.476s]   146 |       [01;31m[Kvisualization_queue_[m[K.push(debug_packet);
[4.476s]       |       [01;31m[K^~~~~~~~~~~~~~~~~~~~[m[K
[4.477s] [01m[K/home/guo/ITL_sentry_auto_new/src/node/src/test_node.cpp:[m[K In member function â€˜[01m[Kvoid pipeline::PipelineApp::request_stop()[m[Kâ€™:
[4.477s] [01m[K/home/guo/ITL_sentry_auto_new/src/node/src/test_node.cpp:165:7:[m[K [01;31m[Kerror: [m[Kinvalid use of member function â€˜[01m[Kutils::ThreadSafeQueue<pipeline::DebugPacket, true> pipeline::PipelineApp::visualization_queue_(int)[m[Kâ€™ (did you forget the â€˜[01m[K()[m[Kâ€™ ?)
[4.477s]   165 |       [01;31m[Kvisualization_queue_[m[K.push(DebugPacket{});
[4.477s]       |       [01;31m[K^~~~~~~~~~~~~~~~~~~~[m[K
[4.477s] [01m[K/home/guo/ITL_sentry_auto_new/src/node/src/test_node.cpp:165:46:[m[K [01;31m[Kerror: [m[Kexpected primary-expression before â€˜[01m[K)[m[Kâ€™ token
[4.477s]   165 |       visualization_queue_.push(DebugPacket{}[01;31m[K)[m[K;
[4.477s]       |                                              [01;31m[K^[m[K
[4.477s] [01m[K/home/guo/ITL_sentry_auto_new/src/node/src/test_node.cpp:[m[K In member function â€˜[01m[Kvoid pipeline::PipelineApp::visualization_loop()[m[Kâ€™:
[4.478s] [01m[K/home/guo/ITL_sentry_auto_new/src/node/src/test_node.cpp:202:5:[m[K [01;31m[Kerror: [m[Kinvalid use of member function â€˜[01m[Kutils::ThreadSafeQueue<pipeline::DebugPacket, true> pipeline::PipelineApp::visualization_queue_(int)[m[Kâ€™ (did you forget the â€˜[01m[K()[m[Kâ€™ ?)
[4.478s]   202 |     [01;31m[Kvisualization_queue_[m[K.pop(packet);
[4.478s]       |     [01;31m[K^~~~~~~~~~~~~~~~~~~~[m[K
[7.119s] gmake[2]: *** [CMakeFiles/pipeline_node.dir/build.make:76ï¼šCMakeFiles/pipeline_node.dir/src/test_node.cpp.o] é”™è¯¯ 1
[7.120s] gmake[1]: *** [CMakeFiles/Makefile2:137ï¼šCMakeFiles/pipeline_node.dir/all] é”™è¯¯ 2
[7.120s] gmake: *** [Makefile:146ï¼šall] é”™è¯¯ 2
[7.122s] Invoked command in '/home/guo/ITL_sentry_auto_new/build/pipeline' returned '2': CMAKE_PREFIX_PATH=/home/guo/ITL_sentry_auto_new/install/tracker:/home/guo/ITL_sentry_auto_new/install/aimer:/home/guo/ITL_sentry_auto_new/install/predictor:/home/guo/ITL_sentry_auto_new/install/solver:/home/guo/ITL_sentry_auto_new/install/gimbal:/home/guo/ITL_sentry_auto_new/install/dm_imu:/home/guo/ITL_sentry_auto_new/install/serial:/home/guo/ITL_sentry_auto_new/install/motion_model:/home/guo/ITL_sentry_auto_new/install/hikvision:/home/guo/ITL_sentry_auto_new/install/detected:/home/guo/ITL_sentry_auto_new/install/cboard:/home/guo/ITL_sentry_auto_new/install/utils:/home/guo/ITL_sentry_auto_new/install/filter_lib:/home/guo/ITL_sentry_auto_new/install/autoaim_msgs:/home/guo/ITL_sentry_auto_new/install/pipeline:/home/guo/ITL_sentry_auto_new/install/planner:/home/guo/ITL_sentry_auto_new/install/armor_pointer:/opt/ros/rolling LD_LIBRARY_PATH=/home/guo/ITL_sentry_auto_new/install/aimer/lib:/home/guo/ITL_sentry_auto_new/install/predictor/lib:/home/guo/ITL_sentry_auto_new/install/solver/lib:/home/guo/ITL_sentry_auto_new/install/gimbal/lib:/home/guo/ITL_sentry_auto_new/install/dm_imu/lib:/home/guo/ITL_sentry_auto_new/install/serial/lib:/home/guo/ITL_sentry_auto_new/install/motion_model/lib:/home/guo/ITL_sentry_auto_new/install/hikvision/lib:/home/guo/ITL_sentry_auto_new/install/detected/lib:/home/guo/ITL_sentry_auto_new/install/cboard/lib:/home/guo/ITL_sentry_auto_new/install/autoaim_msgs/lib:/home/guo/ITL_sentry_auto_new/install/tracker/lib:/home/guo/ITL_sentry_auto_new/install/planner/lib:/home/guo/ITL_sentry_auto_new/install/utils/lib:/home/guo/ITL_sentry_auto_new/install/filter_lib/lib:/home/guo/ITL_sentry_auto_new/install/armor_pointer/lib:/usr/lib/x86_64-linux-gnu:/opt/ros/rolling/opt/rviz_ogre_vendor/lib:/opt/ros/rolling/lib/x86_64-linux-gnu:/opt/ros/rolling/lib:/opt/MVS/lib/64:/opt/MVS/lib/32:/usr/local/TensorRT.10.7.0.23/lib:/usr/lib/x86_64-linux-gnu:/usr/local/cuda/lib64:/opt/MVS/lib/64:/opt/MVS/lib/32:/opt/MVS/lib/64:/opt/MVS/lib/32 /usr/local/bin/cmake --build /home/guo/ITL_sentry_auto_new/build/pipeline -- -j24 -l24
