[0.013s] Invoking command in '/home/guo/ITL_sentry_auto_new/build/solver': AMENT_PREFIX_PATH=/home/guo/ITL_sentry_auto_new/install/detected:/home/guo/ITL_sentry_auto_new/install/utils:/home/guo/ITL_sentry_auto_new/install/autoaim_msgs:${AMENT_PREFIX_PATH} CMAKE_PREFIX_PATH=/home/guo/ITL_sentry_auto_new/install/detected:/home/guo/ITL_sentry_auto_new/install/utils:/home/guo/ITL_sentry_auto_new/install/autoaim_msgs:/opt/ros/rolling LD_LIBRARY_PATH=/home/guo/ITL_sentry_auto_new/install/detected/lib:/home/guo/ITL_sentry_auto_new/install/utils/lib:/home/guo/ITL_sentry_auto_new/install/autoaim_msgs/lib:/usr/lib/x86_64-linux-gnu:/opt/ros/rolling/opt/rviz_ogre_vendor/lib:/opt/ros/rolling/lib/x86_64-linux-gnu:/opt/ros/rolling/lib:/opt/MVS/lib/64:/opt/MVS/lib/32:/usr/local/TensorRT.10.7.0.23/lib:/usr/lib/x86_64-linux-gnu:/usr/local/cuda/lib64:/opt/MVS/lib/64:/opt/MVS/lib/32:/opt/MVS/lib/64:/opt/MVS/lib/32 PYTHONPATH=/home/guo/ITL_sentry_auto_new/install/autoaim_msgs/lib/python3.10/site-packages:${PYTHONPATH} /usr/local/bin/cmake /home/guo/ITL_sentry_auto_new/src/core/solver -DCMAKE_INSTALL_PREFIX=/home/guo/ITL_sentry_auto_new/install/solver
[0.055s] -- The C compiler identification is GNU 11.4.0
[0.099s] -- The CXX compiler identification is GNU 11.4.0
[0.114s] -- Detecting C compiler ABI info
[0.167s] -- Detecting C compiler ABI info - done
[0.176s] -- Check for working C compiler: /usr/bin/cc - skipped
[0.176s] -- Detecting C compile features
[0.176s] -- Detecting C compile features - done
[0.185s] -- Detecting CXX compiler ABI info
[0.245s] -- Detecting CXX compiler ABI info - done
[0.253s] -- Check for working CXX compiler: /usr/bin/c++ - skipped
[0.253s] -- Detecting CXX compile features
[0.254s] -- Detecting CXX compile features - done
[0.256s] -- Found ament_cmake: 2.3.2 (/opt/ros/rolling/share/ament_cmake/cmake)
[0.605s] -- Found Python3: /usr/bin/python3.10 (found version "3.10.12") found components: Interpreter 
[0.667s] -- Found rclcpp: 27.0.0 (/opt/ros/rolling/share/rclcpp/cmake)
[0.698s] -- Found rosidl_generator_c: 4.5.1 (/opt/ros/rolling/share/rosidl_generator_c/cmake)
[0.708s] -- Found rosidl_generator_cpp: 4.5.1 (/opt/ros/rolling/share/rosidl_generator_cpp/cmake)
[0.721s] -- Using all available rosidl_typesupport_c: rosidl_typesupport_fastrtps_c;rosidl_typesupport_introspection_c
[0.738s] -- Using all available rosidl_typesupport_cpp: rosidl_typesupport_fastrtps_cpp;rosidl_typesupport_introspection_cpp
[0.880s] -- Found rmw_implementation_cmake: 7.3.0 (/opt/ros/rolling/share/rmw_implementation_cmake/cmake)
[0.882s] -- Found rmw_fastrtps_cpp: 8.2.0 (/opt/ros/rolling/share/rmw_fastrtps_cpp/cmake)
[0.984s] -- Found OpenSSL: /usr/lib/x86_64-linux-gnu/libcrypto.so (found version "3.0.2")  
[1.009s] -- Found FastRTPS: /opt/ros/rolling/include  
[1.045s] -- Using RMW implementation 'rmw_fastrtps_cpp' as default
[1.215s] -- Found std_msgs: 5.3.0 (/opt/ros/rolling/share/std_msgs/cmake)
[1.243s] -- Found geometry_msgs: 5.3.0 (/opt/ros/rolling/share/geometry_msgs/cmake)
[1.278s] -- Found tf2_geometry_msgs: 0.36.0 (/opt/ros/rolling/share/tf2_geometry_msgs/cmake)
[1.289s] -- Found eigen3_cmake_module: 0.3.0 (/opt/ros/rolling/share/eigen3_cmake_module/cmake)
[1.290s] -- Found Eigen3: TRUE (found version "3.4.0") 
[1.290s] -- Ensuring Eigen3 include directory is part of orocos-kdl CMake target
[1.686s] -- Found autoaim_msgs: 0.0.1 (/home/guo/ITL_sentry_auto_new/install/autoaim_msgs/share/autoaim_msgs/cmake)
[1.936s] -- Found OpenCV: /usr (found version "4.5.4") 
[1.939s] -- Found utils: 1.0.0 (/home/guo/ITL_sentry_auto_new/install/utils/share/utils/cmake)
[1.961s] -- Found detected: 0.0.2 (/home/guo/ITL_sentry_auto_new/install/detected/share/detected/cmake)
[2.081s] -- Found ament_lint_auto: 0.16.3 (/opt/ros/rolling/share/ament_lint_auto/cmake)
[2.136s] -- Added test 'cppcheck' to perform static code analysis on C / C++ code
[2.137s] -- Configured cppcheck include dirs: /home/guo/ITL_sentry_auto_new/src/core/solver/include;$<BUILD_INTERFACE:/home/guo/ITL_sentry_auto_new/src/core/solver/include>
[2.137s] -- Configured cppcheck exclude dirs and/or files: 
[2.138s] -- Added test 'lint_cmake' to check CMake code style
[2.139s] -- Added test 'uncrustify' to check C / C++ code style
[2.139s] -- Configured uncrustify additional arguments: 
[2.139s] -- Added test 'xmllint' to check XML markup files
[2.141s] -- Configuring done (2.1s)
[2.181s] -- Generating done (0.0s)
[2.189s] -- Build files have been written to: /home/guo/ITL_sentry_auto_new/build/solver
[2.198s] Invoked command in '/home/guo/ITL_sentry_auto_new/build/solver' returned '0': AMENT_PREFIX_PATH=/home/guo/ITL_sentry_auto_new/install/detected:/home/guo/ITL_sentry_auto_new/install/utils:/home/guo/ITL_sentry_auto_new/install/autoaim_msgs:${AMENT_PREFIX_PATH} CMAKE_PREFIX_PATH=/home/guo/ITL_sentry_auto_new/install/detected:/home/guo/ITL_sentry_auto_new/install/utils:/home/guo/ITL_sentry_auto_new/install/autoaim_msgs:/opt/ros/rolling LD_LIBRARY_PATH=/home/guo/ITL_sentry_auto_new/install/detected/lib:/home/guo/ITL_sentry_auto_new/install/utils/lib:/home/guo/ITL_sentry_auto_new/install/autoaim_msgs/lib:/usr/lib/x86_64-linux-gnu:/opt/ros/rolling/opt/rviz_ogre_vendor/lib:/opt/ros/rolling/lib/x86_64-linux-gnu:/opt/ros/rolling/lib:/opt/MVS/lib/64:/opt/MVS/lib/32:/usr/local/TensorRT.10.7.0.23/lib:/usr/lib/x86_64-linux-gnu:/usr/local/cuda/lib64:/opt/MVS/lib/64:/opt/MVS/lib/32:/opt/MVS/lib/64:/opt/MVS/lib/32 PYTHONPATH=/home/guo/ITL_sentry_auto_new/install/autoaim_msgs/lib/python3.10/site-packages:${PYTHONPATH} /usr/local/bin/cmake /home/guo/ITL_sentry_auto_new/src/core/solver -DCMAKE_INSTALL_PREFIX=/home/guo/ITL_sentry_auto_new/install/solver
[2.199s] Invoking command in '/home/guo/ITL_sentry_auto_new/build/solver': AMENT_PREFIX_PATH=/home/guo/ITL_sentry_auto_new/install/detected:/home/guo/ITL_sentry_auto_new/install/utils:/home/guo/ITL_sentry_auto_new/install/autoaim_msgs:${AMENT_PREFIX_PATH} CMAKE_PREFIX_PATH=/home/guo/ITL_sentry_auto_new/install/detected:/home/guo/ITL_sentry_auto_new/install/utils:/home/guo/ITL_sentry_auto_new/install/autoaim_msgs:/opt/ros/rolling LD_LIBRARY_PATH=/home/guo/ITL_sentry_auto_new/install/detected/lib:/home/guo/ITL_sentry_auto_new/install/utils/lib:/home/guo/ITL_sentry_auto_new/install/autoaim_msgs/lib:/usr/lib/x86_64-linux-gnu:/opt/ros/rolling/opt/rviz_ogre_vendor/lib:/opt/ros/rolling/lib/x86_64-linux-gnu:/opt/ros/rolling/lib:/opt/MVS/lib/64:/opt/MVS/lib/32:/usr/local/TensorRT.10.7.0.23/lib:/usr/lib/x86_64-linux-gnu:/usr/local/cuda/lib64:/opt/MVS/lib/64:/opt/MVS/lib/32:/opt/MVS/lib/64:/opt/MVS/lib/32 PYTHONPATH=/home/guo/ITL_sentry_auto_new/install/autoaim_msgs/lib/python3.10/site-packages:${PYTHONPATH} /usr/local/bin/cmake --build /home/guo/ITL_sentry_auto_new/build/solver -- -j24 -l24
[2.217s] [ 10%] [32mBuilding CXX object CMakeFiles/solver_base.dir/src/module/solver.cpp.o[0m
[8.002s] [ 20%] [32m[1mLinking CXX shared library libsolver_base.so[0m
[8.270s] [ 20%] Built target solver_base
[8.279s] [ 30%] [32mBuilding CXX object CMakeFiles/coord_converter.dir/src/module/coord_converter.cpp.o[0m
[8.279s] [ 50%] [32mBuilding CXX object CMakeFiles/pnp_solver_lib.dir/src/module/pnp_solver.cpp.o[0m
[8.279s] [ 40%] [32mBuilding CXX object CMakeFiles/yaw_optimzier_lib.dir/src/module/optimize_yaw.cpp.o[0m
[10.161s] [01m[K/home/guo/ITL_sentry_auto_new/src/core/solver/src/module/coord_converter.cpp:[m[K In member function â€˜[01m[KEigen::Vector3d solver::CoordConverter::transform(const Vector3d&, solver::CoordinateFrame, solver::CoordinateFrame) const[m[Kâ€™:
[10.161s] [01m[K/home/guo/ITL_sentry_auto_new/src/core/solver/src/module/coord_converter.cpp:100:12:[m[K [01;35m[Kwarning: [m[Kenumeration value â€˜[01m[KIMU[m[Kâ€™ not handled in switch [[01;35m[K]8;;https://gcc.gnu.org/onlinedocs/gcc/Warning-Options.html#index-Wswitch-Wswitch]8;;[m[K]
[10.161s]   100 |     switch [01;35m[K([m[Kfrom) {
[10.161s]       |            [01;35m[K^[m[K
[10.161s] [01m[K/home/guo/ITL_sentry_auto_new/src/core/solver/src/module/coord_converter.cpp:112:12:[m[K [01;35m[Kwarning: [m[Kenumeration value â€˜[01m[KIMU[m[Kâ€™ not handled in switch [[01;35m[K]8;;https://gcc.gnu.org/onlinedocs/gcc/Warning-Options.html#index-Wswitch-Wswitch]8;;[m[K]
[10.161s]   112 |     switch [01;35m[K([m[Kto) {
[10.161s]       |            [01;35m[K^[m[K
[11.834s] In file included from [01m[K/home/guo/ITL_sentry_auto_new/src/core/solver/src/module/optimize_yaw.cpp:1[m[K:
[11.834s] [01m[K/home/guo/ITL_sentry_auto_new/src/core/solver/include/module/optimize_yaw.hpp:[m[K In constructor â€˜[01m[Ksolver::YawOptimizer::YawOptimizer(const string&, solver::CoordConverter*)[m[Kâ€™:
[11.834s] [01m[K/home/guo/ITL_sentry_auto_new/src/core/solver/include/module/optimize_yaw.hpp:73:20:[m[K [01;35m[Kwarning: [m[Kâ€˜[01m[Ksolver::YawOptimizer::last_optimized_yaw_[m[Kâ€™ will be initialized after [[01;35m[K]8;;https://gcc.gnu.org/onlinedocs/gcc/Warning-Options.html#index-Wreorder-Wreorder]8;;[m[K]
[11.835s]    73 |     mutable double [01;35m[Klast_optimized_yaw_[m[K;
[11.835s]       |                    [01;35m[K^~~~~~~~~~~~~~~~~~~[m[K
[11.835s] [01m[K/home/guo/ITL_sentry_auto_new/src/core/solver/include/module/optimize_yaw.hpp:66:21:[m[K [01;35m[Kwarning: [m[K  â€˜[01m[Ksolver::CoordConverter* solver::YawOptimizer::CoordConverter_[m[Kâ€™ [[01;35m[K]8;;https://gcc.gnu.org/onlinedocs/gcc/Warning-Options.html#index-Wreorder-Wreorder]8;;[m[K]
[11.835s]    66 |     CoordConverter* [01;35m[KCoordConverter_[m[K;
[11.835s]       |                     [01;35m[K^~~~~~~~~~~~~~~[m[K
[11.835s] [01m[K/home/guo/ITL_sentry_auto_new/src/core/solver/src/module/optimize_yaw.cpp:10:1:[m[K [01;35m[Kwarning: [m[K  when initialized here [[01;35m[K]8;;https://gcc.gnu.org/onlinedocs/gcc/Warning-Options.html#index-Wreorder-Wreorder]8;;[m[K]
[11.835s]    10 | [01;35m[KYawOptimizer[m[K::YawOptimizer(const std::string& yaml_config_path,
[11.835s]       | [01;35m[K^~~~~~~~~~~~[m[K
[11.835s] In file included from [01m[K/home/guo/ITL_sentry_auto_new/src/core/solver/src/module/optimize_yaw.cpp:1[m[K:
[11.835s] [01m[K/home/guo/ITL_sentry_auto_new/src/core/solver/include/module/optimize_yaw.hpp:[m[K In constructor â€˜[01m[Ksolver::YawOptimizer::YawOptimizer(const cv::Mat&, const cv::Mat&, solver::CoordConverter*)[m[Kâ€™:
[11.835s] [01m[K/home/guo/ITL_sentry_auto_new/src/core/solver/include/module/optimize_yaw.hpp:73:20:[m[K [01;35m[Kwarning: [m[Kâ€˜[01m[Ksolver::YawOptimizer::last_optimized_yaw_[m[Kâ€™ will be initialized after [[01;35m[K]8;;https://gcc.gnu.org/onlinedocs/gcc/Warning-Options.html#index-Wreorder-Wreorder]8;;[m[K]
[11.835s]    73 |     mutable double [01;35m[Klast_optimized_yaw_[m[K;
[11.835s]       |                    [01;35m[K^~~~~~~~~~~~~~~~~~~[m[K
[11.835s] [01m[K/home/guo/ITL_sentry_auto_new/src/core/solver/include/module/optimize_yaw.hpp:66:21:[m[K [01;35m[Kwarning: [m[K  â€˜[01m[Ksolver::CoordConverter* solver::YawOptimizer::CoordConverter_[m[Kâ€™ [[01;35m[K]8;;https://gcc.gnu.org/onlinedocs/gcc/Warning-Options.html#index-Wreorder-Wreorder]8;;[m[K]
[11.835s]    66 |     CoordConverter* [01;35m[KCoordConverter_[m[K;
[11.835s]       |                     [01;35m[K^~~~~~~~~~~~~~~[m[K
[11.835s] [01m[K/home/guo/ITL_sentry_auto_new/src/core/solver/src/module/optimize_yaw.cpp:27:1:[m[K [01;35m[Kwarning: [m[K  when initialized here [[01;35m[K]8;;https://gcc.gnu.org/onlinedocs/gcc/Warning-Options.html#index-Wreorder-Wreorder]8;;[m[K]
[11.835s]    27 | [01;35m[KYawOptimizer[m[K::YawOptimizer(const cv::Mat& camera_matrix,
[11.835s]       | [01;35m[K^~~~~~~~~~~~[m[K
[11.837s] [01m[K/home/guo/ITL_sentry_auto_new/src/core/solver/src/module/optimize_yaw.cpp:[m[K In member function â€˜[01m[KEigen::Matrix3d solver::YawOptimizer::optimize_yaw(const Vector3d&, const Matrix3d&, solver::ArmorType, solver::ArmorName, const std::vector<cv::Point_<float> >&, const solver::CoordConverter&)[m[Kâ€™:
[11.837s] [01m[K/home/guo/ITL_sentry_auto_new/src/core/solver/src/module/optimize_yaw.cpp:103:27:[m[K [01;35m[Kwarning: [m[Kunused parameter â€˜[01m[Kconverter[m[Kâ€™ [[01;35m[K]8;;https://gcc.gnu.org/onlinedocs/gcc/Warning-Options.html#index-Wunused-parameter-Wunused-parameter]8;;[m[K]
[11.837s]   103 |     [01;35m[Kconst CoordConverter& converter[m[K) {
[11.837s]       |     [01;35m[K~~~~~~~~~~~~~~~~~~~~~~^~~~~~~~~[m[K
[16.403s] [ 60%] [32m[1mLinking CXX shared library libcoord_converter.so[0m
[16.566s] [ 60%] Built target coord_converter
[18.039s] [ 70%] [32m[1mLinking CXX shared library libyaw_optimzier_lib.so[0m
[18.074s] [ 80%] [32m[1mLinking CXX shared library libpnp_solver_lib.so[0m
[18.228s] [ 80%] Built target yaw_optimzier_lib
[18.264s] [ 80%] Built target pnp_solver_lib
[18.271s] [ 90%] [32mBuilding CXX object CMakeFiles/solver_interface.dir/src/solver_node.cpp.o[0m
[18.529s] In file included from [01m[K/home/guo/ITL_sentry_auto_new/src/core/solver/src/solver_node.cpp:1[m[K:
[18.529s] [01m[K/home/guo/ITL_sentry_auto_new/src/core/solver/include/solver_node.hpp:9:10:[m[K [01;31m[Kfatal error: [m[Kautoaim_msgs/msg/armor.hpp: æ²¡æœ‰é‚£ä¸ªæ–‡ä»¶æˆ–ç›®å½•
[18.529s]     9 | #include [01;31m[K<autoaim_msgs/msg/armor.hpp>[m[K
[18.529s]       |          [01;31m[K^~~~~~~~~~~~~~~~~~~~~~~~~~~~[m[K
[18.529s] compilation terminated.
[18.533s] gmake[2]: *** [CMakeFiles/solver_interface.dir/build.make:76ï¼šCMakeFiles/solver_interface.dir/src/solver_node.cpp.o] é”™è¯¯ 1
[18.533s] gmake[1]: *** [CMakeFiles/Makefile2:252ï¼šCMakeFiles/solver_interface.dir/all] é”™è¯¯ 2
[18.533s] gmake: *** [Makefile:146ï¼šall] é”™è¯¯ 2
[18.535s] Invoked command in '/home/guo/ITL_sentry_auto_new/build/solver' returned '2': AMENT_PREFIX_PATH=/home/guo/ITL_sentry_auto_new/install/detected:/home/guo/ITL_sentry_auto_new/install/utils:/home/guo/ITL_sentry_auto_new/install/autoaim_msgs:${AMENT_PREFIX_PATH} CMAKE_PREFIX_PATH=/home/guo/ITL_sentry_auto_new/install/detected:/home/guo/ITL_sentry_auto_new/install/utils:/home/guo/ITL_sentry_auto_new/install/autoaim_msgs:/opt/ros/rolling LD_LIBRARY_PATH=/home/guo/ITL_sentry_auto_new/install/detected/lib:/home/guo/ITL_sentry_auto_new/install/utils/lib:/home/guo/ITL_sentry_auto_new/install/autoaim_msgs/lib:/usr/lib/x86_64-linux-gnu:/opt/ros/rolling/opt/rviz_ogre_vendor/lib:/opt/ros/rolling/lib/x86_64-linux-gnu:/opt/ros/rolling/lib:/opt/MVS/lib/64:/opt/MVS/lib/32:/usr/local/TensorRT.10.7.0.23/lib:/usr/lib/x86_64-linux-gnu:/usr/local/cuda/lib64:/opt/MVS/lib/64:/opt/MVS/lib/32:/opt/MVS/lib/64:/opt/MVS/lib/32 PYTHONPATH=/home/guo/ITL_sentry_auto_new/install/autoaim_msgs/lib/python3.10/site-packages:${PYTHONPATH} /usr/local/bin/cmake --build /home/guo/ITL_sentry_auto_new/build/solver -- -j24 -l24
