[0.020s] Invoking command in '/home/guo/ITL_sentry_auto_new/build/auto_buff': CMAKE_PREFIX_PATH=/home/guo/ITL_sentry_auto_new/install/auto_aim:/home/guo/ITL_sentry_auto_new/install/deveice:/home/guo/ITL_sentry_auto_new/install/serial:/home/guo/ITL_sentry_auto_new/install/utils:/home/guo/ITL_sentry_auto_new/install/autoaim_msgs:/home/guo/ITL_sentry_auto_new/install/pipeline:/home/guo/ITL_sentry_auto_new/install/auto_buff:/home/guo/ITL_sentry_auto_new/install/launch_node:/opt/ros/rolling LD_LIBRARY_PATH=/home/guo/ITL_sentry_auto_new/install/auto_aim/lib:/home/guo/ITL_sentry_auto_new/install/deveice/lib:/home/guo/ITL_sentry_auto_new/install/serial/lib:/home/guo/ITL_sentry_auto_new/install/autoaim_msgs/lib:/home/guo/ITL_sentry_auto_new/install/auto_buff/lib:/home/guo/ITL_sentry_auto_new/install/utils/lib:/usr/lib/x86_64-linux-gnu:/opt/ros/rolling/opt/rviz_ogre_vendor/lib:/opt/ros/rolling/lib/x86_64-linux-gnu:/opt/ros/rolling/lib:/opt/MVS/lib/64:/opt/MVS/lib/32:/usr/local/TensorRT.10.7.0.23/lib:/usr/lib/x86_64-linux-gnu:/usr/local/cuda/lib64:/opt/MVS/lib/64:/opt/MVS/lib/32:/opt/MVS/lib/64:/opt/MVS/lib/32 /usr/local/bin/cmake --build /home/guo/ITL_sentry_auto_new/build/auto_buff -- -j24 -l24
[0.045s] [ 15%] Built target auto_buff_data_type
[0.058s] [ 38%] Built target auto_buff_detect
[0.063s] [ 53%] Built target auto_buff_solver
[0.075s] [ 69%] Built target auto_buff_tagret
[0.093s] [ 76%] [32mBuilding CXX object CMakeFiles/auto_buff_aimer.dir/buff_aimer/src/buff_aimer.cpp.o[0m
[2.491s] In file included from [01m[K/home/guo/ITL_sentry_auto_new/src/core/auto_buff/buff_aimer/include/buff_aimer.hpp:12[m[K,
[2.491s]                  from [01m[K/home/guo/ITL_sentry_auto_new/src/core/auto_buff/buff_aimer/src/buff_aimer.cpp:1[m[K:
[2.491s] [01m[K/home/guo/ITL_sentry_auto_new/src/core/auto_buff/buff_tagret/include/buff_target.hpp:62:10:[m[K [01;31m[Kerror: [m[Kâ€˜[01m[KExtendedKalmanFilter[m[Kâ€™ in namespace â€˜[01m[Kutils[m[Kâ€™ does not name a type
[2.491s]    62 |   utils::[01;31m[KExtendedKalmanFilter[m[K ekf_;
[2.491s]       |          [01;31m[K^~~~~~~~~~~~~~~~~~~~[m[K
[2.502s] [01m[K/home/guo/ITL_sentry_auto_new/src/core/auto_buff/buff_aimer/src/buff_aimer.cpp:[m[K In member function â€˜[01m[Kio::Command auto_buff::Aimer::aim(auto_buff::Target&, std::chrono::_V2::steady_clock::time_point&, double, bool)[m[Kâ€™:
[2.502s] [01m[K/home/guo/ITL_sentry_auto_new/src/core/auto_buff/buff_aimer/src/buff_aimer.cpp:36:8:[m[K [01;35m[Kwarning: [m[Kunused variable â€˜[01m[Kangle_changed[m[Kâ€™ [[01;35m[K]8;;https://gcc.gnu.org/onlinedocs/gcc/Warning-Options.html#index-Wunused-variable-Wunused-variable]8;;[m[K]
[2.502s]    36 |   bool [01;35m[Kangle_changed[m[K =
[2.502s]       |        [01;35m[K^~~~~~~~~~~~~[m[K
[2.504s] [01m[K/home/guo/ITL_sentry_auto_new/src/core/auto_buff/buff_aimer/src/buff_aimer.cpp:[m[K At global scope:
[2.504s] [01m[K/home/guo/ITL_sentry_auto_new/src/core/auto_buff/buff_aimer/src/buff_aimer.cpp:69:1:[m[K [01;31m[Kerror: [m[Kâ€˜[01m[Kauto_aim[m[Kâ€™ does not name a type
[2.504s]    69 | [01;31m[Kauto_aim[m[K::Plan Aimer::mpc_aim(
[2.504s]       | [01;31m[K^~~~~~~~[m[K
[2.505s] [01m[K/home/guo/ITL_sentry_auto_new/src/core/auto_buff/buff_aimer/src/buff_aimer.cpp:[m[K In member function â€˜[01m[Kbool auto_buff::Aimer::get_send_angle(auto_buff::Target&, double, double, bool, double&, double&)[m[Kâ€™:
[2.505s] [01m[K/home/guo/ITL_sentry_auto_new/src/core/auto_buff/buff_aimer/src/buff_aimer.cpp:152:14:[m[K [01;35m[Kwarning: [m[Kunused parameter â€˜[01m[Kto_now[m[Kâ€™ [[01;35m[K]8;;https://gcc.gnu.org/onlinedocs/gcc/Warning-Options.html#index-Wunused-parameter-Wunused-parameter]8;;[m[K]
[2.505s]   152 |   [01;35m[Kconst bool to_now[m[K, double & yaw, double & pitch)
[2.505s]       |   [01;35m[K~~~~~~~~~~~^~~~~~[m[K
[3.935s] gmake[2]: *** [CMakeFiles/auto_buff_aimer.dir/build.make:76ï¼šCMakeFiles/auto_buff_aimer.dir/buff_aimer/src/buff_aimer.cpp.o] é”™è¯¯ 1
[3.935s] gmake[1]: *** [CMakeFiles/Makefile2:254ï¼šCMakeFiles/auto_buff_aimer.dir/all] é”™è¯¯ 2
[3.935s] gmake: *** [Makefile:146ï¼šall] é”™è¯¯ 2
[3.937s] Invoked command in '/home/guo/ITL_sentry_auto_new/build/auto_buff' returned '2': CMAKE_PREFIX_PATH=/home/guo/ITL_sentry_auto_new/install/auto_aim:/home/guo/ITL_sentry_auto_new/install/deveice:/home/guo/ITL_sentry_auto_new/install/serial:/home/guo/ITL_sentry_auto_new/install/utils:/home/guo/ITL_sentry_auto_new/install/autoaim_msgs:/home/guo/ITL_sentry_auto_new/install/pipeline:/home/guo/ITL_sentry_auto_new/install/auto_buff:/home/guo/ITL_sentry_auto_new/install/launch_node:/opt/ros/rolling LD_LIBRARY_PATH=/home/guo/ITL_sentry_auto_new/install/auto_aim/lib:/home/guo/ITL_sentry_auto_new/install/deveice/lib:/home/guo/ITL_sentry_auto_new/install/serial/lib:/home/guo/ITL_sentry_auto_new/install/autoaim_msgs/lib:/home/guo/ITL_sentry_auto_new/install/auto_buff/lib:/home/guo/ITL_sentry_auto_new/install/utils/lib:/usr/lib/x86_64-linux-gnu:/opt/ros/rolling/opt/rviz_ogre_vendor/lib:/opt/ros/rolling/lib/x86_64-linux-gnu:/opt/ros/rolling/lib:/opt/MVS/lib/64:/opt/MVS/lib/32:/usr/local/TensorRT.10.7.0.23/lib:/usr/lib/x86_64-linux-gnu:/usr/local/cuda/lib64:/opt/MVS/lib/64:/opt/MVS/lib/32:/opt/MVS/lib/64:/opt/MVS/lib/32 /usr/local/bin/cmake --build /home/guo/ITL_sentry_auto_new/build/auto_buff -- -j24 -l24
