[0.034s] Invoking command in '/home/guo/ITL_sentry_auto_new/build/detected': CMAKE_PREFIX_PATH=/home/guo/ITL_sentry_auto_new/install/utils:/home/guo/ITL_sentry_auto_new/install/tracker:/home/guo/ITL_sentry_auto_new/install/aimer:/home/guo/ITL_sentry_auto_new/install/predictor:/home/guo/ITL_sentry_auto_new/install/solver:/home/guo/ITL_sentry_auto_new/install/pipeline:/home/guo/ITL_sentry_auto_new/install/hikvision:/home/guo/ITL_sentry_auto_new/install/gimbal:/home/guo/ITL_sentry_auto_new/install/dm_imu:/home/guo/ITL_sentry_auto_new/install/detected:/home/guo/ITL_sentry_auto_new/install/cboard:/home/guo/ITL_sentry_auto_new/install/serial:/home/guo/ITL_sentry_auto_new/install/motion_model:/home/guo/ITL_sentry_auto_new/install/filter_lib:/home/guo/ITL_sentry_auto_new/install/autoaim_msgs:/home/guo/ITL_sentry_auto_new/install/armor_pointer:/opt/ros/rolling /usr/local/bin/cmake --build /home/guo/ITL_sentry_auto_new/build/detected -- -j24 -l24
[0.056s] [ 22%] Built target armor_data_lib
[0.069s] [ 55%] Built target armor_detector_lib
[0.070s] [ 77%] Built target armor_classifier_lib
[0.082s] [ 88%] [32mBuilding CXX object CMakeFiles/detected.dir/src/node/armor_detector_node.cpp.o[0m
[1.389s] [01m[K/home/guo/ITL_sentry_auto_new/src/core/detected/src/node/armor_detector_node.cpp:[m[K In member function â€˜[01m[Kstd::vector<armor_auto_aim::Armor> armor_auto_aim::Detector::detect(const cv::Mat&, cv::Mat*)[m[Kâ€™:
[1.389s] [01m[K/home/guo/ITL_sentry_auto_new/src/core/detected/src/node/armor_detector_node.cpp:69:12:[m[K [01;31m[Kerror: [m[Kâ€˜[01m[Klogger[m[Kâ€™ is not a member of â€˜[01m[Kutils[m[Kâ€™
[1.389s]    69 |     utils::[01;31m[Klogger[m[K()->debug(
[1.389s]       |            [01;31m[K^~~~~~[m[K
[1.389s] [01m[K/home/guo/ITL_sentry_auto_new/src/core/detected/src/node/armor_detector_node.cpp:71:16:[m[K [01;31m[Kerror: [m[Kâ€˜[01m[Kclass std::vector<armor_auto_aim::Armor>[m[Kâ€™ has no member named â€˜[01m[Kpoints[m[Kâ€™; did you mean â€˜[01m[Kpointer[m[Kâ€™?
[1.389s]    71 |         armors.[01;31m[Kpoints[m[K[0].x, armors.points[0].y,
[1.389s]       |                [01;31m[K^~~~~~[m[K
[1.389s]       |                [32m[Kpointer[m[K
[1.389s] [01m[K/home/guo/ITL_sentry_auto_new/src/core/detected/src/node/armor_detector_node.cpp:71:36:[m[K [01;31m[Kerror: [m[Kâ€˜[01m[Kclass std::vector<armor_auto_aim::Armor>[m[Kâ€™ has no member named â€˜[01m[Kpoints[m[Kâ€™; did you mean â€˜[01m[Kpointer[m[Kâ€™?
[1.389s]    71 |         armors.points[0].x, armors.[01;31m[Kpoints[m[K[0].y,
[1.390s]       |                                    [01;31m[K^~~~~~[m[K
[1.390s]       |                                    [32m[Kpointer[m[K
[1.390s] [01m[K/home/guo/ITL_sentry_auto_new/src/core/detected/src/node/armor_detector_node.cpp:72:16:[m[K [01;31m[Kerror: [m[Kâ€˜[01m[Kclass std::vector<armor_auto_aim::Armor>[m[Kâ€™ has no member named â€˜[01m[Kpoints[m[Kâ€™; did you mean â€˜[01m[Kpointer[m[Kâ€™?
[1.390s]    72 |         armors.[01;31m[Kpoints[m[K[1].x, armors.points[1].y,
[1.390s]       |                [01;31m[K^~~~~~[m[K
[1.390s]       |                [32m[Kpointer[m[K
[1.390s] [01m[K/home/guo/ITL_sentry_auto_new/src/core/detected/src/node/armor_detector_node.cpp:72:36:[m[K [01;31m[Kerror: [m[Kâ€˜[01m[Kclass std::vector<armor_auto_aim::Armor>[m[Kâ€™ has no member named â€˜[01m[Kpoints[m[Kâ€™; did you mean â€˜[01m[Kpointer[m[Kâ€™?
[1.390s]    72 |         armors.points[1].x, armors.[01;31m[Kpoints[m[K[1].y,
[1.390s]       |                                    [01;31m[K^~~~~~[m[K
[1.390s]       |                                    [32m[Kpointer[m[K
[1.390s] [01m[K/home/guo/ITL_sentry_auto_new/src/core/detected/src/node/armor_detector_node.cpp:73:16:[m[K [01;31m[Kerror: [m[Kâ€˜[01m[Kclass std::vector<armor_auto_aim::Armor>[m[Kâ€™ has no member named â€˜[01m[Kpoints[m[Kâ€™; did you mean â€˜[01m[Kpointer[m[Kâ€™?
[1.390s]    73 |         armors.[01;31m[Kpoints[m[K[2].x, armors.points[2].y,
[1.390s]       |                [01;31m[K^~~~~~[m[K
[1.390s]       |                [32m[Kpointer[m[K
[1.390s] [01m[K/home/guo/ITL_sentry_auto_new/src/core/detected/src/node/armor_detector_node.cpp:73:36:[m[K [01;31m[Kerror: [m[Kâ€˜[01m[Kclass std::vector<armor_auto_aim::Armor>[m[Kâ€™ has no member named â€˜[01m[Kpoints[m[Kâ€™; did you mean â€˜[01m[Kpointer[m[Kâ€™?
[1.390s]    73 |         armors.points[2].x, armors.[01;31m[Kpoints[m[K[2].y,
[1.390s]       |                                    [01;31m[K^~~~~~[m[K
[1.390s]       |                                    [32m[Kpointer[m[K
[1.390s] [01m[K/home/guo/ITL_sentry_auto_new/src/core/detected/src/node/armor_detector_node.cpp:74:16:[m[K [01;31m[Kerror: [m[Kâ€˜[01m[Kclass std::vector<armor_auto_aim::Armor>[m[Kâ€™ has no member named â€˜[01m[Kpoints[m[Kâ€™; did you mean â€˜[01m[Kpointer[m[Kâ€™?
[1.390s]    74 |         armors.[01;31m[Kpoints[m[K[3].x, armors.points[3].y
[1.390s]       |                [01;31m[K^~~~~~[m[K
[1.390s]       |                [32m[Kpointer[m[K
[1.390s] [01m[K/home/guo/ITL_sentry_auto_new/src/core/detected/src/node/armor_detector_node.cpp:74:36:[m[K [01;31m[Kerror: [m[Kâ€˜[01m[Kclass std::vector<armor_auto_aim::Armor>[m[Kâ€™ has no member named â€˜[01m[Kpoints[m[Kâ€™; did you mean â€˜[01m[Kpointer[m[Kâ€™?
[1.390s]    74 |         armors.points[3].x, armors.[01;31m[Kpoints[m[K[3].y
[1.390s]       |                                    [01;31m[K^~~~~~[m[K
[1.390s]       |                                    [32m[Kpointer[m[K
[1.942s] gmake[2]: *** [CMakeFiles/detected.dir/build.make:76ï¼šCMakeFiles/detected.dir/src/node/armor_detector_node.cpp.o] é”™è¯¯ 1
[1.942s] gmake[1]: *** [CMakeFiles/Makefile2:222ï¼šCMakeFiles/detected.dir/all] é”™è¯¯ 2
[1.942s] gmake: *** [Makefile:146ï¼šall] é”™è¯¯ 2
[1.944s] Invoked command in '/home/guo/ITL_sentry_auto_new/build/detected' returned '2': CMAKE_PREFIX_PATH=/home/guo/ITL_sentry_auto_new/install/utils:/home/guo/ITL_sentry_auto_new/install/tracker:/home/guo/ITL_sentry_auto_new/install/aimer:/home/guo/ITL_sentry_auto_new/install/predictor:/home/guo/ITL_sentry_auto_new/install/solver:/home/guo/ITL_sentry_auto_new/install/pipeline:/home/guo/ITL_sentry_auto_new/install/hikvision:/home/guo/ITL_sentry_auto_new/install/gimbal:/home/guo/ITL_sentry_auto_new/install/dm_imu:/home/guo/ITL_sentry_auto_new/install/detected:/home/guo/ITL_sentry_auto_new/install/cboard:/home/guo/ITL_sentry_auto_new/install/serial:/home/guo/ITL_sentry_auto_new/install/motion_model:/home/guo/ITL_sentry_auto_new/install/filter_lib:/home/guo/ITL_sentry_auto_new/install/autoaim_msgs:/home/guo/ITL_sentry_auto_new/install/armor_pointer:/opt/ros/rolling /usr/local/bin/cmake --build /home/guo/ITL_sentry_auto_new/build/detected -- -j24 -l24
