[0.049s] Invoking command in '/home/guo/ITL_sentry_auto_new/build/pipeline': CMAKE_PREFIX_PATH=/home/guo/ITL_sentry_auto_new/install/tracker:/home/guo/ITL_sentry_auto_new/install/planner:/home/guo/ITL_sentry_auto_new/install/aimer:/home/guo/ITL_sentry_auto_new/install/predictor:/home/guo/ITL_sentry_auto_new/install/solver:/home/guo/ITL_sentry_auto_new/install/gimbal:/home/guo/ITL_sentry_auto_new/install/dm_imu:/home/guo/ITL_sentry_auto_new/install/serial:/home/guo/ITL_sentry_auto_new/install/motion_model:/home/guo/ITL_sentry_auto_new/install/hikvision:/home/guo/ITL_sentry_auto_new/install/detected:/home/guo/ITL_sentry_auto_new/install/cboard:/home/guo/ITL_sentry_auto_new/install/utils:/home/guo/ITL_sentry_auto_new/install/filter_lib:/home/guo/ITL_sentry_auto_new/install/autoaim_msgs:/home/guo/ITL_sentry_auto_new/install/pipeline:/home/guo/ITL_sentry_auto_new/install/armor_pointer:/opt/ros/rolling LD_LIBRARY_PATH=/home/guo/ITL_sentry_auto_new/install/planner/lib:/home/guo/ITL_sentry_auto_new/install/aimer/lib:/home/guo/ITL_sentry_auto_new/install/predictor/lib:/home/guo/ITL_sentry_auto_new/install/solver/lib:/home/guo/ITL_sentry_auto_new/install/gimbal/lib:/home/guo/ITL_sentry_auto_new/install/dm_imu/lib:/home/guo/ITL_sentry_auto_new/install/serial/lib:/home/guo/ITL_sentry_auto_new/install/motion_model/lib:/home/guo/ITL_sentry_auto_new/install/hikvision/lib:/home/guo/ITL_sentry_auto_new/install/detected/lib:/home/guo/ITL_sentry_auto_new/install/cboard/lib:/home/guo/ITL_sentry_auto_new/install/autoaim_msgs/lib:/home/guo/ITL_sentry_auto_new/install/tracker/lib:/home/guo/ITL_sentry_auto_new/install/utils/lib:/home/guo/ITL_sentry_auto_new/install/filter_lib/lib:/home/guo/ITL_sentry_auto_new/install/armor_pointer/lib:/usr/lib/x86_64-linux-gnu:/opt/ros/rolling/opt/rviz_ogre_vendor/lib:/opt/ros/rolling/lib/x86_64-linux-gnu:/opt/ros/rolling/lib:/opt/MVS/lib/64:/opt/MVS/lib/32:/usr/local/TensorRT.10.7.0.23/lib:/usr/lib/x86_64-linux-gnu:/usr/local/cuda/lib64:/opt/MVS/lib/64:/opt/MVS/lib/32:/opt/MVS/lib/64:/opt/MVS/lib/32 /usr/local/bin/cmake --build /home/guo/ITL_sentry_auto_new/build/pipeline -- -j24 -l24
[0.071s] -- Found ament_cmake: 2.3.2 (/opt/ros/rolling/share/ament_cmake/cmake)
[0.268s] -- Found rclcpp: 27.0.0 (/opt/ros/rolling/share/rclcpp/cmake)
[0.300s] -- Found rosidl_generator_c: 4.5.1 (/opt/ros/rolling/share/rosidl_generator_c/cmake)
[0.309s] -- Found rosidl_generator_cpp: 4.5.1 (/opt/ros/rolling/share/rosidl_generator_cpp/cmake)
[0.324s] -- Using all available rosidl_typesupport_c: rosidl_typesupport_fastrtps_c;rosidl_typesupport_introspection_c
[0.344s] -- Using all available rosidl_typesupport_cpp: rosidl_typesupport_fastrtps_cpp;rosidl_typesupport_introspection_cpp
[0.506s] -- Found rmw_implementation_cmake: 7.3.0 (/opt/ros/rolling/share/rmw_implementation_cmake/cmake)
[0.509s] -- Found rmw_fastrtps_cpp: 8.2.0 (/opt/ros/rolling/share/rmw_fastrtps_cpp/cmake)
[0.631s] -- Using RMW implementation 'rmw_fastrtps_cpp' as default
[0.827s] -- Found hikvision: 1.0.0 (/home/guo/ITL_sentry_auto_new/install/hikvision/share/hikvision/cmake)
[0.871s] -- Found serial: 0.1.0 (/home/guo/ITL_sentry_auto_new/install/serial/share/serial/cmake)
[0.876s] -- Found dm_imu: 0.0.0 (/home/guo/ITL_sentry_auto_new/install/dm_imu/share/dm_imu/cmake)
[0.882s] -- Found detected: 0.0.2 (/home/guo/ITL_sentry_auto_new/install/detected/share/detected/cmake)
[0.898s] -- Found solver: 0.0.0 (/home/guo/ITL_sentry_auto_new/install/solver/share/solver/cmake)
[0.995s] -- Found eigen3_cmake_module: 0.3.0 (/opt/ros/rolling/share/eigen3_cmake_module/cmake)
[0.997s] -- Ensuring Eigen3 include directory is part of orocos-kdl CMake target
[1.800s] -- Found tracker: 0.1.0 (/home/guo/ITL_sentry_auto_new/install/tracker/share/tracker/cmake)
[2.421s] -- Found AMD headers in: /usr/include/suitesparse
[2.421s] -- Found AMD library: /usr/lib/x86_64-linux-gnu/libamd.so
[2.421s] -- Found CAMD headers in: /usr/include/suitesparse
[2.421s] -- Found CAMD library: /usr/lib/x86_64-linux-gnu/libcamd.so
[2.421s] -- Found CCOLAMD headers in: /usr/include/suitesparse
[2.421s] -- Found CCOLAMD library: /usr/lib/x86_64-linux-gnu/libccolamd.so
[2.421s] -- Found CHOLMOD headers in: /usr/include/suitesparse
[2.421s] -- Found CHOLMOD library: /usr/lib/x86_64-linux-gnu/libcholmod.so
[2.421s] -- Found COLAMD headers in: /usr/include/suitesparse
[2.422s] -- Found COLAMD library: /usr/lib/x86_64-linux-gnu/libcolamd.so
[2.422s] -- Found SPQR headers in: /usr/include/suitesparse
[2.422s] -- Found SPQR library: /usr/lib/x86_64-linux-gnu/libspqr.so
[2.422s] -- Found Config headers in: /usr/include/suitesparse
[2.422s] -- Found Config library: /usr/lib/x86_64-linux-gnu/libsuitesparseconfig.so
[2.423s] -- Found Intel Thread Building Blocks (TBB) library (2021.5 / ) include location: . Assuming SuiteSparseQR was compiled with TBB.
[2.423s] -- Adding librt to SuiteSparse_config libraries (required on Linux & Unix [not OSX] if SuiteSparse is compiled with timing).
[2.429s] -- Could NOT find METIS (missing: METIS_INCLUDE_DIR METIS_LIBRARY) 
[2.600s] -- Found planner: 0.1.0 (/home/guo/ITL_sentry_auto_new/install/planner/share/planner/cmake)
[3.373s] -- Found ament_lint_auto: 0.16.3 (/opt/ros/rolling/share/ament_lint_auto/cmake)
[3.433s] -- Added test 'cppcheck' to perform static code analysis on C / C++ code
[3.433s] -- Configured cppcheck include dirs: /home/guo/ITL_sentry_auto_new/src/node/include
[3.433s] -- Configured cppcheck exclude dirs and/or files: 
[3.434s] -- Added test 'lint_cmake' to check CMake code style
[3.435s] -- Added test 'uncrustify' to check C / C++ code style
[3.435s] -- Configured uncrustify additional arguments: 
[3.436s] -- Added test 'xmllint' to check XML markup files
[3.437s] -- Configuring done (3.4s)
[3.494s] -- Generating done (0.0s)
[3.500s] -- Build files have been written to: /home/guo/ITL_sentry_auto_new/build/pipeline
[3.534s] [ 50%] [32mBuilding CXX object CMakeFiles/pipeline_node.dir/src/test_node.cpp.o[0m
[7.820s] In file included from [01m[K/home/guo/ITL_sentry_auto_new/src/node/src/test_node.cpp:1[m[K:
[7.820s] [01m[K/home/guo/ITL_sentry_auto_new/src/node/include/test_node.hpp:70:65:[m[K [01;31m[Kerror: [m[Kexpected identifier before numeric constant
[7.820s]    70 |   utils::ThreadSafeQueue<DebugPacket, true> visualization_queue([01;31m[K2[m[K);
[7.820s]       |                                                                 [01;31m[K^[m[K
[7.820s] [01m[K/home/guo/ITL_sentry_auto_new/src/node/include/test_node.hpp:70:65:[m[K [01;31m[Kerror: [m[Kexpected â€˜[01m[K,[m[Kâ€™ or â€˜[01m[K...[m[Kâ€™ before numeric constant
[7.820s] [01m[K/home/guo/ITL_sentry_auto_new/src/node/include/test_node.hpp:71:77:[m[K [01;31m[Kerror: [m[Kexpected identifier before numeric constant
[7.820s]    71 | ils::ThreadSafeQueue<std::optional<predict::Target>, true> target_queue([01;31m[K1[m[K);
[7.820s]       |                                                                         [01;31m[K^[m[K
[7.820s] 
[7.820s] [01m[K/home/guo/ITL_sentry_auto_new/src/node/include/test_node.hpp:71:77:[m[K [01;31m[Kerror: [m[Kexpected â€˜[01m[K,[m[Kâ€™ or â€˜[01m[K...[m[Kâ€™ before numeric constant
[7.835s] [01m[K/home/guo/ITL_sentry_auto_new/src/node/src/test_node.cpp:[m[K In member function â€˜[01m[Kint pipeline::PipelineApp::run()[m[Kâ€™:
[7.835s] [01m[K/home/guo/ITL_sentry_auto_new/src/node/src/test_node.cpp:117:7:[m[K [01;31m[Kerror: [m[Kâ€˜[01m[Karmor[m[Kâ€™ was not declared in this scope; did you mean â€˜[01m[KArmors[m[Kâ€™?
[7.835s]   117 |       [01;31m[Karmor[m[K.begin(), armor.end());
[7.835s]       |       [01;31m[K^~~~~[m[K
[7.835s]       |       [32m[KArmors[m[K
[7.841s] [01m[K/home/guo/ITL_sentry_auto_new/src/node/src/test_node.cpp:146:7:[m[K [01;31m[Kerror: [m[Kinvalid use of member function â€˜[01m[Kutils::ThreadSafeQueue<pipeline::DebugPacket, true> pipeline::PipelineApp::visualization_queue(int)[m[Kâ€™ (did you forget the â€˜[01m[K()[m[Kâ€™ ?)
[7.841s]   146 |       [01;31m[Kvisualization_queue[m[K.push(debug_packet);
[7.841s]       |       [01;31m[K^~~~~~~~~~~~~~~~~~~[m[K
[7.842s] [01m[K/home/guo/ITL_sentry_auto_new/src/node/src/test_node.cpp:[m[K In member function â€˜[01m[Kvoid pipeline::PipelineApp::request_stop()[m[Kâ€™:
[7.842s] [01m[K/home/guo/ITL_sentry_auto_new/src/node/src/test_node.cpp:165:7:[m[K [01;31m[Kerror: [m[Kinvalid use of member function â€˜[01m[Kutils::ThreadSafeQueue<pipeline::DebugPacket, true> pipeline::PipelineApp::visualization_queue(int)[m[Kâ€™ (did you forget the â€˜[01m[K()[m[Kâ€™ ?)
[7.842s]   165 |       [01;31m[Kvisualization_queue[m[K.push(DebugPacket{});
[7.842s]       |       [01;31m[K^~~~~~~~~~~~~~~~~~~[m[K
[7.842s] [01m[K/home/guo/ITL_sentry_auto_new/src/node/src/test_node.cpp:165:45:[m[K [01;31m[Kerror: [m[Kexpected primary-expression before â€˜[01m[K)[m[Kâ€™ token
[7.842s]   165 |       visualization_queue.push(DebugPacket{}[01;31m[K)[m[K;
[7.842s]       |                                             [01;31m[K^[m[K
[7.843s] [01m[K/home/guo/ITL_sentry_auto_new/src/node/src/test_node.cpp:[m[K In member function â€˜[01m[Kvoid pipeline::PipelineApp::visualization_loop()[m[Kâ€™:
[7.843s] [01m[K/home/guo/ITL_sentry_auto_new/src/node/src/test_node.cpp:202:5:[m[K [01;31m[Kerror: [m[Kinvalid use of member function â€˜[01m[Kutils::ThreadSafeQueue<pipeline::DebugPacket, true> pipeline::PipelineApp::visualization_queue(int)[m[Kâ€™ (did you forget the â€˜[01m[K()[m[Kâ€™ ?)
[7.843s]   202 |     [01;31m[Kvisualization_queue[m[K.pop(packet);
[7.843s]       |     [01;31m[K^~~~~~~~~~~~~~~~~~~[m[K
[10.871s] gmake[2]: *** [CMakeFiles/pipeline_node.dir/build.make:76ï¼šCMakeFiles/pipeline_node.dir/src/test_node.cpp.o] é”™è¯¯ 1
[10.871s] gmake[1]: *** [CMakeFiles/Makefile2:137ï¼šCMakeFiles/pipeline_node.dir/all] é”™è¯¯ 2
[10.872s] gmake: *** [Makefile:146ï¼šall] é”™è¯¯ 2
[10.874s] Invoked command in '/home/guo/ITL_sentry_auto_new/build/pipeline' returned '2': CMAKE_PREFIX_PATH=/home/guo/ITL_sentry_auto_new/install/tracker:/home/guo/ITL_sentry_auto_new/install/planner:/home/guo/ITL_sentry_auto_new/install/aimer:/home/guo/ITL_sentry_auto_new/install/predictor:/home/guo/ITL_sentry_auto_new/install/solver:/home/guo/ITL_sentry_auto_new/install/gimbal:/home/guo/ITL_sentry_auto_new/install/dm_imu:/home/guo/ITL_sentry_auto_new/install/serial:/home/guo/ITL_sentry_auto_new/install/motion_model:/home/guo/ITL_sentry_auto_new/install/hikvision:/home/guo/ITL_sentry_auto_new/install/detected:/home/guo/ITL_sentry_auto_new/install/cboard:/home/guo/ITL_sentry_auto_new/install/utils:/home/guo/ITL_sentry_auto_new/install/filter_lib:/home/guo/ITL_sentry_auto_new/install/autoaim_msgs:/home/guo/ITL_sentry_auto_new/install/pipeline:/home/guo/ITL_sentry_auto_new/install/armor_pointer:/opt/ros/rolling LD_LIBRARY_PATH=/home/guo/ITL_sentry_auto_new/install/planner/lib:/home/guo/ITL_sentry_auto_new/install/aimer/lib:/home/guo/ITL_sentry_auto_new/install/predictor/lib:/home/guo/ITL_sentry_auto_new/install/solver/lib:/home/guo/ITL_sentry_auto_new/install/gimbal/lib:/home/guo/ITL_sentry_auto_new/install/dm_imu/lib:/home/guo/ITL_sentry_auto_new/install/serial/lib:/home/guo/ITL_sentry_auto_new/install/motion_model/lib:/home/guo/ITL_sentry_auto_new/install/hikvision/lib:/home/guo/ITL_sentry_auto_new/install/detected/lib:/home/guo/ITL_sentry_auto_new/install/cboard/lib:/home/guo/ITL_sentry_auto_new/install/autoaim_msgs/lib:/home/guo/ITL_sentry_auto_new/install/tracker/lib:/home/guo/ITL_sentry_auto_new/install/utils/lib:/home/guo/ITL_sentry_auto_new/install/filter_lib/lib:/home/guo/ITL_sentry_auto_new/install/armor_pointer/lib:/usr/lib/x86_64-linux-gnu:/opt/ros/rolling/opt/rviz_ogre_vendor/lib:/opt/ros/rolling/lib/x86_64-linux-gnu:/opt/ros/rolling/lib:/opt/MVS/lib/64:/opt/MVS/lib/32:/usr/local/TensorRT.10.7.0.23/lib:/usr/lib/x86_64-linux-gnu:/usr/local/cuda/lib64:/opt/MVS/lib/64:/opt/MVS/lib/32:/opt/MVS/lib/64:/opt/MVS/lib/32 /usr/local/bin/cmake --build /home/guo/ITL_sentry_auto_new/build/pipeline -- -j24 -l24
