[0.045s] Invoking command in '/home/guo/ITL_sentry_auto_new/build/detected': CMAKE_PREFIX_PATH=/home/guo/ITL_sentry_auto_new/install/utils:/home/guo/ITL_sentry_auto_new/install/pipeline:/home/guo/ITL_sentry_auto_new/install/tracker:/home/guo/ITL_sentry_auto_new/install/planner:/home/guo/ITL_sentry_auto_new/install/aimer:/home/guo/ITL_sentry_auto_new/install/predictor:/home/guo/ITL_sentry_auto_new/install/solver:/home/guo/ITL_sentry_auto_new/install/hikvision:/home/guo/ITL_sentry_auto_new/install/gimbal:/home/guo/ITL_sentry_auto_new/install/dm_imu:/home/guo/ITL_sentry_auto_new/install/detected:/home/guo/ITL_sentry_auto_new/install/cboard:/home/guo/ITL_sentry_auto_new/install/serial:/home/guo/ITL_sentry_auto_new/install/motion_model:/home/guo/ITL_sentry_auto_new/install/filter_lib:/home/guo/ITL_sentry_auto_new/install/autoaim_msgs:/home/guo/ITL_sentry_auto_new/install/armor_pointer:/opt/ros/rolling /usr/local/bin/cmake --build /home/guo/ITL_sentry_auto_new/build/detected -- -j24 -l24
[0.072s] [ 22%] Built target armor_data_lib
[0.087s] [ 44%] Built target armor_classifier_lib
[0.089s] [ 77%] Built target armor_detector_lib
[0.103s] [ 88%] [32mBuilding CXX object CMakeFiles/detected.dir/src/node/armor_detector_node.cpp.o[0m
[1.495s] In file included from [01m[K/home/guo/ITL_sentry_auto_new/src/core/detected/src/node/armor_detector_node.cpp:1[m[K:
[1.495s] [01m[K/home/guo/ITL_sentry_auto_new/src/core/detected/include/node/armor_detector_node.hpp:39:1:[m[K [01;31m[Kerror: [m[Kexpected identifier before â€˜[01m[Kprivate[m[Kâ€™
[1.496s]    39 | [01;31m[Kprivate[m[K:
[1.496s]       | [01;31m[K^~~~~~~[m[K
[1.496s] [01m[K/home/guo/ITL_sentry_auto_new/src/core/detected/include/node/armor_detector_node.hpp:39:1:[m[K [01;31m[Kerror: [m[Kexpected â€˜[01m[K,[m[Kâ€™ or â€˜[01m[K...[m[Kâ€™ before â€˜[01m[Kprivate[m[Kâ€™
[1.496s] [01m[K/home/guo/ITL_sentry_auto_new/src/core/detected/include/node/armor_detector_node.hpp:40:19:[m[K [01;31m[Kerror: [m[Kexpected â€˜[01m[K)[m[Kâ€™ before â€˜[01m[K;[m[Kâ€™ token
[1.496s]    40 |     Config config_[01;31m[K;[m[K
[1.496s]       |                   [01;31m[K^[m[K
[1.496s]       |                   [32m[K)[m[K
[1.496s] [01m[K/home/guo/ITL_sentry_auto_new/src/core/detected/include/node/armor_detector_node.hpp:37:28:[m[K [01;36m[Knote: [m[Kto match this â€˜[01m[K([m[Kâ€™
[1.496s]    37 |     void  visualize_results[01;36m[K([m[Kcv::Mat & canvas, const std::vector<Visualization> & armors,
[1.496s]       |                            [01;36m[K^[m[K
[1.499s] [01m[K/home/guo/ITL_sentry_auto_new/src/core/detected/include/node/armor_detector_node.hpp:47:37:[m[K [01;31m[Kerror: [m[Kexpected unqualified-id before â€˜[01m[Kint[m[Kâ€™
[1.499s]    47 |     const cv::Point & center_point, [01;31m[Kint[m[K frame_index);
[1.499s]       |                                     [01;31m[K^~~[m[K
[1.503s] [01m[K/home/guo/ITL_sentry_auto_new/src/core/detected/include/node/armor_detector_node.hpp:[m[K In member function â€˜[01m[Kconst armor_auto_aim::Detector::Config& armor_auto_aim::Detector::config() const[m[Kâ€™:
[1.503s] [01m[K/home/guo/ITL_sentry_auto_new/src/core/detected/include/node/armor_detector_node.hpp:34:43:[m[K [01;31m[Kerror: [m[Kâ€˜[01m[Kconfig_[m[Kâ€™ was not declared in this scope; did you mean â€˜[01m[Kconfig[m[Kâ€™?
[1.503s]    34 |     const Config& config() const { return [01;31m[Kconfig_[m[K; }
[1.503s]       |                                           [01;31m[K^~~~~~~[m[K
[1.503s]       |                                           [32m[Kconfig[m[K
[1.665s] [01m[K/home/guo/ITL_sentry_auto_new/src/core/detected/src/node/armor_detector_node.cpp:[m[K In constructor â€˜[01m[Karmor_auto_aim::Detector::Detector(const string&)[m[Kâ€™:
[1.665s] [01m[K/home/guo/ITL_sentry_auto_new/src/core/detected/src/node/armor_detector_node.cpp:32:1:[m[K [01;31m[Kerror: [m[Kuninitialized reference member in â€˜[01m[Kconst Point&[m[Kâ€™ {aka â€˜[01m[Kconst class cv::Point_<int>&[m[Kâ€™} [[01;31m[K]8;;https://gcc.gnu.org/onlinedocs/gcc/Warning-Options.html#index-fpermissive-fpermissive]8;;[m[K]
[1.665s]    32 | [01;31m[KDetector[m[K::Detector(const std::string& config_path)
[1.665s]       | [01;31m[K^~~~~~~~[m[K
[1.665s] In file included from [01m[K/home/guo/ITL_sentry_auto_new/src/core/detected/src/node/armor_detector_node.cpp:1[m[K:
[1.665s] [01m[K/home/guo/ITL_sentry_auto_new/src/core/detected/include/node/armor_detector_node.hpp:47:23:[m[K [01;36m[Knote: [m[Kâ€˜[01m[Kconst Point& armor_auto_aim::Detector::center_point[m[Kâ€™ should be initialized
[1.665s]    47 |     const cv::Point & [01;36m[Kcenter_point[m[K, int frame_index);
[1.665s]       |                       [01;36m[K^~~~~~~~~~~~[m[K
[1.669s] [01m[K/home/guo/ITL_sentry_auto_new/src/core/detected/src/node/armor_detector_node.cpp:36:9:[m[K [01;31m[Kerror: [m[Kâ€˜[01m[Kconfig_[m[Kâ€™ was not declared in this scope; did you mean â€˜[01m[Kconfig[m[Kâ€™?
[1.669s]    36 |         [01;31m[Kconfig_[m[K = Config::from_yaml(yaml_config);
[1.669s]       |         [01;31m[K^~~~~~~[m[K
[1.669s]       |         [32m[Kconfig[m[K
[1.671s] [01m[K/home/guo/ITL_sentry_auto_new/src/core/detected/src/node/armor_detector_node.cpp:[m[K At global scope:
[1.671s] [01m[K/home/guo/ITL_sentry_auto_new/src/core/detected/src/node/armor_detector_node.cpp:114:7:[m[K [01;31m[Kerror: [m[Kno declaration matches â€˜[01m[Kvoid armor_auto_aim::Detector::visualize_results(cv::Mat&, const std::vector<armor_auto_aim::Visualization>&, const Point&, int)[m[Kâ€™
[1.671s]   114 | void  [01;31m[KDetector[m[K::visualize_results(
[1.672s]       |       [01;31m[K^~~~~~~~[m[K
[1.672s] In file included from [01m[K/home/guo/ITL_sentry_auto_new/src/core/detected/src/node/armor_detector_node.cpp:1[m[K:
[1.672s] [01m[K/home/guo/ITL_sentry_auto_new/src/core/detected/include/node/armor_detector_node.hpp:37:11:[m[K [01;36m[Knote: [m[Kcandidate is: â€˜[01m[Kvoid armor_auto_aim::Detector::visualize_results(cv::Mat&, const std::vector<armor_auto_aim::Visualization>&, int)[m[Kâ€™
[1.672s]    37 |     void  [01;36m[Kvisualize_results[m[K(cv::Mat & canvas, const std::vector<Visualization> & armors,
[1.672s]       |           [01;36m[K^~~~~~~~~~~~~~~~~[m[K
[1.672s] [01m[K/home/guo/ITL_sentry_auto_new/src/core/detected/include/node/armor_detector_node.hpp:14:7:[m[K [01;36m[Knote: [m[Kâ€˜[01m[Kclass armor_auto_aim::Detector[m[Kâ€™ defined here
[1.672s]    14 | class [01;36m[KDetector[m[K {
[1.672s]       |       [01;36m[K^~~~~~~~[m[K
[3.279s] gmake[2]: *** [CMakeFiles/detected.dir/build.make:76ï¼šCMakeFiles/detected.dir/src/node/armor_detector_node.cpp.o] é”™è¯¯ 1
[3.279s] gmake[1]: *** [CMakeFiles/Makefile2:222ï¼šCMakeFiles/detected.dir/all] é”™è¯¯ 2
[3.280s] gmake: *** [Makefile:146ï¼šall] é”™è¯¯ 2
[3.281s] Invoked command in '/home/guo/ITL_sentry_auto_new/build/detected' returned '2': CMAKE_PREFIX_PATH=/home/guo/ITL_sentry_auto_new/install/utils:/home/guo/ITL_sentry_auto_new/install/pipeline:/home/guo/ITL_sentry_auto_new/install/tracker:/home/guo/ITL_sentry_auto_new/install/planner:/home/guo/ITL_sentry_auto_new/install/aimer:/home/guo/ITL_sentry_auto_new/install/predictor:/home/guo/ITL_sentry_auto_new/install/solver:/home/guo/ITL_sentry_auto_new/install/hikvision:/home/guo/ITL_sentry_auto_new/install/gimbal:/home/guo/ITL_sentry_auto_new/install/dm_imu:/home/guo/ITL_sentry_auto_new/install/detected:/home/guo/ITL_sentry_auto_new/install/cboard:/home/guo/ITL_sentry_auto_new/install/serial:/home/guo/ITL_sentry_auto_new/install/motion_model:/home/guo/ITL_sentry_auto_new/install/filter_lib:/home/guo/ITL_sentry_auto_new/install/autoaim_msgs:/home/guo/ITL_sentry_auto_new/install/armor_pointer:/opt/ros/rolling /usr/local/bin/cmake --build /home/guo/ITL_sentry_auto_new/build/detected -- -j24 -l24
