[ 50%] [32mBuilding CXX object CMakeFiles/pipeline_node.dir/src/test_node.cpp.o[0m
In file included from [01m[K/home/guo/ITL_sentry_auto_new/src/node/src/test_node.cpp:1[m[K:
[01m[K/home/guo/ITL_sentry_auto_new/src/node/include/test_node.hpp:37:15:[m[K [01;31m[Kerror: [m[Kâ€˜[01m[KVisualization[m[Kâ€™ was not declared in this scope; did you mean â€˜[01m[Karmor_auto_aim::Visualization[m[Kâ€™?
   37 |   std::vector<[01;31m[KVisualization[m[K> reprojected_armors;
      |               [01;31m[K^~~~~~~~~~~~~[m[K
      |               [32m[Karmor_auto_aim::Visualization[m[K
In file included from [01m[K/home/guo/ITL_sentry_auto_new/install/detected/include/node/armor_detector_node.hpp:8[m[K,
                 from [01m[K/home/guo/ITL_sentry_auto_new/src/node/include/test_node.hpp:18[m[K,
                 from [01m[K/home/guo/ITL_sentry_auto_new/src/node/src/test_node.cpp:1[m[K:
[01m[K/home/guo/ITL_sentry_auto_new/install/detected/include/common/armor.hpp:71:8:[m[K [01;36m[Knote: [m[Kâ€˜[01m[Karmor_auto_aim::Visualization[m[Kâ€™ declared here
   71 | struct [01;36m[KVisualization[m[K
      |        [01;36m[K^~~~~~~~~~~~~[m[K
In file included from [01m[K/home/guo/ITL_sentry_auto_new/src/node/src/test_node.cpp:1[m[K:
[01m[K/home/guo/ITL_sentry_auto_new/src/node/include/test_node.hpp:37:28:[m[K [01;31m[Kerror: [m[Ktemplate argument 1 is invalid
   37 |   std::vector<Visualization[01;31m[K>[m[K reprojected_armors;
      |                            [01;31m[K^[m[K
[01m[K/home/guo/ITL_sentry_auto_new/src/node/include/test_node.hpp:37:28:[m[K [01;31m[Kerror: [m[Ktemplate argument 2 is invalid
[01m[K/home/guo/ITL_sentry_auto_new/src/node/include/test_node.hpp:28:23:[m[K [01;31m[Kerror: [m[Ktwo or more data types in declaration of â€˜[01m[Ktype name[m[Kâ€™
   28 | using Visualization = [01;31m[Karmor_auto_aim[m[K::Visualization
      |                       [01;31m[K^~~~~~~~~~~~~~[m[K
[01m[K/home/guo/ITL_sentry_auto_new/src/node/src/test_node.cpp:[m[K In member function â€˜[01m[Kint pipeline::PipelineApp::run()[m[Kâ€™:
[01m[K/home/guo/ITL_sentry_auto_new/src/node/src/test_node.cpp:147:39:[m[K [01;31m[Kerror: [m[Krequest for member â€˜[01m[Kreserve[m[Kâ€™ in â€˜[01m[Kdebug_packet.pipeline::DebugPacket::reprojected_armors[m[Kâ€™, which is of non-class type â€˜[01m[Kint[m[Kâ€™
  147 |       debug_packet.reprojected_armors.[01;31m[Kreserve[m[K(targets.size() * 4);
      |                                       [01;31m[K^~~~~~~[m[K
[01m[K/home/guo/ITL_sentry_auto_new/src/node/src/test_node.cpp:159:11:[m[K [01;31m[Kerror: [m[Kâ€˜[01m[KVisualization[m[Kâ€™ was not declared in this scope; did you mean â€˜[01m[Karmor_auto_aim::Visualization[m[Kâ€™?
  159 |           [01;31m[KVisualization[m[K vis_armor;
      |           [01;31m[K^~~~~~~~~~~~~[m[K
      |           [32m[Karmor_auto_aim::Visualization[m[K
In file included from [01m[K/home/guo/ITL_sentry_auto_new/install/detected/include/node/armor_detector_node.hpp:8[m[K,
                 from [01m[K/home/guo/ITL_sentry_auto_new/src/node/include/test_node.hpp:18[m[K,
                 from [01m[K/home/guo/ITL_sentry_auto_new/src/node/src/test_node.cpp:1[m[K:
[01m[K/home/guo/ITL_sentry_auto_new/install/detected/include/common/armor.hpp:71:8:[m[K [01;36m[Knote: [m[Kâ€˜[01m[Karmor_auto_aim::Visualization[m[Kâ€™ declared here
   71 | struct [01;36m[KVisualization[m[K
      |        [01;36m[K^~~~~~~~~~~~~[m[K
[01m[K/home/guo/ITL_sentry_auto_new/src/node/src/test_node.cpp:160:63:[m[K [01;31m[Kerror: [m[Kâ€˜[01m[Kvis_armor[m[Kâ€™ was not declared in this scope
  160 |           std::copy(image_points.begin(), image_points.end(), [01;31m[Kvis_armor[m[K.corners.begin());
      |                                                               [01;31m[K^~~~~~~~~[m[K
[01m[K/home/guo/ITL_sentry_auto_new/src/node/src/test_node.cpp:163:43:[m[K [01;31m[Kerror: [m[Krequest for member â€˜[01m[Kpush_back[m[Kâ€™ in â€˜[01m[Kdebug_packet.pipeline::DebugPacket::reprojected_armors[m[Kâ€™, which is of non-class type â€˜[01m[Kint[m[Kâ€™
  163 |           debug_packet.reprojected_armors.[01;31m[Kpush_back[m[K(vis_armor);
      |                                           [01;31m[K^~~~~~~~~[m[K
[01m[K/home/guo/ITL_sentry_auto_new/src/node/src/test_node.cpp:[m[K In member function â€˜[01m[Kvoid pipeline::PipelineApp::visualization_loop()[m[Kâ€™:
[01m[K/home/guo/ITL_sentry_auto_new/src/node/src/test_node.cpp:237:23:[m[K [01;31m[Kerror: [m[Kâ€˜[01m[Kvisualize_results[m[Kâ€™ is not a member of â€˜[01m[Karmor_auto_aim[m[Kâ€™
  237 |       armor_auto_aim::[01;31m[Kvisualize_results[m[K(canvas, packet.reprojected_armors, visualization_center_point_, frame_index);
      |                       [01;31m[K^~~~~~~~~~~~~~~~~[m[K
gmake[2]: *** [CMakeFiles/pipeline_node.dir/build.make:76ï¼šCMakeFiles/pipeline_node.dir/src/test_node.cpp.o] é”™è¯¯ 1
gmake[1]: *** [CMakeFiles/Makefile2:137ï¼šCMakeFiles/pipeline_node.dir/all] é”™è¯¯ 2
gmake: *** [Makefile:146ï¼šall] é”™è¯¯ 2
