[0.044s] Invoking command in '/home/guo/ITL_sentry_auto_new/build/pipeline': CMAKE_PREFIX_PATH=/home/guo/ITL_sentry_auto_new/install/tracker:/home/guo/ITL_sentry_auto_new/install/aimer:/home/guo/ITL_sentry_auto_new/install/predictor:/home/guo/ITL_sentry_auto_new/install/solver:/home/guo/ITL_sentry_auto_new/install/gimbal:/home/guo/ITL_sentry_auto_new/install/dm_imu:/home/guo/ITL_sentry_auto_new/install/serial:/home/guo/ITL_sentry_auto_new/install/motion_model:/home/guo/ITL_sentry_auto_new/install/hikvision:/home/guo/ITL_sentry_auto_new/install/detected:/home/guo/ITL_sentry_auto_new/install/cboard:/home/guo/ITL_sentry_auto_new/install/utils:/home/guo/ITL_sentry_auto_new/install/filter_lib:/home/guo/ITL_sentry_auto_new/install/autoaim_msgs:/home/guo/ITL_sentry_auto_new/install/pipeline:/home/guo/ITL_sentry_auto_new/install/planner:/home/guo/ITL_sentry_auto_new/install/armor_pointer:/opt/ros/rolling LD_LIBRARY_PATH=/home/guo/ITL_sentry_auto_new/install/aimer/lib:/home/guo/ITL_sentry_auto_new/install/predictor/lib:/home/guo/ITL_sentry_auto_new/install/solver/lib:/home/guo/ITL_sentry_auto_new/install/gimbal/lib:/home/guo/ITL_sentry_auto_new/install/dm_imu/lib:/home/guo/ITL_sentry_auto_new/install/serial/lib:/home/guo/ITL_sentry_auto_new/install/motion_model/lib:/home/guo/ITL_sentry_auto_new/install/hikvision/lib:/home/guo/ITL_sentry_auto_new/install/detected/lib:/home/guo/ITL_sentry_auto_new/install/cboard/lib:/home/guo/ITL_sentry_auto_new/install/autoaim_msgs/lib:/home/guo/ITL_sentry_auto_new/install/tracker/lib:/home/guo/ITL_sentry_auto_new/install/planner/lib:/home/guo/ITL_sentry_auto_new/install/utils/lib:/home/guo/ITL_sentry_auto_new/install/filter_lib/lib:/home/guo/ITL_sentry_auto_new/install/armor_pointer/lib:/usr/lib/x86_64-linux-gnu:/opt/ros/rolling/opt/rviz_ogre_vendor/lib:/opt/ros/rolling/lib/x86_64-linux-gnu:/opt/ros/rolling/lib:/opt/MVS/lib/64:/opt/MVS/lib/32:/usr/local/TensorRT.10.7.0.23/lib:/usr/lib/x86_64-linux-gnu:/usr/local/cuda/lib64:/opt/MVS/lib/64:/opt/MVS/lib/32:/opt/MVS/lib/64:/opt/MVS/lib/32 /usr/local/bin/cmake --build /home/guo/ITL_sentry_auto_new/build/pipeline -- -j24 -l24
[0.081s] [ 50%] [32mBuilding CXX object CMakeFiles/pipeline_node.dir/src/test_node.cpp.o[0m
[3.820s] In file included from [01m[K/home/guo/ITL_sentry_auto_new/src/node/src/test_node.cpp:1[m[K:
[3.820s] [01m[K/home/guo/ITL_sentry_auto_new/src/node/include/test_node.hpp:37:15:[m[K [01;31m[Kerror: [m[Kâ€˜[01m[KVisualization[m[Kâ€™ was not declared in this scope; did you mean â€˜[01m[Karmor_auto_aim::Visualization[m[Kâ€™?
[3.820s]    37 |   std::vector<[01;31m[KVisualization[m[K> reprojected_armors;
[3.820s]       |               [01;31m[K^~~~~~~~~~~~~[m[K
[3.820s]       |               [32m[Karmor_auto_aim::Visualization[m[K
[3.820s] In file included from [01m[K/home/guo/ITL_sentry_auto_new/install/detected/include/node/armor_detector_node.hpp:8[m[K,
[3.820s]                  from [01m[K/home/guo/ITL_sentry_auto_new/src/node/include/test_node.hpp:18[m[K,
[3.820s]                  from [01m[K/home/guo/ITL_sentry_auto_new/src/node/src/test_node.cpp:1[m[K:
[3.820s] [01m[K/home/guo/ITL_sentry_auto_new/install/detected/include/common/armor.hpp:71:8:[m[K [01;36m[Knote: [m[Kâ€˜[01m[Karmor_auto_aim::Visualization[m[Kâ€™ declared here
[3.820s]    71 | struct [01;36m[KVisualization[m[K
[3.820s]       |        [01;36m[K^~~~~~~~~~~~~[m[K
[3.820s] In file included from [01m[K/home/guo/ITL_sentry_auto_new/src/node/src/test_node.cpp:1[m[K:
[3.821s] [01m[K/home/guo/ITL_sentry_auto_new/src/node/include/test_node.hpp:37:28:[m[K [01;31m[Kerror: [m[Ktemplate argument 1 is invalid
[3.821s]    37 |   std::vector<Visualization[01;31m[K>[m[K reprojected_armors;
[3.821s]       |                            [01;31m[K^[m[K
[3.821s] [01m[K/home/guo/ITL_sentry_auto_new/src/node/include/test_node.hpp:37:28:[m[K [01;31m[Kerror: [m[Ktemplate argument 2 is invalid
[3.821s] [01m[K/home/guo/ITL_sentry_auto_new/src/node/include/test_node.hpp:28:23:[m[K [01;31m[Kerror: [m[Ktwo or more data types in declaration of â€˜[01m[Ktype name[m[Kâ€™
[3.821s]    28 | using Visualization = [01;31m[Karmor_auto_aim[m[K::Visualization
[3.821s]       |                       [01;31m[K^~~~~~~~~~~~~~[m[K
[3.860s] [01m[K/home/guo/ITL_sentry_auto_new/src/node/src/test_node.cpp:[m[K In member function â€˜[01m[Kint pipeline::PipelineApp::run()[m[Kâ€™:
[3.860s] [01m[K/home/guo/ITL_sentry_auto_new/src/node/src/test_node.cpp:147:39:[m[K [01;31m[Kerror: [m[Krequest for member â€˜[01m[Kreserve[m[Kâ€™ in â€˜[01m[Kdebug_packet.pipeline::DebugPacket::reprojected_armors[m[Kâ€™, which is of non-class type â€˜[01m[Kint[m[Kâ€™
[3.860s]   147 |       debug_packet.reprojected_armors.[01;31m[Kreserve[m[K(targets.size() * 4);
[3.861s]       |                                       [01;31m[K^~~~~~~[m[K
[3.864s] [01m[K/home/guo/ITL_sentry_auto_new/src/node/src/test_node.cpp:159:11:[m[K [01;31m[Kerror: [m[Kâ€˜[01m[KVisualization[m[Kâ€™ was not declared in this scope; did you mean â€˜[01m[Karmor_auto_aim::Visualization[m[Kâ€™?
[3.864s]   159 |           [01;31m[KVisualization[m[K vis_armor;
[3.864s]       |           [01;31m[K^~~~~~~~~~~~~[m[K
[3.864s]       |           [32m[Karmor_auto_aim::Visualization[m[K
[3.864s] In file included from [01m[K/home/guo/ITL_sentry_auto_new/install/detected/include/node/armor_detector_node.hpp:8[m[K,
[3.864s]                  from [01m[K/home/guo/ITL_sentry_auto_new/src/node/include/test_node.hpp:18[m[K,
[3.864s]                  from [01m[K/home/guo/ITL_sentry_auto_new/src/node/src/test_node.cpp:1[m[K:
[3.864s] [01m[K/home/guo/ITL_sentry_auto_new/install/detected/include/common/armor.hpp:71:8:[m[K [01;36m[Knote: [m[Kâ€˜[01m[Karmor_auto_aim::Visualization[m[Kâ€™ declared here
[3.865s]    71 | struct [01;36m[KVisualization[m[K
[3.865s]       |        [01;36m[K^~~~~~~~~~~~~[m[K
[3.873s] [01m[K/home/guo/ITL_sentry_auto_new/src/node/src/test_node.cpp:160:63:[m[K [01;31m[Kerror: [m[Kâ€˜[01m[Kvis_armor[m[Kâ€™ was not declared in this scope
[3.873s]   160 |           std::copy(image_points.begin(), image_points.end(), [01;31m[Kvis_armor[m[K.corners.begin());
[3.873s]       |                                                               [01;31m[K^~~~~~~~~[m[K
[3.874s] [01m[K/home/guo/ITL_sentry_auto_new/src/node/src/test_node.cpp:163:43:[m[K [01;31m[Kerror: [m[Krequest for member â€˜[01m[Kpush_back[m[Kâ€™ in â€˜[01m[Kdebug_packet.pipeline::DebugPacket::reprojected_armors[m[Kâ€™, which is of non-class type â€˜[01m[Kint[m[Kâ€™
[3.874s]   163 |           debug_packet.reprojected_armors.[01;31m[Kpush_back[m[K(vis_armor);
[3.874s]       |                                           [01;31m[K^~~~~~~~~[m[K
[3.876s] [01m[K/home/guo/ITL_sentry_auto_new/src/node/src/test_node.cpp:[m[K In member function â€˜[01m[Kvoid pipeline::PipelineApp::visualization_loop()[m[Kâ€™:
[3.877s] [01m[K/home/guo/ITL_sentry_auto_new/src/node/src/test_node.cpp:237:23:[m[K [01;31m[Kerror: [m[Kâ€˜[01m[Kvisualize_results[m[Kâ€™ is not a member of â€˜[01m[Karmor_auto_aim[m[Kâ€™
[3.877s]   237 |       armor_auto_aim::[01;31m[Kvisualize_results[m[K(canvas, packet.reprojected_armors, visualization_center_point_, frame_index);
[3.877s]       |                       [01;31m[K^~~~~~~~~~~~~~~~~[m[K
[6.418s] gmake[2]: *** [CMakeFiles/pipeline_node.dir/build.make:76ï¼šCMakeFiles/pipeline_node.dir/src/test_node.cpp.o] é”™è¯¯ 1
[6.418s] gmake[1]: *** [CMakeFiles/Makefile2:137ï¼šCMakeFiles/pipeline_node.dir/all] é”™è¯¯ 2
[6.418s] gmake: *** [Makefile:146ï¼šall] é”™è¯¯ 2
[6.420s] Invoked command in '/home/guo/ITL_sentry_auto_new/build/pipeline' returned '2': CMAKE_PREFIX_PATH=/home/guo/ITL_sentry_auto_new/install/tracker:/home/guo/ITL_sentry_auto_new/install/aimer:/home/guo/ITL_sentry_auto_new/install/predictor:/home/guo/ITL_sentry_auto_new/install/solver:/home/guo/ITL_sentry_auto_new/install/gimbal:/home/guo/ITL_sentry_auto_new/install/dm_imu:/home/guo/ITL_sentry_auto_new/install/serial:/home/guo/ITL_sentry_auto_new/install/motion_model:/home/guo/ITL_sentry_auto_new/install/hikvision:/home/guo/ITL_sentry_auto_new/install/detected:/home/guo/ITL_sentry_auto_new/install/cboard:/home/guo/ITL_sentry_auto_new/install/utils:/home/guo/ITL_sentry_auto_new/install/filter_lib:/home/guo/ITL_sentry_auto_new/install/autoaim_msgs:/home/guo/ITL_sentry_auto_new/install/pipeline:/home/guo/ITL_sentry_auto_new/install/planner:/home/guo/ITL_sentry_auto_new/install/armor_pointer:/opt/ros/rolling LD_LIBRARY_PATH=/home/guo/ITL_sentry_auto_new/install/aimer/lib:/home/guo/ITL_sentry_auto_new/install/predictor/lib:/home/guo/ITL_sentry_auto_new/install/solver/lib:/home/guo/ITL_sentry_auto_new/install/gimbal/lib:/home/guo/ITL_sentry_auto_new/install/dm_imu/lib:/home/guo/ITL_sentry_auto_new/install/serial/lib:/home/guo/ITL_sentry_auto_new/install/motion_model/lib:/home/guo/ITL_sentry_auto_new/install/hikvision/lib:/home/guo/ITL_sentry_auto_new/install/detected/lib:/home/guo/ITL_sentry_auto_new/install/cboard/lib:/home/guo/ITL_sentry_auto_new/install/autoaim_msgs/lib:/home/guo/ITL_sentry_auto_new/install/tracker/lib:/home/guo/ITL_sentry_auto_new/install/planner/lib:/home/guo/ITL_sentry_auto_new/install/utils/lib:/home/guo/ITL_sentry_auto_new/install/filter_lib/lib:/home/guo/ITL_sentry_auto_new/install/armor_pointer/lib:/usr/lib/x86_64-linux-gnu:/opt/ros/rolling/opt/rviz_ogre_vendor/lib:/opt/ros/rolling/lib/x86_64-linux-gnu:/opt/ros/rolling/lib:/opt/MVS/lib/64:/opt/MVS/lib/32:/usr/local/TensorRT.10.7.0.23/lib:/usr/lib/x86_64-linux-gnu:/usr/local/cuda/lib64:/opt/MVS/lib/64:/opt/MVS/lib/32:/opt/MVS/lib/64:/opt/MVS/lib/32 /usr/local/bin/cmake --build /home/guo/ITL_sentry_auto_new/build/pipeline -- -j24 -l24
