[0.018s] Invoking command in '/home/guo/ITL_sentry_auto_new/build/auto_buff': AMENT_PREFIX_PATH=/home/guo/ITL_sentry_auto_new/install/auto_aim:/home/guo/ITL_sentry_auto_new/install/deveice:/home/guo/ITL_sentry_auto_new/install/serial:/home/guo/ITL_sentry_auto_new/install/utils:/home/guo/ITL_sentry_auto_new/install/autoaim_msgs:${AMENT_PREFIX_PATH} CMAKE_PREFIX_PATH=/home/guo/ITL_sentry_auto_new/install/auto_aim:/home/guo/ITL_sentry_auto_new/install/deveice:/home/guo/ITL_sentry_auto_new/install/serial:/home/guo/ITL_sentry_auto_new/install/utils:/home/guo/ITL_sentry_auto_new/install/autoaim_msgs:/opt/ros/rolling LD_LIBRARY_PATH=/home/guo/ITL_sentry_auto_new/install/auto_aim/lib:/home/guo/ITL_sentry_auto_new/install/deveice/lib:/home/guo/ITL_sentry_auto_new/install/serial/lib:/home/guo/ITL_sentry_auto_new/install/utils/lib:/home/guo/ITL_sentry_auto_new/install/autoaim_msgs/lib:/opt/MVS/lib/64:/opt/MVS/lib/32:/usr/lib/x86_64-linux-gnu:/opt/MVS/lib/64:/opt/MVS/lib/32:/usr/local/TensorRT.10.7.0.23/lib:/usr/lib/x86_64-linux-gnu:/usr/local/cuda/lib64:/usr/lib/x86_64-linux-gnu:/opt/MVS/lib/64:/opt/MVS/lib/32:/usr/local/TensorRT.10.7.0.23/lib:/usr/lib/x86_64-linux-gnu:/usr/local/cuda/lib64:/usr/lib/x86_64-linux-gnu:/opt/MVS/lib/64:/opt/MVS/lib/32:/usr/local/TensorRT.10.7.0.23/lib:/usr/lib/x86_64-linux-gnu:/usr/local/cuda/lib64:/usr/lib/x86_64-linux-gnu:/opt/ros/rolling/opt/rviz_ogre_vendor/lib:/opt/ros/rolling/lib/x86_64-linux-gnu:/opt/ros/rolling/lib:/opt/MVS/lib/64:/opt/MVS/lib/32:/usr/local/TensorRT.10.7.0.23/lib:/usr/lib/x86_64-linux-gnu:/usr/local/cuda/lib64:/opt/MVS/lib/64:/opt/MVS/lib/32:/opt/MVS/lib/64:/opt/MVS/lib/32 PYTHONPATH=/home/guo/ITL_sentry_auto_new/install/autoaim_msgs/lib/python3.10/site-packages:${PYTHONPATH} /usr/local/bin/cmake /home/guo/ITL_sentry_auto_new/src/core/auto_buff -DCMAKE_BUILD_TYPE=Release -DCMAKE_INSTALL_PREFIX=/home/guo/ITL_sentry_auto_new/install/auto_buff
[0.026s] -- Found ament_cmake: 2.3.2 (/opt/ros/rolling/share/ament_cmake/cmake)
[0.223s] -- Found utils: 1.0.0 (/home/guo/ITL_sentry_auto_new/install/utils/share/utils/cmake)
[0.249s] -- Found rosidl_generator_c: 4.5.1 (/opt/ros/rolling/share/rosidl_generator_c/cmake)
[0.257s] -- Found rosidl_generator_cpp: 4.5.1 (/opt/ros/rolling/share/rosidl_generator_cpp/cmake)
[0.268s] -- Using all available rosidl_typesupport_c: rosidl_typesupport_fastrtps_c;rosidl_typesupport_introspection_c
[0.282s] -- Using all available rosidl_typesupport_cpp: rosidl_typesupport_fastrtps_cpp;rosidl_typesupport_introspection_cpp
[0.412s] -- Found rmw_implementation_cmake: 7.3.0 (/opt/ros/rolling/share/rmw_implementation_cmake/cmake)
[0.413s] -- Found rmw_fastrtps_cpp: 8.2.0 (/opt/ros/rolling/share/rmw_fastrtps_cpp/cmake)
[0.505s] -- Using RMW implementation 'rmw_fastrtps_cpp' as default
[0.693s] -- Found serial: 0.1.0 (/home/guo/ITL_sentry_auto_new/install/serial/share/serial/cmake)
[0.695s] -- Found deveice: 1.0.0 (/home/guo/ITL_sentry_auto_new/install/deveice/share/deveice/cmake)
[0.720s] -- Found auto_aim: 0.1.0 (/home/guo/ITL_sentry_auto_new/install/auto_aim/share/auto_aim/cmake)
[1.209s] -- Configuring done (1.2s)
[1.249s] -- Generating done (0.0s)
[1.254s] -- Build files have been written to: /home/guo/ITL_sentry_auto_new/build/auto_buff
[1.261s] Invoked command in '/home/guo/ITL_sentry_auto_new/build/auto_buff' returned '0': AMENT_PREFIX_PATH=/home/guo/ITL_sentry_auto_new/install/auto_aim:/home/guo/ITL_sentry_auto_new/install/deveice:/home/guo/ITL_sentry_auto_new/install/serial:/home/guo/ITL_sentry_auto_new/install/utils:/home/guo/ITL_sentry_auto_new/install/autoaim_msgs:${AMENT_PREFIX_PATH} CMAKE_PREFIX_PATH=/home/guo/ITL_sentry_auto_new/install/auto_aim:/home/guo/ITL_sentry_auto_new/install/deveice:/home/guo/ITL_sentry_auto_new/install/serial:/home/guo/ITL_sentry_auto_new/install/utils:/home/guo/ITL_sentry_auto_new/install/autoaim_msgs:/opt/ros/rolling LD_LIBRARY_PATH=/home/guo/ITL_sentry_auto_new/install/auto_aim/lib:/home/guo/ITL_sentry_auto_new/install/deveice/lib:/home/guo/ITL_sentry_auto_new/install/serial/lib:/home/guo/ITL_sentry_auto_new/install/utils/lib:/home/guo/ITL_sentry_auto_new/install/autoaim_msgs/lib:/opt/MVS/lib/64:/opt/MVS/lib/32:/usr/lib/x86_64-linux-gnu:/opt/MVS/lib/64:/opt/MVS/lib/32:/usr/local/TensorRT.10.7.0.23/lib:/usr/lib/x86_64-linux-gnu:/usr/local/cuda/lib64:/usr/lib/x86_64-linux-gnu:/opt/MVS/lib/64:/opt/MVS/lib/32:/usr/local/TensorRT.10.7.0.23/lib:/usr/lib/x86_64-linux-gnu:/usr/local/cuda/lib64:/usr/lib/x86_64-linux-gnu:/opt/MVS/lib/64:/opt/MVS/lib/32:/usr/local/TensorRT.10.7.0.23/lib:/usr/lib/x86_64-linux-gnu:/usr/local/cuda/lib64:/usr/lib/x86_64-linux-gnu:/opt/ros/rolling/opt/rviz_ogre_vendor/lib:/opt/ros/rolling/lib/x86_64-linux-gnu:/opt/ros/rolling/lib:/opt/MVS/lib/64:/opt/MVS/lib/32:/usr/local/TensorRT.10.7.0.23/lib:/usr/lib/x86_64-linux-gnu:/usr/local/cuda/lib64:/opt/MVS/lib/64:/opt/MVS/lib/32:/opt/MVS/lib/64:/opt/MVS/lib/32 PYTHONPATH=/home/guo/ITL_sentry_auto_new/install/autoaim_msgs/lib/python3.10/site-packages:${PYTHONPATH} /usr/local/bin/cmake /home/guo/ITL_sentry_auto_new/src/core/auto_buff -DCMAKE_BUILD_TYPE=Release -DCMAKE_INSTALL_PREFIX=/home/guo/ITL_sentry_auto_new/install/auto_buff
[1.263s] Invoking command in '/home/guo/ITL_sentry_auto_new/build/auto_buff': AMENT_PREFIX_PATH=/home/guo/ITL_sentry_auto_new/install/auto_aim:/home/guo/ITL_sentry_auto_new/install/deveice:/home/guo/ITL_sentry_auto_new/install/serial:/home/guo/ITL_sentry_auto_new/install/utils:/home/guo/ITL_sentry_auto_new/install/autoaim_msgs:${AMENT_PREFIX_PATH} CMAKE_PREFIX_PATH=/home/guo/ITL_sentry_auto_new/install/auto_aim:/home/guo/ITL_sentry_auto_new/install/deveice:/home/guo/ITL_sentry_auto_new/install/serial:/home/guo/ITL_sentry_auto_new/install/utils:/home/guo/ITL_sentry_auto_new/install/autoaim_msgs:/opt/ros/rolling LD_LIBRARY_PATH=/home/guo/ITL_sentry_auto_new/install/auto_aim/lib:/home/guo/ITL_sentry_auto_new/install/deveice/lib:/home/guo/ITL_sentry_auto_new/install/serial/lib:/home/guo/ITL_sentry_auto_new/install/utils/lib:/home/guo/ITL_sentry_auto_new/install/autoaim_msgs/lib:/opt/MVS/lib/64:/opt/MVS/lib/32:/usr/lib/x86_64-linux-gnu:/opt/MVS/lib/64:/opt/MVS/lib/32:/usr/local/TensorRT.10.7.0.23/lib:/usr/lib/x86_64-linux-gnu:/usr/local/cuda/lib64:/usr/lib/x86_64-linux-gnu:/opt/MVS/lib/64:/opt/MVS/lib/32:/usr/local/TensorRT.10.7.0.23/lib:/usr/lib/x86_64-linux-gnu:/usr/local/cuda/lib64:/usr/lib/x86_64-linux-gnu:/opt/MVS/lib/64:/opt/MVS/lib/32:/usr/local/TensorRT.10.7.0.23/lib:/usr/lib/x86_64-linux-gnu:/usr/local/cuda/lib64:/usr/lib/x86_64-linux-gnu:/opt/ros/rolling/opt/rviz_ogre_vendor/lib:/opt/ros/rolling/lib/x86_64-linux-gnu:/opt/ros/rolling/lib:/opt/MVS/lib/64:/opt/MVS/lib/32:/usr/local/TensorRT.10.7.0.23/lib:/usr/lib/x86_64-linux-gnu:/usr/local/cuda/lib64:/opt/MVS/lib/64:/opt/MVS/lib/32:/opt/MVS/lib/64:/opt/MVS/lib/32 PYTHONPATH=/home/guo/ITL_sentry_auto_new/install/autoaim_msgs/lib/python3.10/site-packages:${PYTHONPATH} /usr/local/bin/cmake --build /home/guo/ITL_sentry_auto_new/build/auto_buff -- -j24 -l24
[1.296s] [  7%] Building CXX object CMakeFiles/auto_buff_data_type.dir/buff_data_type/src/buff_type.cpp.o
[2.895s] /home/guo/ITL_sentry_auto_new/src/core/auto_buff/buff_data_type/src/buff_type.cpp: In constructor ‘auto_buff::PowerRune::PowerRune(std::vector<auto_buff::FanBlade>&, cv::Point2f, std::optional<auto_buff::PowerRune>)’:
[2.895s] /home/guo/ITL_sentry_auto_new/src/core/auto_buff/buff_data_type/src/buff_type.cpp:29:52: warning: comparison of integer expressions of different signedness: ‘std::vector<auto_buff::FanBlade>::size_type’ {aka ‘long unsigned int’} and ‘int’ [-Wsign-compare]
[2.895s]    29 |   else if (last_powerrune.has_value() && ts.size() == last_powerrune.value().light_num) {
[2.895s]       |                                          ~~~~~~~~~~^~~~~~~~~~~~~~~~~~~~~~~~~~~~~~~~~~~
[2.897s] /home/guo/ITL_sentry_auto_new/src/core/auto_buff/buff_data_type/src/buff_type.cpp:88:37: warning: comparison of integer expressions of different signedness: ‘int’ and ‘std::vector<auto_buff::FanBlade>::size_type’ {aka ‘long unsigned int’} [-Wsign-compare]
[2.897s]    88 |   for (int i = 0, j = 0; i < 5 && j < ts.size(); i++) {
[2.897s]       |                                   ~~^~~~~~~~~~~
[7.164s] [ 15%] Linking CXX static library libauto_buff_data_type.a
[7.185s] [ 15%] Built target auto_buff_data_type
[7.213s] [ 23%] Building CXX object CMakeFiles/auto_buff_solver.dir/buff_solver/src/buff_solver.cpp.o
[7.216s] [ 30%] Building CXX object CMakeFiles/auto_buff_detect.dir/buff_detect/src/buff_detector.cpp.o
[7.216s] [ 38%] Building CXX object CMakeFiles/auto_buff_detect.dir/buff_detect/src/yolo11_buff.cpp.o
[8.731s] /home/guo/ITL_sentry_auto_new/src/core/auto_buff/buff_detect/src/yolo11_buff.cpp: In member function ‘std::vector<auto_buff::YOLO11_BUFF::Object> auto_buff::YOLO11_BUFF::get_multicandidateboxes(cv::Mat&)’:
[8.731s] /home/guo/ITL_sentry_auto_new/src/core/auto_buff/buff_detect/src/yolo11_buff.cpp:131:22: warning: unused variable ‘shape’ [-Wunused-variable]
[8.732s]   131 |     const cv::Size & shape = image.size();
[8.732s]       |                      ^~~~~
[8.733s] /home/guo/ITL_sentry_auto_new/src/core/auto_buff/buff_detect/src/yolo11_buff.cpp: In member function ‘std::vector<auto_buff::YOLO11_BUFF::Object> auto_buff::YOLO11_BUFF::get_onecandidatebox(cv::Mat&)’:
[8.733s] /home/guo/ITL_sentry_auto_new/src/core/auto_buff/buff_detect/src/yolo11_buff.cpp:216:22: warning: unused variable ‘shape’ [-Wunused-variable]
[8.733s]   216 |     const cv::Size & shape = image.size();
[8.733s]       |                      ^~~~~
[9.252s] In file included from /home/guo/ITL_sentry_auto_new/src/core/auto_buff/buff_detect/src/buff_detector.cpp:1:
[9.252s] /home/guo/ITL_sentry_auto_new/src/core/auto_buff/buff_detect/include/buff_detector.hpp: In constructor ‘auto_buff::Buff_Detector::Buff_Detector(const string&)’:
[9.252s] /home/guo/ITL_sentry_auto_new/src/core/auto_buff/buff_detect/include/buff_detector.hpp:35:7: warning: ‘auto_buff::Buff_Detector::lose_’ will be initialized after [-Wreorder]
[9.252s]    35 |   int lose_;  // 丢失的次数
[9.252s]       |       ^~~~~
[9.252s] /home/guo/ITL_sentry_auto_new/src/core/auto_buff/buff_detect/include/buff_detector.hpp:33:15: warning:   ‘auto_buff::YOLO11_BUFF auto_buff::Buff_Detector::MODE_’ [-Wreorder]
[9.253s]    33 |   YOLO11_BUFF MODE_;
[9.253s]       |               ^~~~~
[9.253s] /home/guo/ITL_sentry_auto_new/src/core/auto_buff/buff_detect/src/buff_detector.cpp:7:1: warning:   when initialized here [-Wreorder]
[9.253s]     7 | Buff_Detector::Buff_Detector(const std::string & config) : status_(LOSE), lose_(0), MODE_(config) {}
[9.253s]       | ^~~~~~~~~~~~~
[14.254s] [ 46%] Linking CXX static library libauto_buff_detect.a
[14.276s] [ 46%] Built target auto_buff_detect
[14.292s] [ 53%] Building CXX object CMakeFiles/auto_buff_tagret.dir/buff_tagret/src/buff_target.cpp.o
[14.432s] [ 61%] Linking CXX static library libauto_buff_solver.a
[14.449s] [ 61%] Built target auto_buff_solver
[16.485s] /home/guo/ITL_sentry_auto_new/src/core/auto_buff/buff_tagret/src/buff_target.cpp: In member function ‘virtual void auto_buff::BigTarget::predict(double)’:
[16.485s] /home/guo/ITL_sentry_auto_new/src/core/auto_buff/buff_tagret/src/buff_target.cpp:408:10: warning: unused variable ‘spd’ [-Wunused-variable]
[16.485s]   408 |   double spd = fit_spd_;
[16.485s]       |          ^~~
[23.385s] [ 69%] Linking CXX static library libauto_buff_tagret.a
[23.403s] [ 69%] Built target auto_buff_tagret
[23.425s] [ 76%] Building CXX object CMakeFiles/auto_buff_aimer.dir/buff_aimer/src/buff_aimer.cpp.o
[25.702s] In file included from /home/guo/ITL_sentry_auto_new/src/core/auto_buff/buff_aimer/include/buff_aimer.hpp:12,
[25.702s]                  from /home/guo/ITL_sentry_auto_new/src/core/auto_buff/buff_aimer/src/buff_aimer.cpp:1:
[25.702s] /home/guo/ITL_sentry_auto_new/src/core/auto_buff/buff_tagret/include/buff_target.hpp:62:10: error: ‘ExtendedKalmanFilter’ in namespace ‘utils’ does not name a type
[25.702s]    62 |   utils::ExtendedKalmanFilter ekf_;
[25.702s]       |          ^~~~~~~~~~~~~~~~~~~~
[25.711s] /home/guo/ITL_sentry_auto_new/src/core/auto_buff/buff_aimer/src/buff_aimer.cpp: In member function ‘io::Command auto_buff::Aimer::aim(auto_buff::Target&, std::chrono::_V2::steady_clock::time_point&, double, bool)’:
[25.711s] /home/guo/ITL_sentry_auto_new/src/core/auto_buff/buff_aimer/src/buff_aimer.cpp:36:8: warning: unused variable ‘angle_changed’ [-Wunused-variable]
[25.711s]    36 |   bool angle_changed =
[25.711s]       |        ^~~~~~~~~~~~~
[25.711s] /home/guo/ITL_sentry_auto_new/src/core/auto_buff/buff_aimer/src/buff_aimer.cpp: In member function ‘plan::Plan auto_buff::Aimer::mpc_aim(auto_buff::Target&, std::chrono::_V2::steady_clock::time_point&, io::GimbalState, bool)’:
[25.711s] /home/guo/ITL_sentry_auto_new/src/core/auto_buff/buff_aimer/src/buff_aimer.cpp:89:8: warning: unused variable ‘angle_changed’ [-Wunused-variable]
[25.711s]    89 |   bool angle_changed =
[25.711s]       |        ^~~~~~~~~~~~~
[25.712s] /home/guo/ITL_sentry_auto_new/src/core/auto_buff/buff_aimer/src/buff_aimer.cpp: In member function ‘bool auto_buff::Aimer::get_send_angle(auto_buff::Target&, double, double, bool, double&, double&)’:
[25.712s] /home/guo/ITL_sentry_auto_new/src/core/auto_buff/buff_aimer/src/buff_aimer.cpp:152:14: warning: unused parameter ‘to_now’ [-Wunused-parameter]
[25.712s]   152 |   const bool to_now, double & yaw, double & pitch)
[25.712s]       |   ~~~~~~~~~~~^~~~~~
[27.167s] gmake[2]: *** [CMakeFiles/auto_buff_aimer.dir/build.make:76：CMakeFiles/auto_buff_aimer.dir/buff_aimer/src/buff_aimer.cpp.o] 错误 1
[27.167s] gmake[1]: *** [CMakeFiles/Makefile2:254：CMakeFiles/auto_buff_aimer.dir/all] 错误 2
[27.168s] gmake: *** [Makefile:146：all] 错误 2
[27.169s] Invoked command in '/home/guo/ITL_sentry_auto_new/build/auto_buff' returned '2': AMENT_PREFIX_PATH=/home/guo/ITL_sentry_auto_new/install/auto_aim:/home/guo/ITL_sentry_auto_new/install/deveice:/home/guo/ITL_sentry_auto_new/install/serial:/home/guo/ITL_sentry_auto_new/install/utils:/home/guo/ITL_sentry_auto_new/install/autoaim_msgs:${AMENT_PREFIX_PATH} CMAKE_PREFIX_PATH=/home/guo/ITL_sentry_auto_new/install/auto_aim:/home/guo/ITL_sentry_auto_new/install/deveice:/home/guo/ITL_sentry_auto_new/install/serial:/home/guo/ITL_sentry_auto_new/install/utils:/home/guo/ITL_sentry_auto_new/install/autoaim_msgs:/opt/ros/rolling LD_LIBRARY_PATH=/home/guo/ITL_sentry_auto_new/install/auto_aim/lib:/home/guo/ITL_sentry_auto_new/install/deveice/lib:/home/guo/ITL_sentry_auto_new/install/serial/lib:/home/guo/ITL_sentry_auto_new/install/utils/lib:/home/guo/ITL_sentry_auto_new/install/autoaim_msgs/lib:/opt/MVS/lib/64:/opt/MVS/lib/32:/usr/lib/x86_64-linux-gnu:/opt/MVS/lib/64:/opt/MVS/lib/32:/usr/local/TensorRT.10.7.0.23/lib:/usr/lib/x86_64-linux-gnu:/usr/local/cuda/lib64:/usr/lib/x86_64-linux-gnu:/opt/MVS/lib/64:/opt/MVS/lib/32:/usr/local/TensorRT.10.7.0.23/lib:/usr/lib/x86_64-linux-gnu:/usr/local/cuda/lib64:/usr/lib/x86_64-linux-gnu:/opt/MVS/lib/64:/opt/MVS/lib/32:/usr/local/TensorRT.10.7.0.23/lib:/usr/lib/x86_64-linux-gnu:/usr/local/cuda/lib64:/usr/lib/x86_64-linux-gnu:/opt/ros/rolling/opt/rviz_ogre_vendor/lib:/opt/ros/rolling/lib/x86_64-linux-gnu:/opt/ros/rolling/lib:/opt/MVS/lib/64:/opt/MVS/lib/32:/usr/local/TensorRT.10.7.0.23/lib:/usr/lib/x86_64-linux-gnu:/usr/local/cuda/lib64:/opt/MVS/lib/64:/opt/MVS/lib/32:/opt/MVS/lib/64:/opt/MVS/lib/32 PYTHONPATH=/home/guo/ITL_sentry_auto_new/install/autoaim_msgs/lib/python3.10/site-packages:${PYTHONPATH} /usr/local/bin/cmake --build /home/guo/ITL_sentry_auto_new/build/auto_buff -- -j24 -l24
