[ 50%] Built target pipeline_node
[ 75%] [32mBuilding CXX object CMakeFiles/video_node.dir/src/video_node.cpp.o[0m
In file included from [01m[K/home/guo/ITL_sentry_auto_new/src/node/src/video_node.cpp:1[m[K:
[01m[K/home/guo/ITL_sentry_auto_new/src/node/include/video_node.hpp:45:19:[m[K [01;31m[Kerror: [m[Kâ€˜[01m[Kio[m[Kâ€™ was not declared in this scope
   45 |   std::unique_ptr<[01;31m[Kio[m[K::DmImu> dm_imu_;
      |                   [01;31m[K^~[m[K
[01m[K/home/guo/ITL_sentry_auto_new/src/node/include/video_node.hpp:45:28:[m[K [01;31m[Kerror: [m[Ktemplate argument 1 is invalid
   45 |   std::unique_ptr<io::DmImu[01;31m[K>[m[K dm_imu_;
      |                            [01;31m[K^[m[K
[01m[K/home/guo/ITL_sentry_auto_new/src/node/include/video_node.hpp:45:28:[m[K [01;31m[Kerror: [m[Ktemplate argument 2 is invalid
[01m[K/home/guo/ITL_sentry_auto_new/src/node/src/video_node.cpp:[m[K In constructor â€˜[01m[KApplication::VideoApp::VideoApp(const string&, const string&)[m[Kâ€™:
[01m[K/home/guo/ITL_sentry_auto_new/src/node/src/video_node.cpp:40:13:[m[K [01;31m[Kerror: [m[Kâ€˜[01m[Kstdl[m[Kâ€™ has not been declared
   40 |   dm_imu_ = [01;31m[Kstdl[m[K::make_unique<io::DmImu>(config_path_);
      |             [01;31m[K^~~~[m[K
[01m[K/home/guo/ITL_sentry_auto_new/src/node/src/video_node.cpp:40:31:[m[K [01;31m[Kerror: [m[Kâ€˜[01m[Kio[m[Kâ€™ has not been declared
   40 |   dm_imu_ = stdl::make_unique<[01;31m[Kio[m[K::DmImu>(config_path_);
      |                               [01;31m[K^~[m[K
[01m[K/home/guo/ITL_sentry_auto_new/src/node/src/video_node.cpp:[m[K In member function â€˜[01m[Kint Application::VideoApp::run()[m[Kâ€™:
[01m[K/home/guo/ITL_sentry_auto_new/src/node/src/video_node.cpp:78:26:[m[K [01;31m[Kerror: [m[Kbase operand of â€˜[01m[K->[m[Kâ€™ is not a pointer
   78 |     orientation = dm_imu_[01;31m[K->[m[Kimu_at(timestamp);
      |                          [01;31m[K^~[m[K
[01m[K/home/guo/ITL_sentry_auto_new/src/node/src/video_node.cpp:91:24:[m[K [01;31m[Kerror: [m[Kâ€˜[01m[Korireantation[m[Kâ€™ was not declared in this scope; did you mean â€˜[01m[Korientation[m[Kâ€™?
   91 |     solver_->updateIMU([01;31m[Korireantation[m[K, timestamp_sec);
      |                        [01;31m[K^~~~~~~~~~~~~[m[K
      |                        [32m[Korientation[m[K
gmake[2]: *** [CMakeFiles/video_node.dir/build.make:76ï¼šCMakeFiles/video_node.dir/src/video_node.cpp.o] é”™è¯¯ 1
gmake[1]: *** [CMakeFiles/Makefile2:165ï¼šCMakeFiles/video_node.dir/all] é”™è¯¯ 2
gmake: *** [Makefile:146ï¼šall] é”™è¯¯ 2
