[0.045s] Invoking command in '/home/guo/ITL_sentry_auto_new/build/pipeline': CMAKE_PREFIX_PATH=/home/guo/ITL_sentry_auto_new/install/tracker:/home/guo/ITL_sentry_auto_new/install/planner:/home/guo/ITL_sentry_auto_new/install/aimer:/home/guo/ITL_sentry_auto_new/install/predictor:/home/guo/ITL_sentry_auto_new/install/solver:/home/guo/ITL_sentry_auto_new/install/gimbal:/home/guo/ITL_sentry_auto_new/install/dm_imu:/home/guo/ITL_sentry_auto_new/install/serial:/home/guo/ITL_sentry_auto_new/install/motion_model:/home/guo/ITL_sentry_auto_new/install/hikvision:/home/guo/ITL_sentry_auto_new/install/detected:/home/guo/ITL_sentry_auto_new/install/cboard:/home/guo/ITL_sentry_auto_new/install/utils:/home/guo/ITL_sentry_auto_new/install/filter_lib:/home/guo/ITL_sentry_auto_new/install/autoaim_msgs:/home/guo/ITL_sentry_auto_new/install/pipeline:/home/guo/ITL_sentry_auto_new/install/launch_node:/home/guo/ITL_sentry_auto_new/install/armor_pointer:/opt/ros/rolling LD_LIBRARY_PATH=/home/guo/ITL_sentry_auto_new/install/planner/lib:/home/guo/ITL_sentry_auto_new/install/aimer/lib:/home/guo/ITL_sentry_auto_new/install/predictor/lib:/home/guo/ITL_sentry_auto_new/install/solver/lib:/home/guo/ITL_sentry_auto_new/install/gimbal/lib:/home/guo/ITL_sentry_auto_new/install/dm_imu/lib:/home/guo/ITL_sentry_auto_new/install/serial/lib:/home/guo/ITL_sentry_auto_new/install/motion_model/lib:/home/guo/ITL_sentry_auto_new/install/hikvision/lib:/home/guo/ITL_sentry_auto_new/install/detected/lib:/home/guo/ITL_sentry_auto_new/install/cboard/lib:/home/guo/ITL_sentry_auto_new/install/autoaim_msgs/lib:/home/guo/ITL_sentry_auto_new/install/tracker/lib:/home/guo/ITL_sentry_auto_new/install/utils/lib:/home/guo/ITL_sentry_auto_new/install/filter_lib/lib:/home/guo/ITL_sentry_auto_new/install/armor_pointer/lib:/usr/lib/x86_64-linux-gnu:/opt/ros/rolling/opt/rviz_ogre_vendor/lib:/opt/ros/rolling/lib/x86_64-linux-gnu:/opt/ros/rolling/lib:/opt/MVS/lib/64:/opt/MVS/lib/32:/usr/local/TensorRT.10.7.0.23/lib:/usr/lib/x86_64-linux-gnu:/usr/local/cuda/lib64:/opt/MVS/lib/64:/opt/MVS/lib/32:/opt/MVS/lib/64:/opt/MVS/lib/32 /usr/local/bin/cmake --build /home/guo/ITL_sentry_auto_new/build/pipeline -- -j24 -l24
[0.079s] [ 50%] Built target pipeline_node
[0.086s] [ 75%] [32mBuilding CXX object CMakeFiles/video_node.dir/src/video_node.cpp.o[0m
[2.480s] In file included from [01m[K/home/guo/ITL_sentry_auto_new/src/node/src/video_node.cpp:1[m[K:
[2.480s] [01m[K/home/guo/ITL_sentry_auto_new/src/node/include/video_node.hpp:45:19:[m[K [01;31m[Kerror: [m[Kâ€˜[01m[Kio[m[Kâ€™ was not declared in this scope
[2.481s]    45 |   std::unique_ptr<[01;31m[Kio[m[K::DmImu> dm_imu_;
[2.481s]       |                   [01;31m[K^~[m[K
[2.481s] [01m[K/home/guo/ITL_sentry_auto_new/src/node/include/video_node.hpp:45:28:[m[K [01;31m[Kerror: [m[Ktemplate argument 1 is invalid
[2.481s]    45 |   std::unique_ptr<io::DmImu[01;31m[K>[m[K dm_imu_;
[2.481s]       |                            [01;31m[K^[m[K
[2.481s] [01m[K/home/guo/ITL_sentry_auto_new/src/node/include/video_node.hpp:45:28:[m[K [01;31m[Kerror: [m[Ktemplate argument 2 is invalid
[2.490s] [01m[K/home/guo/ITL_sentry_auto_new/src/node/src/video_node.cpp:[m[K In constructor â€˜[01m[KApplication::VideoApp::VideoApp(const string&, const string&)[m[Kâ€™:
[2.490s] [01m[K/home/guo/ITL_sentry_auto_new/src/node/src/video_node.cpp:40:13:[m[K [01;31m[Kerror: [m[Kâ€˜[01m[Kstdl[m[Kâ€™ has not been declared
[2.490s]    40 |   dm_imu_ = [01;31m[Kstdl[m[K::make_unique<io::DmImu>(config_path_);
[2.490s]       |             [01;31m[K^~~~[m[K
[2.490s] [01m[K/home/guo/ITL_sentry_auto_new/src/node/src/video_node.cpp:40:31:[m[K [01;31m[Kerror: [m[Kâ€˜[01m[Kio[m[Kâ€™ has not been declared
[2.490s]    40 |   dm_imu_ = stdl::make_unique<[01;31m[Kio[m[K::DmImu>(config_path_);
[2.490s]       |                               [01;31m[K^~[m[K
[2.491s] [01m[K/home/guo/ITL_sentry_auto_new/src/node/src/video_node.cpp:[m[K In member function â€˜[01m[Kint Application::VideoApp::run()[m[Kâ€™:
[2.491s] [01m[K/home/guo/ITL_sentry_auto_new/src/node/src/video_node.cpp:78:26:[m[K [01;31m[Kerror: [m[Kbase operand of â€˜[01m[K->[m[Kâ€™ is not a pointer
[2.491s]    78 |     orientation = dm_imu_[01;31m[K->[m[Kimu_at(timestamp);
[2.491s]       |                          [01;31m[K^~[m[K
[2.498s] [01m[K/home/guo/ITL_sentry_auto_new/src/node/src/video_node.cpp:91:24:[m[K [01;31m[Kerror: [m[Kâ€˜[01m[Korireantation[m[Kâ€™ was not declared in this scope; did you mean â€˜[01m[Korientation[m[Kâ€™?
[2.498s]    91 |     solver_->updateIMU([01;31m[Korireantation[m[K, timestamp_sec);
[2.498s]       |                        [01;31m[K^~~~~~~~~~~~~[m[K
[2.498s]       |                        [32m[Korientation[m[K
[4.007s] gmake[2]: *** [CMakeFiles/video_node.dir/build.make:76ï¼šCMakeFiles/video_node.dir/src/video_node.cpp.o] é”™è¯¯ 1
[4.007s] gmake[1]: *** [CMakeFiles/Makefile2:165ï¼šCMakeFiles/video_node.dir/all] é”™è¯¯ 2
[4.007s] gmake: *** [Makefile:146ï¼šall] é”™è¯¯ 2
[4.009s] Invoked command in '/home/guo/ITL_sentry_auto_new/build/pipeline' returned '2': CMAKE_PREFIX_PATH=/home/guo/ITL_sentry_auto_new/install/tracker:/home/guo/ITL_sentry_auto_new/install/planner:/home/guo/ITL_sentry_auto_new/install/aimer:/home/guo/ITL_sentry_auto_new/install/predictor:/home/guo/ITL_sentry_auto_new/install/solver:/home/guo/ITL_sentry_auto_new/install/gimbal:/home/guo/ITL_sentry_auto_new/install/dm_imu:/home/guo/ITL_sentry_auto_new/install/serial:/home/guo/ITL_sentry_auto_new/install/motion_model:/home/guo/ITL_sentry_auto_new/install/hikvision:/home/guo/ITL_sentry_auto_new/install/detected:/home/guo/ITL_sentry_auto_new/install/cboard:/home/guo/ITL_sentry_auto_new/install/utils:/home/guo/ITL_sentry_auto_new/install/filter_lib:/home/guo/ITL_sentry_auto_new/install/autoaim_msgs:/home/guo/ITL_sentry_auto_new/install/pipeline:/home/guo/ITL_sentry_auto_new/install/launch_node:/home/guo/ITL_sentry_auto_new/install/armor_pointer:/opt/ros/rolling LD_LIBRARY_PATH=/home/guo/ITL_sentry_auto_new/install/planner/lib:/home/guo/ITL_sentry_auto_new/install/aimer/lib:/home/guo/ITL_sentry_auto_new/install/predictor/lib:/home/guo/ITL_sentry_auto_new/install/solver/lib:/home/guo/ITL_sentry_auto_new/install/gimbal/lib:/home/guo/ITL_sentry_auto_new/install/dm_imu/lib:/home/guo/ITL_sentry_auto_new/install/serial/lib:/home/guo/ITL_sentry_auto_new/install/motion_model/lib:/home/guo/ITL_sentry_auto_new/install/hikvision/lib:/home/guo/ITL_sentry_auto_new/install/detected/lib:/home/guo/ITL_sentry_auto_new/install/cboard/lib:/home/guo/ITL_sentry_auto_new/install/autoaim_msgs/lib:/home/guo/ITL_sentry_auto_new/install/tracker/lib:/home/guo/ITL_sentry_auto_new/install/utils/lib:/home/guo/ITL_sentry_auto_new/install/filter_lib/lib:/home/guo/ITL_sentry_auto_new/install/armor_pointer/lib:/usr/lib/x86_64-linux-gnu:/opt/ros/rolling/opt/rviz_ogre_vendor/lib:/opt/ros/rolling/lib/x86_64-linux-gnu:/opt/ros/rolling/lib:/opt/MVS/lib/64:/opt/MVS/lib/32:/usr/local/TensorRT.10.7.0.23/lib:/usr/lib/x86_64-linux-gnu:/usr/local/cuda/lib64:/opt/MVS/lib/64:/opt/MVS/lib/32:/opt/MVS/lib/64:/opt/MVS/lib/32 /usr/local/bin/cmake --build /home/guo/ITL_sentry_auto_new/build/pipeline -- -j24 -l24
