In file included from [01m[K/home/guo/ITL_sentry_auto_new/src/node/src/test_node.cpp:9[m[K:
[01m[K/opt/ros/rolling/include/cv_bridge/cv_bridge/cv_bridge.h:42:2:[m[K [01;35m[Kwarning: [m[K#warning This header is obsolete, please include cv_bridge/cv_bridge.hpp instead [[01;35m[K]8;;https://gcc.gnu.org/onlinedocs/gcc/Warning-Options.html#index-Wcpp-Wcpp]8;;[m[K]
   42 | #[01;35m[Kwarning[m[K This header is obsolete, please include cv_bridge/cv_bridge.hpp instead
      |  [01;35m[K^~~~~~~[m[K
[01m[K/home/guo/ITL_sentry_auto_new/src/node/src/test_node.cpp:[m[K In constructor â€˜[01m[Kpipeline::TestNode::TestNode(const rclcpp::NodeOptions&)[m[Kâ€™:
[01m[K/home/guo/ITL_sentry_auto_new/src/node/src/test_node.cpp:48:3:[m[K [01;31m[Kerror: [m[Kâ€˜[01m[Kimu_pub_[m[Kâ€™ was not declared in this scope; did you mean â€˜[01m[Kimage_pub_[m[Kâ€™?
   48 |   [01;31m[Kimu_pub_[m[K = this->create_publisher<sensor_msgs::msg::Imu>(
      |   [01;31m[K^~~~~~~~[m[K
      |   [32m[Kimage_pub_[m[K
gmake[2]: *** [CMakeFiles/pipeline_node.dir/build.make:76ï¼šCMakeFiles/pipeline_node.dir/src/test_node.cpp.o] é”™è¯¯ 1
gmake[1]: *** [CMakeFiles/Makefile2:137ï¼šCMakeFiles/pipeline_node.dir/all] é”™è¯¯ 2
gmake: *** [Makefile:146ï¼šall] é”™è¯¯ 2
