[0.017s] Invoking command in '/home/guo/ITL_sentry_auto_new/build/pipeline': AMENT_PREFIX_PATH=/home/guo/ITL_sentry_auto_new/install/auto_aim:/home/guo/ITL_sentry_auto_new/install/deveice:/home/guo/ITL_sentry_auto_new/install/serial:/home/guo/ITL_sentry_auto_new/install/utils:/home/guo/ITL_sentry_auto_new/install/autoaim_msgs:${AMENT_PREFIX_PATH} CMAKE_PREFIX_PATH=/home/guo/ITL_sentry_auto_new/install/auto_aim:/home/guo/ITL_sentry_auto_new/install/deveice:/home/guo/ITL_sentry_auto_new/install/serial:/home/guo/ITL_sentry_auto_new/install/utils:/home/guo/ITL_sentry_auto_new/install/autoaim_msgs:/opt/ros/rolling LD_LIBRARY_PATH=/home/guo/ITL_sentry_auto_new/install/auto_aim/lib:/home/guo/ITL_sentry_auto_new/install/deveice/lib:/home/guo/ITL_sentry_auto_new/install/serial/lib:/home/guo/ITL_sentry_auto_new/install/utils/lib:/home/guo/ITL_sentry_auto_new/install/autoaim_msgs/lib:/usr/lib/x86_64-linux-gnu:/opt/ros/rolling/opt/rviz_ogre_vendor/lib:/opt/ros/rolling/lib/x86_64-linux-gnu:/opt/ros/rolling/lib:/opt/MVS/lib/64:/opt/MVS/lib/32:/usr/local/TensorRT.10.7.0.23/lib:/usr/lib/x86_64-linux-gnu:/usr/local/cuda/lib64:/opt/MVS/lib/64:/opt/MVS/lib/32:/opt/MVS/lib/64:/opt/MVS/lib/32 PYTHONPATH=/home/guo/ITL_sentry_auto_new/install/autoaim_msgs/lib/python3.10/site-packages:${PYTHONPATH} /usr/local/bin/cmake --build /home/guo/ITL_sentry_auto_new/build/pipeline -- -j24 -l24
[0.045s] [ 25%] [32mBuilding CXX object CMakeFiles/video_node.dir/src/video_node.cpp.o[0m
[0.046s] [ 50%] [32mBuilding CXX object CMakeFiles/pipeline_node.dir/src/test_node.cpp.o[0m
[2.420s] [01m[K/home/guo/ITL_sentry_auto_new/src/node/src/video_node.cpp:[m[K In constructor ‚Äò[01m[KApplication::VideoApp::VideoApp(const string&, const string&)[m[K‚Äô:
[2.420s] [01m[K/home/guo/ITL_sentry_auto_new/src/node/src/video_node.cpp:36:3:[m[K [01;31m[Kerror: [m[Kclass ‚Äò[01m[KApplication::VideoApp[m[K‚Äô does not have any field named ‚Äò[01m[Kvideo_path_[m[K‚Äô
[2.420s]    36 |   [01;31m[Kvideo_path_[m[K(video_path),
[2.420s]       |   [01;31m[K^~~~~~~~~~~[m[K
[2.425s] [01m[K/home/guo/ITL_sentry_auto_new/src/node/src/video_node.cpp:39:7:[m[K [01;31m[Kerror: [m[K‚Äò[01m[Kvideo_path_[m[K‚Äô was not declared in this scope; did you mean ‚Äò[01m[Kvideo_path[m[K‚Äô?
[2.425s]    39 |   if ([01;31m[Kvideo_path_[m[K.empty()) {
[2.425s]       |       [01;31m[K^~~~~~~~~~~[m[K
[2.425s]       |       [32m[Kvideo_path[m[K
[2.431s] [01m[K/home/guo/ITL_sentry_auto_new/src/node/src/video_node.cpp:45:32:[m[K [01;31m[Kerror: [m[K‚Äò[01m[Kauto_buff[m[K‚Äô was not declared in this scope
[2.431s]    45 |   detector_ = std::make_unique<[01;31m[Kauto_buff[m[K::Buff_Detector>(config_path_);
[2.431s]       |                                [01;31m[K^~~~~~~~~[m[K
[2.431s] [01m[K/home/guo/ITL_sentry_auto_new/src/node/src/video_node.cpp:45:20:[m[K [01;31m[Kerror: [m[Kparse error in template argument list
[2.431s]    45 |   detector_ = std::[01;31m[Kmake_unique<auto_buff::Buff_Detector>[m[K(config_path_);
[2.431s]       |                    [01;31m[K^~~~~~~~~~~~~~~~~~~~~~~~~~~~~~~~~~~~~[m[K
[2.431s] [01m[K/home/guo/ITL_sentry_auto_new/src/node/src/video_node.cpp:45:57:[m[K [01;31m[Kerror: [m[Kno matching function for call to ‚Äò[01m[Kmake_unique<<expression error> >(std::string&)[m[K‚Äô
[2.431s]    45 |   detector_ = [01;31m[Kstd::make_unique<auto_buff::Buff_Detector>(config_path_)[m[K;
[2.431s]       |               [01;31m[K~~~~~~~~~~~~~~~~~~~~~~~~~~~~~~~~~~~~~~~~~~^~~~~~~~~~~~~~[m[K
[2.431s] In file included from [01m[K/usr/include/c++/11/memory:76[m[K,
[2.431s]                  from [01m[K/home/guo/ITL_sentry_auto_new/src/node/include/video_node.hpp:6[m[K,
[2.431s]                  from [01m[K/home/guo/ITL_sentry_auto_new/src/node/src/video_node.cpp:1[m[K:
[2.431s] [01m[K/usr/include/c++/11/bits/unique_ptr.h:961:5:[m[K [01;36m[Knote: [m[Kcandidate: ‚Äò[01m[Ktemplate<class _Tp, class ... _Args> typename std::_MakeUniq<_Tp>::__single_object std::make_unique(_Args&& ...)[m[K‚Äô
[2.431s]   961 |     [01;36m[Kmake_unique[m[K(_Args&&... __args)
[2.431s]       |     [01;36m[K^~~~~~~~~~~[m[K
[2.431s] [01m[K/usr/include/c++/11/bits/unique_ptr.h:961:5:[m[K [01;36m[Knote: [m[K  template argument deduction/substitution failed:
[2.431s] [01m[K/home/guo/ITL_sentry_auto_new/src/node/src/video_node.cpp:45:57:[m[K [01;31m[Kerror: [m[Ktemplate argument 1 is invalid
[2.431s]    45 |   detector_ = [01;31m[Kstd::make_unique<auto_buff::Buff_Detector>(config_path_)[m[K;
[2.431s]       |               [01;31m[K~~~~~~~~~~~~~~~~~~~~~~~~~~~~~~~~~~~~~~~~~~^~~~~~~~~~~~~~[m[K
[2.431s] In file included from [01m[K/usr/include/c++/11/memory:76[m[K,
[2.431s]                  from [01m[K/home/guo/ITL_sentry_auto_new/src/node/include/video_node.hpp:6[m[K,
[2.431s]                  from [01m[K/home/guo/ITL_sentry_auto_new/src/node/src/video_node.cpp:1[m[K:
[2.431s] [01m[K/usr/include/c++/11/bits/unique_ptr.h:967:5:[m[K [01;36m[Knote: [m[Kcandidate: ‚Äò[01m[Ktemplate<class _Tp> typename std::_MakeUniq<_Tp>::__array std::make_unique(std::size_t)[m[K‚Äô
[2.431s]   967 |     [01;36m[Kmake_unique[m[K(size_t __num)
[2.431s]       |     [01;36m[K^~~~~~~~~~~[m[K
[2.431s] [01m[K/usr/include/c++/11/bits/unique_ptr.h:967:5:[m[K [01;36m[Knote: [m[K  template argument deduction/substitution failed:
[2.431s] [01m[K/home/guo/ITL_sentry_auto_new/src/node/src/video_node.cpp:45:57:[m[K [01;31m[Kerror: [m[Ktemplate argument 1 is invalid
[2.431s]    45 |   detector_ = [01;31m[Kstd::make_unique<auto_buff::Buff_Detector>(config_path_)[m[K;
[2.431s]       |               [01;31m[K~~~~~~~~~~~~~~~~~~~~~~~~~~~~~~~~~~~~~~~~~~^~~~~~~~~~~~~~[m[K
[2.431s] In file included from [01m[K/usr/include/c++/11/memory:76[m[K,
[2.432s]                  from [01m[K/home/guo/ITL_sentry_auto_new/src/node/include/video_node.hpp:6[m[K,
[2.432s]                  from [01m[K/home/guo/ITL_sentry_auto_new/src/node/src/video_node.cpp:1[m[K:
[2.432s] [01m[K/usr/include/c++/11/bits/unique_ptr.h:973:5:[m[K [01;36m[Knote: [m[Kcandidate: ‚Äò[01m[Ktemplate<class _Tp, class ... _Args> typename std::_MakeUniq<_Tp>::__invalid_type std::make_unique(_Args&& ...)[m[K‚Äô (deleted)
[2.432s]   973 |     [01;36m[Kmake_unique[m[K(_Args&&...) = delete;
[2.432s]       |     [01;36m[K^~~~~~~~~~~[m[K
[2.432s] [01m[K/usr/include/c++/11/bits/unique_ptr.h:973:5:[m[K [01;36m[Knote: [m[K  template argument deduction/substitution failed:
[2.432s] [01m[K/home/guo/ITL_sentry_auto_new/src/node/src/video_node.cpp:45:57:[m[K [01;31m[Kerror: [m[Ktemplate argument 1 is invalid
[2.432s]    45 |   detector_ = [01;31m[Kstd::make_unique<auto_buff::Buff_Detector>(config_path_)[m[K;
[2.432s]       |               [01;31m[K~~~~~~~~~~~~~~~~~~~~~~~~~~~~~~~~~~~~~~~~~~^~~~~~~~~~~~~~[m[K
[2.435s] [01m[K/home/guo/ITL_sentry_auto_new/src/node/src/video_node.cpp:51:72:[m[K [01;31m[Kerror: [m[K‚Äò[01m[Kvideo_path_[m[K‚Äô was not declared in this scope; did you mean ‚Äò[01m[Kvideo_path[m[K‚Äô?
[2.435s]    51 |     "[VideoPipeline] ÂàùÂßãÂåñÂÆåÊàê, config: {}, video: {}", config_path_, [01;31m[Kvideo_path_[m[K);
[2.435s]       |                                                                        [01;31m[K^~~~~~~~~~~[m[K
[2.435s]       |                                                                        [32m[Kvideo_path[m[K
[2.439s] [01m[K/home/guo/ITL_sentry_auto_new/src/node/src/video_node.cpp:[m[K In member function ‚Äò[01m[Kvoid Application::VideoApp::visualize(const Application::VideoDebugPacket&)[m[K‚Äô:
[2.439s] [01m[K/home/guo/ITL_sentry_auto_new/src/node/src/video_node.cpp:143:15:[m[K [01;35m[Kwarning: [m[Kunused variable ‚Äò[01m[Kframe_index[m[K‚Äô [[01;35m[K]8;;https://gcc.gnu.org/onlinedocs/gcc/Warning-Options.html#index-Wunused-variable-Wunused-variable]8;;[m[K]
[2.439s]   143 |     const int [01;35m[Kframe_index[m[K = visualization_frame_counter_.fetch_add(1) + 1;
[2.439s]       |               [01;35m[K^~~~~~~~~~~[m[K
[3.840s] gmake[2]: *** [CMakeFiles/video_node.dir/build.make:76ÔºöCMakeFiles/video_node.dir/src/video_node.cpp.o] ÈîôËØØ 1
[3.841s] gmake[1]: *** [CMakeFiles/Makefile2:165ÔºöCMakeFiles/video_node.dir/all] ÈîôËØØ 2
[3.841s] gmake[1]: *** Ê≠£Âú®Á≠âÂæÖÊú™ÂÆåÊàêÁöÑ‰ªªÂä°....
[8.872s] [ 75%] [32m[1mLinking CXX executable pipeline_node[0m
[11.308s] [ 75%] Built target pipeline_node
[11.309s] gmake: *** [Makefile:146Ôºöall] ÈîôËØØ 2
[11.310s] Invoked command in '/home/guo/ITL_sentry_auto_new/build/pipeline' returned '2': AMENT_PREFIX_PATH=/home/guo/ITL_sentry_auto_new/install/auto_aim:/home/guo/ITL_sentry_auto_new/install/deveice:/home/guo/ITL_sentry_auto_new/install/serial:/home/guo/ITL_sentry_auto_new/install/utils:/home/guo/ITL_sentry_auto_new/install/autoaim_msgs:${AMENT_PREFIX_PATH} CMAKE_PREFIX_PATH=/home/guo/ITL_sentry_auto_new/install/auto_aim:/home/guo/ITL_sentry_auto_new/install/deveice:/home/guo/ITL_sentry_auto_new/install/serial:/home/guo/ITL_sentry_auto_new/install/utils:/home/guo/ITL_sentry_auto_new/install/autoaim_msgs:/opt/ros/rolling LD_LIBRARY_PATH=/home/guo/ITL_sentry_auto_new/install/auto_aim/lib:/home/guo/ITL_sentry_auto_new/install/deveice/lib:/home/guo/ITL_sentry_auto_new/install/serial/lib:/home/guo/ITL_sentry_auto_new/install/utils/lib:/home/guo/ITL_sentry_auto_new/install/autoaim_msgs/lib:/usr/lib/x86_64-linux-gnu:/opt/ros/rolling/opt/rviz_ogre_vendor/lib:/opt/ros/rolling/lib/x86_64-linux-gnu:/opt/ros/rolling/lib:/opt/MVS/lib/64:/opt/MVS/lib/32:/usr/local/TensorRT.10.7.0.23/lib:/usr/lib/x86_64-linux-gnu:/usr/local/cuda/lib64:/opt/MVS/lib/64:/opt/MVS/lib/32:/opt/MVS/lib/64:/opt/MVS/lib/32 PYTHONPATH=/home/guo/ITL_sentry_auto_new/install/autoaim_msgs/lib/python3.10/site-packages:${PYTHONPATH} /usr/local/bin/cmake --build /home/guo/ITL_sentry_auto_new/build/pipeline -- -j24 -l24
