[0.013s] Invoking command in '/home/guo/ITL_sentry_auto_new/build/autoaim_msgs': CMAKE_PREFIX_PATH=${CMAKE_PREFIX_PATH}:/opt/ros/rolling /usr/local/bin/cmake --build /home/guo/ITL_sentry_auto_new/build/autoaim_msgs -- -j24 -l24
[0.028s] -- Found ament_cmake: 2.3.2 (/opt/ros/rolling/share/ament_cmake/cmake)
[0.214s] -- Found rosidl_default_generators: 1.6.0 (/opt/ros/rolling/share/rosidl_default_generators/cmake)
[0.217s] -- Using all available rosidl_typesupport_c: rosidl_typesupport_fastrtps_c;rosidl_typesupport_introspection_c
[0.245s] -- Using all available rosidl_typesupport_cpp: rosidl_typesupport_fastrtps_cpp;rosidl_typesupport_introspection_cpp
[0.270s] -- Found rosidl_adapter: 4.5.1 (/opt/ros/rolling/share/rosidl_adapter/cmake)
[0.273s] -- Found std_msgs: 5.3.0 (/opt/ros/rolling/share/std_msgs/cmake)
[0.323s] -- Found geometry_msgs: 5.3.0 (/opt/ros/rolling/share/geometry_msgs/cmake)
[0.357s] -- Found sensor_msgs: 5.3.0 (/opt/ros/rolling/share/sensor_msgs/cmake)
[0.644s] [31mCMake Error at /opt/ros/rolling/share/rosidl_adapter/cmake/rosidl_adapt_interfaces.cmake:57 (message):
[0.644s]   execute_process(/usr/bin/python3.10 -m rosidl_adapter --package-name
[0.644s]   autoaim_msgs --arguments-file
[0.644s]   /home/guo/ITL_sentry_auto_new/build/autoaim_msgs/rosidl_adapter__arguments__autoaim_msgs.json
[0.644s]   --output-dir
[0.644s]   /home/guo/ITL_sentry_auto_new/build/autoaim_msgs/rosidl_adapter/autoaim_msgs
[0.644s]   --output-file
[0.644s]   /home/guo/ITL_sentry_auto_new/build/autoaim_msgs/rosidl_adapter/autoaim_msgs.idls)
[0.644s]   returned error code 1:
[0.644s] 
[0.644s]   Error processing 'float target_yaw' of 'autoaim_msgs/Debug': ''float' is an
[0.644s]   invalid message name.  It should have the pattern '^[A-Z][A-Za-z0-9]*$''
[0.644s] 
[0.644s]   Traceback (most recent call last):
[0.644s] 
[0.644s]     File "/usr/lib/python3.10/runpy.py", line 196, in _run_module_as_main
[0.644s]       return _run_code(code, main_globals, None,
[0.644s]     File "/usr/lib/python3.10/runpy.py", line 86, in _run_code
[0.644s]       exec(code, run_globals)
[0.644s]     File "/opt/ros/rolling/lib/python3.10/site-packages/rosidl_adapter/__main__.py", line 19, in <module>
[0.644s]       sys.exit(main())
[0.644s]     File "/opt/ros/rolling/lib/python3.10/site-packages/rosidl_adapter/main.py", line 53, in main
[0.644s]       abs_idl_file = convert_to_idl(
[0.644s]     File "/opt/ros/rolling/lib/python3.10/site-packages/rosidl_adapter/__init__.py", line 19, in convert_to_idl
[0.644s]       return convert_msg_to_idl(
[0.644s]     File "/opt/ros/rolling/lib/python3.10/site-packages/rosidl_adapter/msg/__init__.py", line 28, in convert_msg_to_idl
[0.644s]       msg = parse_message_string(package_name, input_file.stem, content)
[0.644s]     File "/opt/ros/rolling/lib/python3.10/site-packages/rosidl_adapter/parser.py", line 521, in parse_message_string
[0.644s]       Type(type_string, context_package_name=pkg_name),
[0.644s]     File "/opt/ros/rolling/lib/python3.10/site-packages/rosidl_adapter/parser.py", line 278, in __init__
[0.645s]       super(Type, self).__init__(
[0.645s]     File "/opt/ros/rolling/lib/python3.10/site-packages/rosidl_adapter/parser.py", line 206, in __init__
[0.645s]       raise InvalidResourceName(
[0.645s] 
[0.645s]   rosidl_adapter.parser.InvalidResourceName: 'float' is an invalid message
[0.645s]   name.  It should have the pattern '^[A-Z][A-Za-z0-9]*$'
[0.645s] 
[0.645s] Call Stack (most recent call first):
[0.645s]   /opt/ros/rolling/share/rosidl_cmake/cmake/rosidl_generate_interfaces.cmake:132 (rosidl_adapt_interfaces)
[0.645s]   CMakeLists.txt:17 (rosidl_generate_interfaces)
[0.645s] 
[0.645s] [0m
[0.645s] -- Configuring incomplete, errors occurred!
[0.647s] gmake: *** [Makefile:2435ï¼šcmake_check_build_system] é”™è¯¯ 1
[0.649s] Invoked command in '/home/guo/ITL_sentry_auto_new/build/autoaim_msgs' returned '2': CMAKE_PREFIX_PATH=${CMAKE_PREFIX_PATH}:/opt/ros/rolling /usr/local/bin/cmake --build /home/guo/ITL_sentry_auto_new/build/autoaim_msgs -- -j24 -l24
