[ 22%] Built target armor_data_lib
[ 44%] Built target armor_classifier_lib
[ 77%] Built target armor_detector_lib
[ 88%] [32mBuilding CXX object CMakeFiles/detected.dir/src/node/armor_detector_node.cpp.o[0m
[01m[K/home/guo/ITL_sentry_auto_new/src/core/detected/src/node/armor_detector_node.cpp:[m[K In member function â€˜[01m[Kstd::vector<armor_auto_aim::Armor> armor_auto_aim::Detector::detect(const cv::Mat&, cv::Mat*)[m[Kâ€™:
[01m[K/home/guo/ITL_sentry_auto_new/src/core/detected/src/node/armor_detector_node.cpp:77:12:[m[K [01;31m[Kerror: [m[Kâ€˜[01m[Klogger[m[Kâ€™ is not a member of â€˜[01m[Kutils[m[Kâ€™
   77 |     utils::[01;31m[Klogger[m[K()->debug(
      |            [01;31m[K^~~~~~[m[K
[01m[K/home/guo/ITL_sentry_auto_new/src/core/detected/src/node/armor_detector_node.cpp:79:16:[m[K [01;31m[Kerror: [m[Kâ€˜[01m[Kclass std::vector<armor_auto_aim::Armor>[m[Kâ€™ has no member named â€˜[01m[Kclass_id[m[Kâ€™
   79 |         armors.[01;31m[Kclass_id[m[K
      |                [01;31m[K^~~~~~~~[m[K
gmake[2]: *** [CMakeFiles/detected.dir/build.make:76ï¼šCMakeFiles/detected.dir/src/node/armor_detector_node.cpp.o] é”™è¯¯ 1
gmake[1]: *** [CMakeFiles/Makefile2:222ï¼šCMakeFiles/detected.dir/all] é”™è¯¯ 2
gmake: *** [Makefile:146ï¼šall] é”™è¯¯ 2
