[0.020s] Invoking command in '/home/guo/ITL_sentry_auto_new/build/detected': CMAKE_PREFIX_PATH=/home/guo/ITL_sentry_auto_new/install/utils:/home/guo/ITL_sentry_auto_new/install/tracker:/home/guo/ITL_sentry_auto_new/install/aimer:/home/guo/ITL_sentry_auto_new/install/predictor:/home/guo/ITL_sentry_auto_new/install/solver:/home/guo/ITL_sentry_auto_new/install/pipeline:/home/guo/ITL_sentry_auto_new/install/hikvision:/home/guo/ITL_sentry_auto_new/install/gimbal:/home/guo/ITL_sentry_auto_new/install/dm_imu:/home/guo/ITL_sentry_auto_new/install/detected:/home/guo/ITL_sentry_auto_new/install/cboard:/home/guo/ITL_sentry_auto_new/install/serial:/home/guo/ITL_sentry_auto_new/install/motion_model:/home/guo/ITL_sentry_auto_new/install/filter_lib:/home/guo/ITL_sentry_auto_new/install/autoaim_msgs:/home/guo/ITL_sentry_auto_new/install/armor_pointer:/opt/ros/rolling /usr/local/bin/cmake --build /home/guo/ITL_sentry_auto_new/build/detected -- -j24 -l24
[0.044s] [ 22%] Built target armor_data_lib
[0.058s] [ 44%] Built target armor_classifier_lib
[0.059s] [ 77%] Built target armor_detector_lib
[0.074s] [ 88%] [32mBuilding CXX object CMakeFiles/detected.dir/src/node/armor_detector_node.cpp.o[0m
[1.367s] [01m[K/home/guo/ITL_sentry_auto_new/src/core/detected/src/node/armor_detector_node.cpp:[m[K In member function â€˜[01m[Kstd::vector<armor_auto_aim::Armor> armor_auto_aim::Detector::detect(const cv::Mat&, cv::Mat*)[m[Kâ€™:
[1.367s] [01m[K/home/guo/ITL_sentry_auto_new/src/core/detected/src/node/armor_detector_node.cpp:77:12:[m[K [01;31m[Kerror: [m[Kâ€˜[01m[Klogger[m[Kâ€™ is not a member of â€˜[01m[Kutils[m[Kâ€™
[1.367s]    77 |     utils::[01;31m[Klogger[m[K()->debug(
[1.367s]       |            [01;31m[K^~~~~~[m[K
[1.367s] [01m[K/home/guo/ITL_sentry_auto_new/src/core/detected/src/node/armor_detector_node.cpp:79:16:[m[K [01;31m[Kerror: [m[Kâ€˜[01m[Kclass std::vector<armor_auto_aim::Armor>[m[Kâ€™ has no member named â€˜[01m[Kclass_id[m[Kâ€™
[1.367s]    79 |         armors.[01;31m[Kclass_id[m[K
[1.367s]       |                [01;31m[K^~~~~~~~[m[K
[1.923s] gmake[2]: *** [CMakeFiles/detected.dir/build.make:76ï¼šCMakeFiles/detected.dir/src/node/armor_detector_node.cpp.o] é”™è¯¯ 1
[1.923s] gmake[1]: *** [CMakeFiles/Makefile2:222ï¼šCMakeFiles/detected.dir/all] é”™è¯¯ 2
[1.924s] gmake: *** [Makefile:146ï¼šall] é”™è¯¯ 2
[1.925s] Invoked command in '/home/guo/ITL_sentry_auto_new/build/detected' returned '2': CMAKE_PREFIX_PATH=/home/guo/ITL_sentry_auto_new/install/utils:/home/guo/ITL_sentry_auto_new/install/tracker:/home/guo/ITL_sentry_auto_new/install/aimer:/home/guo/ITL_sentry_auto_new/install/predictor:/home/guo/ITL_sentry_auto_new/install/solver:/home/guo/ITL_sentry_auto_new/install/pipeline:/home/guo/ITL_sentry_auto_new/install/hikvision:/home/guo/ITL_sentry_auto_new/install/gimbal:/home/guo/ITL_sentry_auto_new/install/dm_imu:/home/guo/ITL_sentry_auto_new/install/detected:/home/guo/ITL_sentry_auto_new/install/cboard:/home/guo/ITL_sentry_auto_new/install/serial:/home/guo/ITL_sentry_auto_new/install/motion_model:/home/guo/ITL_sentry_auto_new/install/filter_lib:/home/guo/ITL_sentry_auto_new/install/autoaim_msgs:/home/guo/ITL_sentry_auto_new/install/armor_pointer:/opt/ros/rolling /usr/local/bin/cmake --build /home/guo/ITL_sentry_auto_new/build/detected -- -j24 -l24
