In file included from [01m[K/home/guo/ITL_sentry_auto_new/src/core/utils/src/math_tools.cpp:1[m[K:
[01m[K/home/guo/ITL_sentry_auto_new/src/core/utils/include/math_tools.hpp:66:61:[m[K [01;31m[Kerror: [m[Knon-member function â€˜[01m[Kdouble utils::to_seconds(std::chrono::_V2::steady_clock::time_point)[m[Kâ€™ cannot have cv-qualifier
   66 | double to_seconds(std::chrono::steady_clock::time_point tp) [01;31m[Kconst[m[K;
      |                                                             [01;31m[K^~~~~[m[K
[01m[K/home/guo/ITL_sentry_auto_new/src/core/utils/src/math_tools.cpp:388:61:[m[K [01;31m[Kerror: [m[Knon-member function â€˜[01m[Kdouble utils::to_seconds(std::chrono::_V2::steady_clock::time_point)[m[Kâ€™ cannot have cv-qualifier
  388 | double to_seconds(std::chrono::steady_clock::time_point tp) [01;31m[Kconst[m[K
      |                                                             [01;31m[K^~~~~[m[K
[01m[K/home/guo/ITL_sentry_auto_new/src/core/utils/src/math_tools.cpp:[m[K In function â€˜[01m[Kdouble utils::to_seconds(std::chrono::_V2::steady_clock::time_point)[m[Kâ€™:
[01m[K/home/guo/ITL_sentry_auto_new/src/core/utils/src/math_tools.cpp:390:45:[m[K [01;31m[Kerror: [m[Kâ€˜[01m[Kstart_time_[m[Kâ€™ was not declared in this scope
  390 |   return std::chrono::duration<double>(tp - [01;31m[Kstart_time_[m[K).count();
      |                                             [01;31m[K^~~~~~~~~~~[m[K
gmake[2]: *** [CMakeFiles/utils.dir/build.make:76ï¼šCMakeFiles/utils.dir/src/math_tools.cpp.o] é”™è¯¯ 1
gmake[1]: *** [CMakeFiles/Makefile2:137ï¼šCMakeFiles/utils.dir/all] é”™è¯¯ 2
gmake: *** [Makefile:146ï¼šall] é”™è¯¯ 2
