[ 50%] [32mBuilding CXX object CMakeFiles/pipeline_node.dir/src/test_node.cpp.o[0m
[01m[K/home/guo/ITL_sentry_auto_new/src/node/src/test_node.cpp:[m[K In member function â€˜[01m[Kint pipeline::PipelineApp::run()[m[Kâ€™:
[01m[K/home/guo/ITL_sentry_auto_new/src/node/src/test_node.cpp:123:11:[m[K [01;31m[Kerror: [m[Kâ€˜[01m[Kyaw_optimizer_[m[Kâ€™ was not declared in this scope
  123 |           [01;31m[Kyaw_optimizer_[m[K->reproject_armor_out(world_point, xyza[3], target.armor_type, target.name);
      |           [01;31m[K^~~~~~~~~~~~~~[m[K
gmake[2]: *** [CMakeFiles/pipeline_node.dir/build.make:76ï¼šCMakeFiles/pipeline_node.dir/src/test_node.cpp.o] é”™è¯¯ 1
gmake[1]: *** [CMakeFiles/Makefile2:137ï¼šCMakeFiles/pipeline_node.dir/all] é”™è¯¯ 2
gmake: *** [Makefile:146ï¼šall] é”™è¯¯ 2
