[0.015s] Invoking command in '/home/guo/ITL_sentry_auto_new/build/utils': CMAKE_PREFIX_PATH=${CMAKE_PREFIX_PATH}:/opt/ros/rolling /usr/local/bin/cmake --build /home/guo/ITL_sentry_auto_new/build/utils -- -j24 -l24
[0.044s] [ 20%] [32mBuilding CXX object CMakeFiles/utils.dir/src/math_tools.cpp.o[0m
[1.089s] [01m[K/home/guo/ITL_sentry_auto_new/src/core/utils/src/math_tools.cpp:[m[K In function â€˜[01m[Kdouble utils::to_seconds(std::chrono::_V2::steady_clock::time_point)[m[Kâ€™:
[1.089s] [01m[K/home/guo/ITL_sentry_auto_new/src/core/utils/src/math_tools.cpp:390:45:[m[K [01;31m[Kerror: [m[Kâ€˜[01m[Kstart_time_[m[Kâ€™ was not declared in this scope
[1.089s]   390 |   return std::chrono::duration<double>(tp - [01;31m[Kstart_time_[m[K).count();
[1.089s]       |                                             [01;31m[K^~~~~~~~~~~[m[K
[2.240s] gmake[2]: *** [CMakeFiles/utils.dir/build.make:76ï¼šCMakeFiles/utils.dir/src/math_tools.cpp.o] é”™è¯¯ 1
[2.240s] gmake[1]: *** [CMakeFiles/Makefile2:137ï¼šCMakeFiles/utils.dir/all] é”™è¯¯ 2
[2.240s] gmake: *** [Makefile:146ï¼šall] é”™è¯¯ 2
[2.242s] Invoked command in '/home/guo/ITL_sentry_auto_new/build/utils' returned '2': CMAKE_PREFIX_PATH=${CMAKE_PREFIX_PATH}:/opt/ros/rolling /usr/local/bin/cmake --build /home/guo/ITL_sentry_auto_new/build/utils -- -j24 -l24
