[0.015s] Invoking command in '/home/guo/ITL_sentry_auto_new/build/autoaim_msgs': CMAKE_PREFIX_PATH=${CMAKE_PREFIX_PATH}:/opt/ros/rolling /usr/local/bin/cmake --build /home/guo/ITL_sentry_auto_new/build/autoaim_msgs -- -j24 -l24
[0.033s] -- Found ament_cmake: 2.3.2 (/opt/ros/rolling/share/ament_cmake/cmake)
[0.231s] -- Found rosidl_default_generators: 1.6.0 (/opt/ros/rolling/share/rosidl_default_generators/cmake)
[0.236s] -- Using all available rosidl_typesupport_c: rosidl_typesupport_fastrtps_c;rosidl_typesupport_introspection_c
[0.281s] -- Using all available rosidl_typesupport_cpp: rosidl_typesupport_fastrtps_cpp;rosidl_typesupport_introspection_cpp
[0.311s] -- Found rosidl_adapter: 4.5.1 (/opt/ros/rolling/share/rosidl_adapter/cmake)
[0.316s] -- Found std_msgs: 5.3.0 (/opt/ros/rolling/share/std_msgs/cmake)
[0.372s] -- Found geometry_msgs: 5.3.0 (/opt/ros/rolling/share/geometry_msgs/cmake)
[0.423s] -- Found sensor_msgs: 5.3.0 (/opt/ros/rolling/share/sensor_msgs/cmake)
[0.730s] [31mCMake Error at /opt/ros/rolling/share/rosidl_adapter/cmake/rosidl_adapt_interfaces.cmake:57 (message):
[0.730s]   execute_process(/usr/bin/python3.10 -m rosidl_adapter --package-name
[0.730s]   autoaim_msgs --arguments-file
[0.730s]   /home/guo/ITL_sentry_auto_new/build/autoaim_msgs/rosidl_adapter__arguments__autoaim_msgs.json
[0.730s]   --output-dir
[0.731s]   /home/guo/ITL_sentry_auto_new/build/autoaim_msgs/rosidl_adapter/autoaim_msgs
[0.731s]   --output-file
[0.731s]   /home/guo/ITL_sentry_auto_new/build/autoaim_msgs/rosidl_adapter/autoaim_msgs.idls)
[0.731s]   returned error code 1:
[0.731s] 
[0.731s]   Error processing 'bool control;' of 'autoaim_msgs/Debug': ''control;' is an
[0.731s]   invalid field name.  It should have the pattern
[0.731s]   '^(?!.*__)(?!.*_$)[a-z][a-z0-9_]*$''
[0.731s] 
[0.731s]   Traceback (most recent call last):
[0.731s] 
[0.731s]     File "/usr/lib/python3.10/runpy.py", line 196, in _run_module_as_main
[0.731s]       return _run_code(code, main_globals, None,
[0.731s]     File "/usr/lib/python3.10/runpy.py", line 86, in _run_code
[0.731s]       exec(code, run_globals)
[0.731s]     File "/opt/ros/rolling/lib/python3.10/site-packages/rosidl_adapter/__main__.py", line 19, in <module>
[0.731s]       sys.exit(main())
[0.731s]     File "/opt/ros/rolling/lib/python3.10/site-packages/rosidl_adapter/main.py", line 53, in main
[0.731s]       abs_idl_file = convert_to_idl(
[0.731s]     File "/opt/ros/rolling/lib/python3.10/site-packages/rosidl_adapter/__init__.py", line 19, in convert_to_idl
[0.731s]       return convert_msg_to_idl(
[0.731s]     File "/opt/ros/rolling/lib/python3.10/site-packages/rosidl_adapter/msg/__init__.py", line 28, in convert_msg_to_idl
[0.731s]       msg = parse_message_string(package_name, input_file.stem, content)
[0.731s]     File "/opt/ros/rolling/lib/python3.10/site-packages/rosidl_adapter/parser.py", line 520, in parse_message_string
[0.731s]       fields.append(Field(
[0.731s]     File "/opt/ros/rolling/lib/python3.10/site-packages/rosidl_adapter/parser.py", line 355, in __init__
[0.731s]       raise NameError(
[0.731s] 
[0.731s]   NameError: 'control;' is an invalid field name.  It should have the pattern
[0.731s]   '^(?!.*__)(?!.*_$)[a-z][a-z0-9_]*$'
[0.732s] 
[0.732s] Call Stack (most recent call first):
[0.732s]   /opt/ros/rolling/share/rosidl_cmake/cmake/rosidl_generate_interfaces.cmake:132 (rosidl_adapt_interfaces)
[0.732s]   CMakeLists.txt:17 (rosidl_generate_interfaces)
[0.732s] 
[0.732s] [0m
[0.732s] -- Configuring incomplete, errors occurred!
[0.735s] gmake: *** [Makefile:2435ï¼šcmake_check_build_system] é”™è¯¯ 1
[0.736s] Invoked command in '/home/guo/ITL_sentry_auto_new/build/autoaim_msgs' returned '2': CMAKE_PREFIX_PATH=${CMAKE_PREFIX_PATH}:/opt/ros/rolling /usr/local/bin/cmake --build /home/guo/ITL_sentry_auto_new/build/autoaim_msgs -- -j24 -l24
