[ 50%] [32mBuilding CXX object CMakeFiles/pipeline_node.dir/src/test_node.cpp.o[0m
In file included from [01m[K/home/guo/ITL_sentry_auto_new/src/node/src/test_node.cpp:7[m[K:
[01m[K/opt/ros/rolling/include/cv_bridge/cv_bridge/cv_bridge.h:42:2:[m[K [01;35m[Kwarning: [m[K#warning This header is obsolete, please include cv_bridge/cv_bridge.hpp instead [[01;35m[K]8;;https://gcc.gnu.org/onlinedocs/gcc/Warning-Options.html#index-Wcpp-Wcpp]8;;[m[K]
   42 | #[01;35m[Kwarning[m[K This header is obsolete, please include cv_bridge/cv_bridge.hpp instead
      |  [01;35m[K^~~~~~~[m[K
In file included from [01m[K/home/guo/ITL_sentry_auto_new/src/node/src/test_node.cpp:1[m[K:
[01m[K/home/guo/ITL_sentry_auto_new/src/node/include/test_node.hpp:30:39:[m[K [01;31m[Kerror: [m[Kâ€˜[01m[KImu[m[Kâ€™ is not a member of â€˜[01m[Ksensor_msgs::msg[m[Kâ€™
   30 |   rclcpp::Publisher<sensor_msgs::msg::[01;31m[KImu[m[K>::SharedPtr  imu_pub_;
      |                                       [01;31m[K^~~[m[K
[01m[K/home/guo/ITL_sentry_auto_new/src/node/include/test_node.hpp:30:42:[m[K [01;31m[Kerror: [m[Ktemplate argument 1 is invalid
   30 |   rclcpp::Publisher<sensor_msgs::msg::Imu[01;31m[K>[m[K::SharedPtr  imu_pub_;
      |                                          [01;31m[K^[m[K
[01m[K/home/guo/ITL_sentry_auto_new/src/node/include/test_node.hpp:30:45:[m[K [01;31m[Kerror: [m[Kexpected â€˜[01m[K;[m[Kâ€™ at end of member declaration
   30 |   rclcpp::Publisher<sensor_msgs::msg::Imu>::[01;31m[KSharedPtr[m[K  imu_pub_;
      |                                             [01;31m[K^~~~~~~~~[m[K
      |                                                      [32m[K;[m[K
[01m[K/home/guo/ITL_sentry_auto_new/src/node/include/test_node.hpp:30:56:[m[K [01;31m[Kerror: [m[Kâ€˜[01m[Kimu_pub_[m[Kâ€™ does not name a type
   30 |   rclcpp::Publisher<sensor_msgs::msg::Imu>::SharedPtr  [01;31m[Kimu_pub_[m[K;
      |                                                        [01;31m[K^~~~~~~~[m[K
gmake[2]: *** [CMakeFiles/pipeline_node.dir/build.make:76ï¼šCMakeFiles/pipeline_node.dir/src/test_node.cpp.o] é”™è¯¯ 1
gmake[1]: *** [CMakeFiles/Makefile2:137ï¼šCMakeFiles/pipeline_node.dir/all] é”™è¯¯ 2
gmake: *** [Makefile:146ï¼šall] é”™è¯¯ 2
