[01m[K/home/guo/ITL_sentry_auto/src/anlesover/src/anglesolve.cpp:1:10:[m[K [01;31m[Kfatal error: [m[K/home/shaobing/rm_ws/src/anlesover/include/anlesover/AngleSolver_test.hpp: æ²¡æœ‰é‚£ä¸ªæ–‡ä»¶æˆ–ç›®å½•
    1 | #include [01;31m[K"/home/shaobing/rm_ws/src/anlesover/include/anlesover/AngleSolver_test.hpp"[m[K
      |          [01;31m[K^~~~~~~~~~~~~~~~~~~~~~~~~~~~~~~~~~~~~~~~~~~~~~~~~~~~~~~~~~~~~~~~~~~~~~~~~~~[m[K
compilation terminated.
gmake[2]: *** [CMakeFiles/anglesolve.dir/build.make:76ï¼šCMakeFiles/anglesolve.dir/src/anglesolve.cpp.o] é”™è¯¯ 1
gmake[1]: *** [CMakeFiles/Makefile2:137ï¼šCMakeFiles/anglesolve.dir/all] é”™è¯¯ 2
gmake: *** [Makefile:146ï¼šall] é”™è¯¯ 2
