[ 50%] [32mBuilding CXX object CMakeFiles/pipeline_node.dir/src/test_node.cpp.o[0m
In file included from [01m[K/home/guo/ITL_sentry_auto_new/src/node/src/test_node.cpp:9[m[K:
[01m[K/opt/ros/rolling/include/cv_bridge/cv_bridge/cv_bridge.h:42:2:[m[K [01;35m[Kwarning: [m[K#warning This header is obsolete, please include cv_bridge/cv_bridge.hpp instead [[01;35m[K]8;;https://gcc.gnu.org/onlinedocs/gcc/Warning-Options.html#index-Wcpp-Wcpp]8;;[m[K]
   42 | #[01;35m[Kwarning[m[K This header is obsolete, please include cv_bridge/cv_bridge.hpp instead
      |  [01;35m[K^~~~~~~[m[K
[01m[K/home/guo/ITL_sentry_auto_new/src/node/src/test_node.cpp:[m[K In member function â€˜[01m[Kvoid pipeline::TestNode::publish_loop()[m[Kâ€™:
[01m[K/home/guo/ITL_sentry_auto_new/src/node/src/test_node.cpp:108:62:[m[K [01;31m[Kerror: [m[Kâ€˜[01m[KBGR[m[Kâ€™ is not a member of â€˜[01m[Ksensor_msgs::image_encodings[m[Kâ€™; did you mean â€˜[01m[KBGR8[m[Kâ€™?
  108 |       std_msgs::msg::Header(), sensor_msgs::image_encodings::[01;31m[KBGR[m[K, *annotated).toImageMsg();
      |                                                              [01;31m[K^~~[m[K
      |                                                              [32m[KBGR8[m[K
gmake[2]: *** [CMakeFiles/pipeline_node.dir/build.make:76ï¼šCMakeFiles/pipeline_node.dir/src/test_node.cpp.o] é”™è¯¯ 1
gmake[1]: *** [CMakeFiles/Makefile2:137ï¼šCMakeFiles/pipeline_node.dir/all] é”™è¯¯ 2
gmake: *** [Makefile:146ï¼šall] é”™è¯¯ 2
