[01m[K/home/guo/ITL_sentry_auto_new/src/core/detected/src/detector/common_detector.cpp:1:10:[m[K [01;31m[Kfatal error: [m[Kdetector/armor_detector.hpp: æ²¡æœ‰é‚£ä¸ªæ–‡ä»¶æˆ–ç›®å½•
    1 | #include [01;31m[K"detector/armor_detector.hpp"[m[K
      |          [01;31m[K^~~~~~~~~~~~~~~~~~~~~~~~~~~~~[m[K
compilation terminated.
gmake[2]: *** [CMakeFiles/armor_detector_lib.dir/build.make:76ï¼šCMakeFiles/armor_detector_lib.dir/src/detector/common_detector.cpp.o] é”™è¯¯ 1
gmake[1]: *** [CMakeFiles/Makefile2:169ï¼šCMakeFiles/armor_detector_lib.dir/all] é”™è¯¯ 2
gmake: *** [Makefile:146ï¼šall] é”™è¯¯ 2
