[ 50%] [32mBuilding CXX object CMakeFiles/pipeline_node.dir/src/test_node.cpp.o[0m
[01m[K/home/guo/ITL_sentry_auto_new/src/node/src/test_node.cpp:[m[K In member function â€˜[01m[Kint pipeline::PipelineApp::run()[m[Kâ€™:
[01m[K/home/guo/ITL_sentry_auto_new/src/node/src/test_node.cpp:120:41:[m[K [01;31m[Kerror: [m[Kâ€˜[01m[Kdetla_time[m[Kâ€™ is not a member of â€˜[01m[Kutils[m[Kâ€™; did you mean â€˜[01m[Kdelta_time[m[Kâ€™?
  120 |     debug_packet.timestamp_sec = utils::[01;31m[Kdetla_time[m[K(timestamp, start_time_);
      |                                         [01;31m[K^~~~~~~~~~[m[K
      |                                         [32m[Kdelta_time[m[K
gmake[2]: *** [CMakeFiles/pipeline_node.dir/build.make:76ï¼šCMakeFiles/pipeline_node.dir/src/test_node.cpp.o] é”™è¯¯ 1
gmake[1]: *** [CMakeFiles/Makefile2:137ï¼šCMakeFiles/pipeline_node.dir/all] é”™è¯¯ 2
gmake: *** [Makefile:146ï¼šall] é”™è¯¯ 2
