[0.016s] Invoking command in '/home/guo/ITL_sentry_auto_new/build/auto_aim': AMENT_PREFIX_PATH=/home/guo/ITL_sentry_auto_new/install/deveice:/home/guo/ITL_sentry_auto_new/install/serial:/home/guo/ITL_sentry_auto_new/install/utils:/home/guo/ITL_sentry_auto_new/install/autoaim_msgs:${AMENT_PREFIX_PATH} CMAKE_PREFIX_PATH=/home/guo/ITL_sentry_auto_new/install/deveice:/home/guo/ITL_sentry_auto_new/install/serial:/home/guo/ITL_sentry_auto_new/install/utils:/home/guo/ITL_sentry_auto_new/install/autoaim_msgs:/opt/ros/rolling LD_LIBRARY_PATH=/home/guo/ITL_sentry_auto_new/install/deveice/lib:/home/guo/ITL_sentry_auto_new/install/serial/lib:/home/guo/ITL_sentry_auto_new/install/utils/lib:/home/guo/ITL_sentry_auto_new/install/autoaim_msgs/lib:/usr/lib/x86_64-linux-gnu:/opt/ros/rolling/opt/rviz_ogre_vendor/lib:/opt/ros/rolling/lib/x86_64-linux-gnu:/opt/ros/rolling/lib:/opt/MVS/lib/64:/opt/MVS/lib/32:/usr/local/TensorRT.10.7.0.23/lib:/usr/lib/x86_64-linux-gnu:/usr/local/cuda/lib64:/opt/MVS/lib/64:/opt/MVS/lib/32:/opt/MVS/lib/64:/opt/MVS/lib/32 PYTHONPATH=/home/guo/ITL_sentry_auto_new/install/autoaim_msgs/lib/python3.10/site-packages:${PYTHONPATH} /usr/local/bin/cmake --build /home/guo/ITL_sentry_auto_new/build/auto_aim -- -j24 -l24
[0.039s] [  6%] Built target auto_aim_motion_model
[0.041s] [ 16%] Built target auto_aim_pointer
[0.045s] [ 19%] [32mBuilding CXX object CMakeFiles/auto_aim_detected.dir/detected/src/node/armor_detector_node.cpp.o[0m
[1.602s] [01m[K/home/guo/ITL_sentry_auto_new/src/core/auto_aim/detected/src/node/armor_detector_node.cpp:[m[K In constructor â€˜[01m[Karmor_auto_aim::Detector::Detector(const string&)[m[Kâ€™:
[1.602s] [01m[K/home/guo/ITL_sentry_auto_new/src/core/auto_aim/detected/src/node/armor_detector_node.cpp:33:6:[m[K [01;31m[Kerror: [m[Kexpected identifier before â€˜[01m[K{[m[Kâ€™ token
[1.602s]    33 |     :[01;31m[K{[m[K
[1.602s]       |      [01;31m[K^[m[K
[1.608s] [01m[K/home/guo/ITL_sentry_auto_new/src/core/auto_aim/detected/src/node/armor_detector_node.cpp:38:54:[m[K [01;31m[Kerror: [m[Kâ€˜[01m[Kconfig_file_path_[m[Kâ€™ was not declared in this scope; did you mean â€˜[01m[Kconfig_path[m[Kâ€™?
[1.608s]    38 |         detector_ = std::make_unique<YOLO11Detector>([01;31m[Kconfig_file_path_[m[K, debug_);
[1.608s]       |                                                      [01;31m[K^~~~~~~~~~~~~~~~~[m[K
[1.608s]       |                                                      [32m[Kconfig_path[m[K
[1.609s] [01m[K/home/guo/ITL_sentry_auto_new/src/core/auto_aim/detected/src/node/armor_detector_node.cpp:32:39:[m[K [01;35m[Kwarning: [m[Kunused parameter â€˜[01m[Kconfig_path[m[Kâ€™ [[01;35m[K]8;;https://gcc.gnu.org/onlinedocs/gcc/Warning-Options.html#index-Wunused-parameter-Wunused-parameter]8;;[m[K]
[1.609s]    32 | Detector::Detector([01;35m[Kconst std::string& config_path[m[K)
[1.609s]       |                    [01;35m[K~~~~~~~~~~~~~~~~~~~^~~~~~~~~~~[m[K
[3.275s] gmake[2]: *** [CMakeFiles/auto_aim_detected.dir/build.make:132ï¼šCMakeFiles/auto_aim_detected.dir/detected/src/node/armor_detector_node.cpp.o] é”™è¯¯ 1
[3.276s] gmake[1]: *** [CMakeFiles/Makefile2:153ï¼šCMakeFiles/auto_aim_detected.dir/all] é”™è¯¯ 2
[3.276s] gmake: *** [Makefile:146ï¼šall] é”™è¯¯ 2
[3.278s] Invoked command in '/home/guo/ITL_sentry_auto_new/build/auto_aim' returned '2': AMENT_PREFIX_PATH=/home/guo/ITL_sentry_auto_new/install/deveice:/home/guo/ITL_sentry_auto_new/install/serial:/home/guo/ITL_sentry_auto_new/install/utils:/home/guo/ITL_sentry_auto_new/install/autoaim_msgs:${AMENT_PREFIX_PATH} CMAKE_PREFIX_PATH=/home/guo/ITL_sentry_auto_new/install/deveice:/home/guo/ITL_sentry_auto_new/install/serial:/home/guo/ITL_sentry_auto_new/install/utils:/home/guo/ITL_sentry_auto_new/install/autoaim_msgs:/opt/ros/rolling LD_LIBRARY_PATH=/home/guo/ITL_sentry_auto_new/install/deveice/lib:/home/guo/ITL_sentry_auto_new/install/serial/lib:/home/guo/ITL_sentry_auto_new/install/utils/lib:/home/guo/ITL_sentry_auto_new/install/autoaim_msgs/lib:/usr/lib/x86_64-linux-gnu:/opt/ros/rolling/opt/rviz_ogre_vendor/lib:/opt/ros/rolling/lib/x86_64-linux-gnu:/opt/ros/rolling/lib:/opt/MVS/lib/64:/opt/MVS/lib/32:/usr/local/TensorRT.10.7.0.23/lib:/usr/lib/x86_64-linux-gnu:/usr/local/cuda/lib64:/opt/MVS/lib/64:/opt/MVS/lib/32:/opt/MVS/lib/64:/opt/MVS/lib/32 PYTHONPATH=/home/guo/ITL_sentry_auto_new/install/autoaim_msgs/lib/python3.10/site-packages:${PYTHONPATH} /usr/local/bin/cmake --build /home/guo/ITL_sentry_auto_new/build/auto_aim -- -j24 -l24
