[ 50%] [32mBuilding CXX object CMakeFiles/pipeline_node.dir/src/test_node.cpp.o[0m
In file included from [01m[K/home/guo/ITL_sentry_auto_new/src/node/src/test_node.cpp:1[m[K:
[01m[K/home/guo/ITL_sentry_auto_new/src/node/include/test_node.hpp:28:39:[m[K [01;31m[Kerror: [m[Kâ€˜[01m[KVisulization[m[Kâ€™ in namespace â€˜[01m[Karmor_auto_aim[m[Kâ€™ does not name a type; did you mean â€˜[01m[KVisualization[m[Kâ€™?
   28 | using Visualization = armor_auto_aim::[01;31m[KVisulization[m[K
      |                                       [01;31m[K^~~~~~~~~~~~[m[K
      |                                       [32m[KVisualization[m[K
[01m[K/home/guo/ITL_sentry_auto_new/src/node/include/test_node.hpp:68:26:[m[K [01;31m[Kerror: [m[Kâ€˜[01m[KDebugPacket[m[Kâ€™ was not declared in this scope
   68 |   utils::ThreadSafeQueue<[01;31m[KDebugPacket[m[K, true> visualization_queue_;
      |                          [01;31m[K^~~~~~~~~~~[m[K
[01m[K/home/guo/ITL_sentry_auto_new/src/node/include/test_node.hpp:68:43:[m[K [01;31m[Kerror: [m[Ktemplate argument 1 is invalid
   68 |   utils::ThreadSafeQueue<DebugPacket, true[01;31m[K>[m[K visualization_queue_;
      |                                           [01;31m[K^[m[K
[01m[K/home/guo/ITL_sentry_auto_new/src/node/src/test_node.cpp:[m[K In member function â€˜[01m[Kint pipeline::PipelineApp::run()[m[Kâ€™:
[01m[K/home/guo/ITL_sentry_auto_new/src/node/src/test_node.cpp:115:5:[m[K [01;31m[Kerror: [m[Kâ€˜[01m[KDebugPacket[m[Kâ€™ was not declared in this scope
  115 |     [01;31m[KDebugPacket[m[K debug_packet;
      |     [01;31m[K^~~~~~~~~~~[m[K
[01m[K/home/guo/ITL_sentry_auto_new/src/node/src/test_node.cpp:116:5:[m[K [01;31m[Kerror: [m[Kâ€˜[01m[Kdebug_packet[m[Kâ€™ was not declared in this scope
  116 |     [01;31m[Kdebug_packet[m[K.timestamp = timestamp;
      |     [01;31m[K^~~~~~~~~~~~[m[K
[01m[K/home/guo/ITL_sentry_auto_new/src/node/src/test_node.cpp:159:11:[m[K [01;31m[Kerror: [m[Kâ€˜[01m[KVisualization[m[Kâ€™ was not declared in this scope; did you mean â€˜[01m[Karmor_auto_aim::Visualization[m[Kâ€™?
  159 |           [01;31m[KVisualization[m[K vis_armor;
      |           [01;31m[K^~~~~~~~~~~~~[m[K
      |           [32m[Karmor_auto_aim::Visualization[m[K
In file included from [01m[K/home/guo/ITL_sentry_auto_new/install/detected/include/node/armor_detector_node.hpp:8[m[K,
                 from [01m[K/home/guo/ITL_sentry_auto_new/src/node/include/test_node.hpp:18[m[K,
                 from [01m[K/home/guo/ITL_sentry_auto_new/src/node/src/test_node.cpp:1[m[K:
[01m[K/home/guo/ITL_sentry_auto_new/install/detected/include/common/armor.hpp:71:8:[m[K [01;36m[Knote: [m[Kâ€˜[01m[Karmor_auto_aim::Visualization[m[Kâ€™ declared here
   71 | struct [01;36m[KVisualization[m[K
      |        [01;36m[K^~~~~~~~~~~~~[m[K
[01m[K/home/guo/ITL_sentry_auto_new/src/node/src/test_node.cpp:160:63:[m[K [01;31m[Kerror: [m[Kâ€˜[01m[Kvis_armor[m[Kâ€™ was not declared in this scope
  160 |           std::copy(image_points.begin(), image_points.end(), [01;31m[Kvis_armor[m[K.corners.begin());
      |                                                               [01;31m[K^~~~~~~~~[m[K
[01m[K/home/guo/ITL_sentry_auto_new/src/node/src/test_node.cpp:172:28:[m[K [01;31m[Kerror: [m[Krequest for member â€˜[01m[Kpush[m[Kâ€™ in â€˜[01m[K((pipeline::PipelineApp*)this)->pipeline::PipelineApp::visualization_queue_[m[Kâ€™, which is of non-class type â€˜[01m[Kint[m[Kâ€™
  172 |       visualization_queue_.[01;31m[Kpush[m[K(debug_packet);
      |                            [01;31m[K^~~~[m[K
[01m[K/home/guo/ITL_sentry_auto_new/src/node/src/test_node.cpp:[m[K In member function â€˜[01m[Kvoid pipeline::PipelineApp::request_stop()[m[Kâ€™:
[01m[K/home/guo/ITL_sentry_auto_new/src/node/src/test_node.cpp:191:28:[m[K [01;31m[Kerror: [m[Krequest for member â€˜[01m[Kpush[m[Kâ€™ in â€˜[01m[K((pipeline::PipelineApp*)this)->pipeline::PipelineApp::visualization_queue_[m[Kâ€™, which is of non-class type â€˜[01m[Kint[m[Kâ€™
  191 |       visualization_queue_.[01;31m[Kpush[m[K(DebugPacket{});
      |                            [01;31m[K^~~~[m[K
[01m[K/home/guo/ITL_sentry_auto_new/src/node/src/test_node.cpp:191:33:[m[K [01;31m[Kerror: [m[Kâ€˜[01m[KDebugPacket[m[Kâ€™ was not declared in this scope
  191 |       visualization_queue_.push([01;31m[KDebugPacket[m[K{});
      |                                 [01;31m[K^~~~~~~~~~~[m[K
[01m[K/home/guo/ITL_sentry_auto_new/src/node/src/test_node.cpp:[m[K In member function â€˜[01m[Kvoid pipeline::PipelineApp::visualization_loop()[m[Kâ€™:
[01m[K/home/guo/ITL_sentry_auto_new/src/node/src/test_node.cpp:227:5:[m[K [01;31m[Kerror: [m[Kâ€˜[01m[KDebugPacket[m[Kâ€™ was not declared in this scope
  227 |     [01;31m[KDebugPacket[m[K packet;
      |     [01;31m[K^~~~~~~~~~~[m[K
[01m[K/home/guo/ITL_sentry_auto_new/src/node/src/test_node.cpp:228:26:[m[K [01;31m[Kerror: [m[Krequest for member â€˜[01m[Kpop[m[Kâ€™ in â€˜[01m[K((pipeline::PipelineApp*)this)->pipeline::PipelineApp::visualization_queue_[m[Kâ€™, which is of non-class type â€˜[01m[Kint[m[Kâ€™
  228 |     visualization_queue_.[01;31m[Kpop[m[K(packet);
      |                          [01;31m[K^~~[m[K
[01m[K/home/guo/ITL_sentry_auto_new/src/node/src/test_node.cpp:228:30:[m[K [01;31m[Kerror: [m[Kâ€˜[01m[Kpacket[m[Kâ€™ was not declared in this scope
  228 |     visualization_queue_.pop([01;31m[Kpacket[m[K);
      |                              [01;31m[K^~~~~~[m[K
[01m[K/home/guo/ITL_sentry_auto_new/src/node/src/test_node.cpp:237:23:[m[K [01;31m[Kerror: [m[Kâ€˜[01m[Kvisualize_results[m[Kâ€™ is not a member of â€˜[01m[Karmor_auto_aim[m[Kâ€™
  237 |       armor_auto_aim::[01;31m[Kvisualize_results[m[K(canvas, packet.reprojected_armors, visualization_center_point_, frame_index);
      |                       [01;31m[K^~~~~~~~~~~~~~~~~[m[K
gmake[2]: *** [CMakeFiles/pipeline_node.dir/build.make:76ï¼šCMakeFiles/pipeline_node.dir/src/test_node.cpp.o] é”™è¯¯ 1
gmake[1]: *** [CMakeFiles/Makefile2:137ï¼šCMakeFiles/pipeline_node.dir/all] é”™è¯¯ 2
gmake: *** [Makefile:146ï¼šall] é”™è¯¯ 2
