[0.082s] Invoking command in '/home/guo/ITL_sentry_auto_new/build/pipeline': CMAKE_PREFIX_PATH=/home/guo/ITL_sentry_auto_new/install/tracker:/home/guo/ITL_sentry_auto_new/install/aimer:/home/guo/ITL_sentry_auto_new/install/predictor:/home/guo/ITL_sentry_auto_new/install/solver:/home/guo/ITL_sentry_auto_new/install/gimbal:/home/guo/ITL_sentry_auto_new/install/dm_imu:/home/guo/ITL_sentry_auto_new/install/serial:/home/guo/ITL_sentry_auto_new/install/motion_model:/home/guo/ITL_sentry_auto_new/install/hikvision:/home/guo/ITL_sentry_auto_new/install/detected:/home/guo/ITL_sentry_auto_new/install/cboard:/home/guo/ITL_sentry_auto_new/install/utils:/home/guo/ITL_sentry_auto_new/install/filter_lib:/home/guo/ITL_sentry_auto_new/install/autoaim_msgs:/home/guo/ITL_sentry_auto_new/install/pipeline:/home/guo/ITL_sentry_auto_new/install/planner:/home/guo/ITL_sentry_auto_new/install/armor_pointer:/opt/ros/rolling LD_LIBRARY_PATH=/home/guo/ITL_sentry_auto_new/install/aimer/lib:/home/guo/ITL_sentry_auto_new/install/predictor/lib:/home/guo/ITL_sentry_auto_new/install/solver/lib:/home/guo/ITL_sentry_auto_new/install/gimbal/lib:/home/guo/ITL_sentry_auto_new/install/dm_imu/lib:/home/guo/ITL_sentry_auto_new/install/serial/lib:/home/guo/ITL_sentry_auto_new/install/motion_model/lib:/home/guo/ITL_sentry_auto_new/install/hikvision/lib:/home/guo/ITL_sentry_auto_new/install/detected/lib:/home/guo/ITL_sentry_auto_new/install/cboard/lib:/home/guo/ITL_sentry_auto_new/install/autoaim_msgs/lib:/home/guo/ITL_sentry_auto_new/install/tracker/lib:/home/guo/ITL_sentry_auto_new/install/planner/lib:/home/guo/ITL_sentry_auto_new/install/utils/lib:/home/guo/ITL_sentry_auto_new/install/filter_lib/lib:/home/guo/ITL_sentry_auto_new/install/armor_pointer/lib:/usr/lib/x86_64-linux-gnu:/opt/ros/rolling/opt/rviz_ogre_vendor/lib:/opt/ros/rolling/lib/x86_64-linux-gnu:/opt/ros/rolling/lib:/opt/MVS/lib/64:/opt/MVS/lib/32:/usr/local/TensorRT.10.7.0.23/lib:/usr/lib/x86_64-linux-gnu:/usr/local/cuda/lib64:/opt/MVS/lib/64:/opt/MVS/lib/32:/opt/MVS/lib/64:/opt/MVS/lib/32 /usr/local/bin/cmake --build /home/guo/ITL_sentry_auto_new/build/pipeline -- -j24 -l24
[0.149s] [ 50%] [32mBuilding CXX object CMakeFiles/pipeline_node.dir/src/test_node.cpp.o[0m
[3.778s] In file included from [01m[K/home/guo/ITL_sentry_auto_new/src/node/src/test_node.cpp:1[m[K:
[3.778s] [01m[K/home/guo/ITL_sentry_auto_new/src/node/include/test_node.hpp:28:39:[m[K [01;31m[Kerror: [m[Kâ€˜[01m[KVisulization[m[Kâ€™ in namespace â€˜[01m[Karmor_auto_aim[m[Kâ€™ does not name a type; did you mean â€˜[01m[KVisualization[m[Kâ€™?
[3.778s]    28 | using Visualization = armor_auto_aim::[01;31m[KVisulization[m[K
[3.778s]       |                                       [01;31m[K^~~~~~~~~~~~[m[K
[3.778s]       |                                       [32m[KVisualization[m[K
[3.808s] [01m[K/home/guo/ITL_sentry_auto_new/src/node/include/test_node.hpp:68:26:[m[K [01;31m[Kerror: [m[Kâ€˜[01m[KDebugPacket[m[Kâ€™ was not declared in this scope
[3.808s]    68 |   utils::ThreadSafeQueue<[01;31m[KDebugPacket[m[K, true> visualization_queue_;
[3.808s]       |                          [01;31m[K^~~~~~~~~~~[m[K
[3.808s] [01m[K/home/guo/ITL_sentry_auto_new/src/node/include/test_node.hpp:68:43:[m[K [01;31m[Kerror: [m[Ktemplate argument 1 is invalid
[3.808s]    68 |   utils::ThreadSafeQueue<DebugPacket, true[01;31m[K>[m[K visualization_queue_;
[3.808s]       |                                           [01;31m[K^[m[K
[3.820s] [01m[K/home/guo/ITL_sentry_auto_new/src/node/src/test_node.cpp:[m[K In member function â€˜[01m[Kint pipeline::PipelineApp::run()[m[Kâ€™:
[3.820s] [01m[K/home/guo/ITL_sentry_auto_new/src/node/src/test_node.cpp:115:5:[m[K [01;31m[Kerror: [m[Kâ€˜[01m[KDebugPacket[m[Kâ€™ was not declared in this scope
[3.820s]   115 |     [01;31m[KDebugPacket[m[K debug_packet;
[3.820s]       |     [01;31m[K^~~~~~~~~~~[m[K
[3.828s] [01m[K/home/guo/ITL_sentry_auto_new/src/node/src/test_node.cpp:116:5:[m[K [01;31m[Kerror: [m[Kâ€˜[01m[Kdebug_packet[m[Kâ€™ was not declared in this scope
[3.829s]   116 |     [01;31m[Kdebug_packet[m[K.timestamp = timestamp;
[3.829s]       |     [01;31m[K^~~~~~~~~~~~[m[K
[3.836s] [01m[K/home/guo/ITL_sentry_auto_new/src/node/src/test_node.cpp:159:11:[m[K [01;31m[Kerror: [m[Kâ€˜[01m[KVisualization[m[Kâ€™ was not declared in this scope; did you mean â€˜[01m[Karmor_auto_aim::Visualization[m[Kâ€™?
[3.836s]   159 |           [01;31m[KVisualization[m[K vis_armor;
[3.836s]       |           [01;31m[K^~~~~~~~~~~~~[m[K
[3.836s]       |           [32m[Karmor_auto_aim::Visualization[m[K
[3.836s] In file included from [01m[K/home/guo/ITL_sentry_auto_new/install/detected/include/node/armor_detector_node.hpp:8[m[K,
[3.836s]                  from [01m[K/home/guo/ITL_sentry_auto_new/src/node/include/test_node.hpp:18[m[K,
[3.836s]                  from [01m[K/home/guo/ITL_sentry_auto_new/src/node/src/test_node.cpp:1[m[K:
[3.836s] [01m[K/home/guo/ITL_sentry_auto_new/install/detected/include/common/armor.hpp:71:8:[m[K [01;36m[Knote: [m[Kâ€˜[01m[Karmor_auto_aim::Visualization[m[Kâ€™ declared here
[3.836s]    71 | struct [01;36m[KVisualization[m[K
[3.836s]       |        [01;36m[K^~~~~~~~~~~~~[m[K
[3.844s] [01m[K/home/guo/ITL_sentry_auto_new/src/node/src/test_node.cpp:160:63:[m[K [01;31m[Kerror: [m[Kâ€˜[01m[Kvis_armor[m[Kâ€™ was not declared in this scope
[3.844s]   160 |           std::copy(image_points.begin(), image_points.end(), [01;31m[Kvis_armor[m[K.corners.begin());
[3.844s]       |                                                               [01;31m[K^~~~~~~~~[m[K
[3.844s] [01m[K/home/guo/ITL_sentry_auto_new/src/node/src/test_node.cpp:172:28:[m[K [01;31m[Kerror: [m[Krequest for member â€˜[01m[Kpush[m[Kâ€™ in â€˜[01m[K((pipeline::PipelineApp*)this)->pipeline::PipelineApp::visualization_queue_[m[Kâ€™, which is of non-class type â€˜[01m[Kint[m[Kâ€™
[3.844s]   172 |       visualization_queue_.[01;31m[Kpush[m[K(debug_packet);
[3.844s]       |                            [01;31m[K^~~~[m[K
[3.844s] [01m[K/home/guo/ITL_sentry_auto_new/src/node/src/test_node.cpp:[m[K In member function â€˜[01m[Kvoid pipeline::PipelineApp::request_stop()[m[Kâ€™:
[3.844s] [01m[K/home/guo/ITL_sentry_auto_new/src/node/src/test_node.cpp:191:28:[m[K [01;31m[Kerror: [m[Krequest for member â€˜[01m[Kpush[m[Kâ€™ in â€˜[01m[K((pipeline::PipelineApp*)this)->pipeline::PipelineApp::visualization_queue_[m[Kâ€™, which is of non-class type â€˜[01m[Kint[m[Kâ€™
[3.844s]   191 |       visualization_queue_.[01;31m[Kpush[m[K(DebugPacket{});
[3.844s]       |                            [01;31m[K^~~~[m[K
[3.852s] [01m[K/home/guo/ITL_sentry_auto_new/src/node/src/test_node.cpp:191:33:[m[K [01;31m[Kerror: [m[Kâ€˜[01m[KDebugPacket[m[Kâ€™ was not declared in this scope
[3.852s]   191 |       visualization_queue_.push([01;31m[KDebugPacket[m[K{});
[3.852s]       |                                 [01;31m[K^~~~~~~~~~~[m[K
[3.861s] [01m[K/home/guo/ITL_sentry_auto_new/src/node/src/test_node.cpp:[m[K In member function â€˜[01m[Kvoid pipeline::PipelineApp::visualization_loop()[m[Kâ€™:
[3.861s] [01m[K/home/guo/ITL_sentry_auto_new/src/node/src/test_node.cpp:227:5:[m[K [01;31m[Kerror: [m[Kâ€˜[01m[KDebugPacket[m[Kâ€™ was not declared in this scope
[3.861s]   227 |     [01;31m[KDebugPacket[m[K packet;
[3.861s]       |     [01;31m[K^~~~~~~~~~~[m[K
[3.861s] [01m[K/home/guo/ITL_sentry_auto_new/src/node/src/test_node.cpp:228:26:[m[K [01;31m[Kerror: [m[Krequest for member â€˜[01m[Kpop[m[Kâ€™ in â€˜[01m[K((pipeline::PipelineApp*)this)->pipeline::PipelineApp::visualization_queue_[m[Kâ€™, which is of non-class type â€˜[01m[Kint[m[Kâ€™
[3.861s]   228 |     visualization_queue_.[01;31m[Kpop[m[K(packet);
[3.861s]       |                          [01;31m[K^~~[m[K
[3.867s] [01m[K/home/guo/ITL_sentry_auto_new/src/node/src/test_node.cpp:228:30:[m[K [01;31m[Kerror: [m[Kâ€˜[01m[Kpacket[m[Kâ€™ was not declared in this scope
[3.867s]   228 |     visualization_queue_.pop([01;31m[Kpacket[m[K);
[3.867s]       |                              [01;31m[K^~~~~~[m[K
[3.867s] [01m[K/home/guo/ITL_sentry_auto_new/src/node/src/test_node.cpp:237:23:[m[K [01;31m[Kerror: [m[Kâ€˜[01m[Kvisualize_results[m[Kâ€™ is not a member of â€˜[01m[Karmor_auto_aim[m[Kâ€™
[3.867s]   237 |       armor_auto_aim::[01;31m[Kvisualize_results[m[K(canvas, packet.reprojected_armors, visualization_center_point_, frame_index);
[3.867s]       |                       [01;31m[K^~~~~~~~~~~~~~~~~[m[K
[6.197s] gmake[2]: *** [CMakeFiles/pipeline_node.dir/build.make:76ï¼šCMakeFiles/pipeline_node.dir/src/test_node.cpp.o] é”™è¯¯ 1
[6.197s] gmake[1]: *** [CMakeFiles/Makefile2:137ï¼šCMakeFiles/pipeline_node.dir/all] é”™è¯¯ 2
[6.197s] gmake: *** [Makefile:146ï¼šall] é”™è¯¯ 2
[6.200s] Invoked command in '/home/guo/ITL_sentry_auto_new/build/pipeline' returned '2': CMAKE_PREFIX_PATH=/home/guo/ITL_sentry_auto_new/install/tracker:/home/guo/ITL_sentry_auto_new/install/aimer:/home/guo/ITL_sentry_auto_new/install/predictor:/home/guo/ITL_sentry_auto_new/install/solver:/home/guo/ITL_sentry_auto_new/install/gimbal:/home/guo/ITL_sentry_auto_new/install/dm_imu:/home/guo/ITL_sentry_auto_new/install/serial:/home/guo/ITL_sentry_auto_new/install/motion_model:/home/guo/ITL_sentry_auto_new/install/hikvision:/home/guo/ITL_sentry_auto_new/install/detected:/home/guo/ITL_sentry_auto_new/install/cboard:/home/guo/ITL_sentry_auto_new/install/utils:/home/guo/ITL_sentry_auto_new/install/filter_lib:/home/guo/ITL_sentry_auto_new/install/autoaim_msgs:/home/guo/ITL_sentry_auto_new/install/pipeline:/home/guo/ITL_sentry_auto_new/install/planner:/home/guo/ITL_sentry_auto_new/install/armor_pointer:/opt/ros/rolling LD_LIBRARY_PATH=/home/guo/ITL_sentry_auto_new/install/aimer/lib:/home/guo/ITL_sentry_auto_new/install/predictor/lib:/home/guo/ITL_sentry_auto_new/install/solver/lib:/home/guo/ITL_sentry_auto_new/install/gimbal/lib:/home/guo/ITL_sentry_auto_new/install/dm_imu/lib:/home/guo/ITL_sentry_auto_new/install/serial/lib:/home/guo/ITL_sentry_auto_new/install/motion_model/lib:/home/guo/ITL_sentry_auto_new/install/hikvision/lib:/home/guo/ITL_sentry_auto_new/install/detected/lib:/home/guo/ITL_sentry_auto_new/install/cboard/lib:/home/guo/ITL_sentry_auto_new/install/autoaim_msgs/lib:/home/guo/ITL_sentry_auto_new/install/tracker/lib:/home/guo/ITL_sentry_auto_new/install/planner/lib:/home/guo/ITL_sentry_auto_new/install/utils/lib:/home/guo/ITL_sentry_auto_new/install/filter_lib/lib:/home/guo/ITL_sentry_auto_new/install/armor_pointer/lib:/usr/lib/x86_64-linux-gnu:/opt/ros/rolling/opt/rviz_ogre_vendor/lib:/opt/ros/rolling/lib/x86_64-linux-gnu:/opt/ros/rolling/lib:/opt/MVS/lib/64:/opt/MVS/lib/32:/usr/local/TensorRT.10.7.0.23/lib:/usr/lib/x86_64-linux-gnu:/usr/local/cuda/lib64:/opt/MVS/lib/64:/opt/MVS/lib/32:/opt/MVS/lib/64:/opt/MVS/lib/32 /usr/local/bin/cmake --build /home/guo/ITL_sentry_auto_new/build/pipeline -- -j24 -l24
