[ 50%] [32mBuilding CXX object CMakeFiles/pipeline_node.dir/src/test_node.cpp.o[0m
In file included from [01m[K/home/guo/ITL_sentry_auto_new/src/node/src/test_node.cpp:7[m[K:
[01m[K/opt/ros/rolling/include/cv_bridge/cv_bridge/cv_bridge.h:42:2:[m[K [01;35m[Kwarning: [m[K#warning This header is obsolete, please include cv_bridge/cv_bridge.hpp instead [[01;35m[K]8;;https://gcc.gnu.org/onlinedocs/gcc/Warning-Options.html#index-Wcpp-Wcpp]8;;[m[K]
   42 | #[01;35m[Kwarning[m[K This header is obsolete, please include cv_bridge/cv_bridge.hpp instead
      |  [01;35m[K^~~~~~~[m[K
In file included from [01m[K/home/guo/ITL_sentry_auto_new/src/node/src/test_node.cpp:1[m[K:
[01m[K/home/guo/ITL_sentry_auto_new/src/node/include/test_node.hpp:27:19:[m[K [01;31m[Kerror: [m[Kâ€˜[01m[Kio[m[Kâ€™ was not declared in this scope
   27 |   std::unique_ptr<[01;31m[Kio[m[K::DmImu> dm_imu_;
      |                   [01;31m[K^~[m[K
[01m[K/home/guo/ITL_sentry_auto_new/src/node/include/test_node.hpp:27:28:[m[K [01;31m[Kerror: [m[Ktemplate argument 1 is invalid
   27 |   std::unique_ptr<io::DmImu[01;31m[K>[m[K dm_imu_;
      |                            [01;31m[K^[m[K
[01m[K/home/guo/ITL_sentry_auto_new/src/node/include/test_node.hpp:27:28:[m[K [01;31m[Kerror: [m[Ktemplate argument 2 is invalid
[01m[K/home/guo/ITL_sentry_auto_new/src/node/include/test_node.hpp:29:39:[m[K [01;31m[Kerror: [m[Kâ€˜[01m[KImu[m[Kâ€™ is not a member of â€˜[01m[Ksensor_msgs::msg[m[Kâ€™
   29 |   rclcpp::Publisher<sensor_msgs::msg::[01;31m[KImu[m[K>::SharedPtr  imu_pub_;
      |                                       [01;31m[K^~~[m[K
[01m[K/home/guo/ITL_sentry_auto_new/src/node/include/test_node.hpp:29:42:[m[K [01;31m[Kerror: [m[Ktemplate argument 1 is invalid
   29 |   rclcpp::Publisher<sensor_msgs::msg::Imu[01;31m[K>[m[K::SharedPtr  imu_pub_;
      |                                          [01;31m[K^[m[K
[01m[K/home/guo/ITL_sentry_auto_new/src/node/include/test_node.hpp:29:45:[m[K [01;31m[Kerror: [m[Kexpected â€˜[01m[K;[m[Kâ€™ at end of member declaration
   29 |   rclcpp::Publisher<sensor_msgs::msg::Imu>::[01;31m[KSharedPtr[m[K  imu_pub_;
      |                                             [01;31m[K^~~~~~~~~[m[K
      |                                                      [32m[K;[m[K
[01m[K/home/guo/ITL_sentry_auto_new/src/node/include/test_node.hpp:29:56:[m[K [01;31m[Kerror: [m[Kâ€˜[01m[Kimu_pub_[m[Kâ€™ does not name a type
   29 |   rclcpp::Publisher<sensor_msgs::msg::Imu>::SharedPtr  [01;31m[Kimu_pub_[m[K;
      |                                                        [01;31m[K^~~~~~~~[m[K
[01m[K/home/guo/ITL_sentry_auto_new/src/node/src/test_node.cpp:[m[K In constructor â€˜[01m[Kpipeline::TestNode::TestNode(const rclcpp::NodeOptions&)[m[Kâ€™:
[01m[K/home/guo/ITL_sentry_auto_new/src/node/src/test_node.cpp:26:30:[m[K [01;31m[Kerror: [m[Kâ€˜[01m[Kio[m[Kâ€™ was not declared in this scope
   26 |   dm_imu_ = std::make_unique<[01;31m[Kio[m[K::DmImu>();
      |                              [01;31m[K^~[m[K
[01m[K/home/guo/ITL_sentry_auto_new/src/node/src/test_node.cpp:26:18:[m[K [01;31m[Kerror: [m[Kparse error in template argument list
   26 |   dm_imu_ = std::[01;31m[Kmake_unique<io::DmImu>[m[K();
      |                  [01;31m[K^~~~~~~~~~~~~~~~~~~~~~[m[K
[01m[K/home/guo/ITL_sentry_auto_new/src/node/src/test_node.cpp:26:40:[m[K [01;31m[Kerror: [m[Kno matching function for call to â€˜[01m[Kmake_unique<<expression error> >()[m[Kâ€™
   26 |   dm_imu_ = [01;31m[Kstd::make_unique<io::DmImu>()[m[K;
      |             [01;31m[K~~~~~~~~~~~~~~~~~~~~~~~~~~~^~[m[K
In file included from [01m[K/usr/include/c++/11/memory:76[m[K,
                 from [01m[K/home/guo/ITL_sentry_auto_new/src/node/include/test_node.hpp:5[m[K,
                 from [01m[K/home/guo/ITL_sentry_auto_new/src/node/src/test_node.cpp:1[m[K:
[01m[K/usr/include/c++/11/bits/unique_ptr.h:961:5:[m[K [01;36m[Knote: [m[Kcandidate: â€˜[01m[Ktemplate<class _Tp, class ... _Args> typename std::_MakeUniq<_Tp>::__single_object std::make_unique(_Args&& ...)[m[Kâ€™
  961 |     [01;36m[Kmake_unique[m[K(_Args&&... __args)
      |     [01;36m[K^~~~~~~~~~~[m[K
[01m[K/usr/include/c++/11/bits/unique_ptr.h:961:5:[m[K [01;36m[Knote: [m[K  template argument deduction/substitution failed:
[01m[K/home/guo/ITL_sentry_auto_new/src/node/src/test_node.cpp:26:40:[m[K [01;31m[Kerror: [m[Ktemplate argument 1 is invalid
   26 |   dm_imu_ = [01;31m[Kstd::make_unique<io::DmImu>()[m[K;
      |             [01;31m[K~~~~~~~~~~~~~~~~~~~~~~~~~~~^~[m[K
In file included from [01m[K/usr/include/c++/11/memory:76[m[K,
                 from [01m[K/home/guo/ITL_sentry_auto_new/src/node/include/test_node.hpp:5[m[K,
                 from [01m[K/home/guo/ITL_sentry_auto_new/src/node/src/test_node.cpp:1[m[K:
[01m[K/usr/include/c++/11/bits/unique_ptr.h:967:5:[m[K [01;36m[Knote: [m[Kcandidate: â€˜[01m[Ktemplate<class _Tp> typename std::_MakeUniq<_Tp>::__array std::make_unique(std::size_t)[m[Kâ€™
  967 |     [01;36m[Kmake_unique[m[K(size_t __num)
      |     [01;36m[K^~~~~~~~~~~[m[K
[01m[K/usr/include/c++/11/bits/unique_ptr.h:967:5:[m[K [01;36m[Knote: [m[K  template argument deduction/substitution failed:
[01m[K/home/guo/ITL_sentry_auto_new/src/node/src/test_node.cpp:26:40:[m[K [01;31m[Kerror: [m[Ktemplate argument 1 is invalid
   26 |   dm_imu_ = [01;31m[Kstd::make_unique<io::DmImu>()[m[K;
      |             [01;31m[K~~~~~~~~~~~~~~~~~~~~~~~~~~~^~[m[K
In file included from [01m[K/usr/include/c++/11/memory:76[m[K,
                 from [01m[K/home/guo/ITL_sentry_auto_new/src/node/include/test_node.hpp:5[m[K,
                 from [01m[K/home/guo/ITL_sentry_auto_new/src/node/src/test_node.cpp:1[m[K:
[01m[K/usr/include/c++/11/bits/unique_ptr.h:973:5:[m[K [01;36m[Knote: [m[Kcandidate: â€˜[01m[Ktemplate<class _Tp, class ... _Args> typename std::_MakeUniq<_Tp>::__invalid_type std::make_unique(_Args&& ...)[m[Kâ€™ (deleted)
  973 |     [01;36m[Kmake_unique[m[K(_Args&&...) = delete;
      |     [01;36m[K^~~~~~~~~~~[m[K
[01m[K/usr/include/c++/11/bits/unique_ptr.h:973:5:[m[K [01;36m[Knote: [m[K  template argument deduction/substitution failed:
[01m[K/home/guo/ITL_sentry_auto_new/src/node/src/test_node.cpp:26:40:[m[K [01;31m[Kerror: [m[Ktemplate argument 1 is invalid
   26 |   dm_imu_ = [01;31m[Kstd::make_unique<io::DmImu>()[m[K;
      |             [01;31m[K~~~~~~~~~~~~~~~~~~~~~~~~~~~^~[m[K
gmake[2]: *** [CMakeFiles/pipeline_node.dir/build.make:76ï¼šCMakeFiles/pipeline_node.dir/src/test_node.cpp.o] é”™è¯¯ 1
gmake[1]: *** [CMakeFiles/Makefile2:137ï¼šCMakeFiles/pipeline_node.dir/all] é”™è¯¯ 2
gmake: *** [Makefile:146ï¼šall] é”™è¯¯ 2
