[0.024s] Invoking command in '/home/guo/ITL_sentry_auto_new/build/pipeline': CMAKE_PREFIX_PATH=/home/guo/ITL_sentry_auto_new/install/dm_imu:/home/guo/ITL_sentry_auto_new/install/serial:/home/guo/ITL_sentry_auto_new/install/hikvision:/home/guo/ITL_sentry_auto_new/install/detected:/home/guo/ITL_sentry_auto_new/install/utils:/home/guo/ITL_sentry_auto_new/install/autoaim_msgs:/home/guo/ITL_sentry_auto_new/install/tracker:/home/guo/ITL_sentry_auto_new/install/aimer:/home/guo/ITL_sentry_auto_new/install/predictor:/home/guo/ITL_sentry_auto_new/install/solver:/home/guo/ITL_sentry_auto_new/install/pipeline:/home/guo/ITL_sentry_auto_new/install/gimbal:/home/guo/ITL_sentry_auto_new/install/cboard:/home/guo/ITL_sentry_auto_new/install/motion_model:/home/guo/ITL_sentry_auto_new/install/filter_lib:/home/guo/ITL_sentry_auto_new/install/armor_pointer:/opt/ros/rolling LD_LIBRARY_PATH=/home/guo/ITL_sentry_auto_new/install/dm_imu/lib:/home/guo/ITL_sentry_auto_new/install/serial/lib:/home/guo/ITL_sentry_auto_new/install/hikvision/lib:/home/guo/ITL_sentry_auto_new/install/detected/lib:/home/guo/ITL_sentry_auto_new/install/autoaim_msgs/lib:/home/guo/ITL_sentry_auto_new/install/tracker/lib:/home/guo/ITL_sentry_auto_new/install/aimer/lib:/home/guo/ITL_sentry_auto_new/install/predictor/lib:/home/guo/ITL_sentry_auto_new/install/solver/lib:/home/guo/ITL_sentry_auto_new/install/gimbal/lib:/home/guo/ITL_sentry_auto_new/install/cboard/lib:/home/guo/ITL_sentry_auto_new/install/utils/lib:/home/guo/ITL_sentry_auto_new/install/motion_model/lib:/home/guo/ITL_sentry_auto_new/install/filter_lib/lib:/home/guo/ITL_sentry_auto_new/install/armor_pointer/lib:/usr/lib/x86_64-linux-gnu:/opt/ros/rolling/opt/rviz_ogre_vendor/lib:/opt/ros/rolling/lib/x86_64-linux-gnu:/opt/ros/rolling/lib:/opt/MVS/lib/64:/opt/MVS/lib/32:/usr/local/TensorRT.10.7.0.23/lib:/usr/lib/x86_64-linux-gnu:/usr/local/cuda/lib64:/opt/MVS/lib/64:/opt/MVS/lib/32:/opt/MVS/lib/64:/opt/MVS/lib/32 /usr/local/bin/cmake --build /home/guo/ITL_sentry_auto_new/build/pipeline -- -j24 -l24
[0.061s] [ 50%] [32mBuilding CXX object CMakeFiles/pipeline_node.dir/src/test_node.cpp.o[0m
[0.285s] In file included from [01m[K/home/guo/ITL_sentry_auto_new/src/node/src/test_node.cpp:7[m[K:
[0.285s] [01m[K/opt/ros/rolling/include/cv_bridge/cv_bridge/cv_bridge.h:42:2:[m[K [01;35m[Kwarning: [m[K#warning This header is obsolete, please include cv_bridge/cv_bridge.hpp instead [[01;35m[K]8;;https://gcc.gnu.org/onlinedocs/gcc/Warning-Options.html#index-Wcpp-Wcpp]8;;[m[K]
[0.285s]    42 | #[01;35m[Kwarning[m[K This header is obsolete, please include cv_bridge/cv_bridge.hpp instead
[0.285s]       |  [01;35m[K^~~~~~~[m[K
[2.376s] In file included from [01m[K/home/guo/ITL_sentry_auto_new/src/node/src/test_node.cpp:1[m[K:
[2.376s] [01m[K/home/guo/ITL_sentry_auto_new/src/node/include/test_node.hpp:27:19:[m[K [01;31m[Kerror: [m[Kâ€˜[01m[Kio[m[Kâ€™ was not declared in this scope
[2.376s]    27 |   std::unique_ptr<[01;31m[Kio[m[K::DmImu> dm_imu_;
[2.376s]       |                   [01;31m[K^~[m[K
[2.376s] [01m[K/home/guo/ITL_sentry_auto_new/src/node/include/test_node.hpp:27:28:[m[K [01;31m[Kerror: [m[Ktemplate argument 1 is invalid
[2.376s]    27 |   std::unique_ptr<io::DmImu[01;31m[K>[m[K dm_imu_;
[2.376s]       |                            [01;31m[K^[m[K
[2.376s] [01m[K/home/guo/ITL_sentry_auto_new/src/node/include/test_node.hpp:27:28:[m[K [01;31m[Kerror: [m[Ktemplate argument 2 is invalid
[2.380s] [01m[K/home/guo/ITL_sentry_auto_new/src/node/include/test_node.hpp:29:39:[m[K [01;31m[Kerror: [m[Kâ€˜[01m[KImu[m[Kâ€™ is not a member of â€˜[01m[Ksensor_msgs::msg[m[Kâ€™
[2.380s]    29 |   rclcpp::Publisher<sensor_msgs::msg::[01;31m[KImu[m[K>::SharedPtr  imu_pub_;
[2.380s]       |                                       [01;31m[K^~~[m[K
[2.380s] [01m[K/home/guo/ITL_sentry_auto_new/src/node/include/test_node.hpp:29:42:[m[K [01;31m[Kerror: [m[Ktemplate argument 1 is invalid
[2.380s]    29 |   rclcpp::Publisher<sensor_msgs::msg::Imu[01;31m[K>[m[K::SharedPtr  imu_pub_;
[2.380s]       |                                          [01;31m[K^[m[K
[2.381s] [01m[K/home/guo/ITL_sentry_auto_new/src/node/include/test_node.hpp:29:45:[m[K [01;31m[Kerror: [m[Kexpected â€˜[01m[K;[m[Kâ€™ at end of member declaration
[2.381s]    29 |   rclcpp::Publisher<sensor_msgs::msg::Imu>::[01;31m[KSharedPtr[m[K  imu_pub_;
[2.381s]       |                                             [01;31m[K^~~~~~~~~[m[K
[2.381s]       |                                                      [32m[K;[m[K
[2.382s] [01m[K/home/guo/ITL_sentry_auto_new/src/node/include/test_node.hpp:29:56:[m[K [01;31m[Kerror: [m[Kâ€˜[01m[Kimu_pub_[m[Kâ€™ does not name a type
[2.382s]    29 |   rclcpp::Publisher<sensor_msgs::msg::Imu>::SharedPtr  [01;31m[Kimu_pub_[m[K;
[2.383s]       |                                                        [01;31m[K^~~~~~~~[m[K
[2.487s] [01m[K/home/guo/ITL_sentry_auto_new/src/node/src/test_node.cpp:[m[K In constructor â€˜[01m[Kpipeline::TestNode::TestNode(const rclcpp::NodeOptions&)[m[Kâ€™:
[2.487s] [01m[K/home/guo/ITL_sentry_auto_new/src/node/src/test_node.cpp:26:30:[m[K [01;31m[Kerror: [m[Kâ€˜[01m[Kio[m[Kâ€™ was not declared in this scope
[2.487s]    26 |   dm_imu_ = std::make_unique<[01;31m[Kio[m[K::DmImu>();
[2.488s]       |                              [01;31m[K^~[m[K
[2.488s] [01m[K/home/guo/ITL_sentry_auto_new/src/node/src/test_node.cpp:26:18:[m[K [01;31m[Kerror: [m[Kparse error in template argument list
[2.488s]    26 |   dm_imu_ = std::[01;31m[Kmake_unique<io::DmImu>[m[K();
[2.488s]       |                  [01;31m[K^~~~~~~~~~~~~~~~~~~~~~[m[K
[2.488s] [01m[K/home/guo/ITL_sentry_auto_new/src/node/src/test_node.cpp:26:40:[m[K [01;31m[Kerror: [m[Kno matching function for call to â€˜[01m[Kmake_unique<<expression error> >()[m[Kâ€™
[2.488s]    26 |   dm_imu_ = [01;31m[Kstd::make_unique<io::DmImu>()[m[K;
[2.488s]       |             [01;31m[K~~~~~~~~~~~~~~~~~~~~~~~~~~~^~[m[K
[2.488s] In file included from [01m[K/usr/include/c++/11/memory:76[m[K,
[2.488s]                  from [01m[K/home/guo/ITL_sentry_auto_new/src/node/include/test_node.hpp:5[m[K,
[2.488s]                  from [01m[K/home/guo/ITL_sentry_auto_new/src/node/src/test_node.cpp:1[m[K:
[2.488s] [01m[K/usr/include/c++/11/bits/unique_ptr.h:961:5:[m[K [01;36m[Knote: [m[Kcandidate: â€˜[01m[Ktemplate<class _Tp, class ... _Args> typename std::_MakeUniq<_Tp>::__single_object std::make_unique(_Args&& ...)[m[Kâ€™
[2.488s]   961 |     [01;36m[Kmake_unique[m[K(_Args&&... __args)
[2.488s]       |     [01;36m[K^~~~~~~~~~~[m[K
[2.488s] [01m[K/usr/include/c++/11/bits/unique_ptr.h:961:5:[m[K [01;36m[Knote: [m[K  template argument deduction/substitution failed:
[2.488s] [01m[K/home/guo/ITL_sentry_auto_new/src/node/src/test_node.cpp:26:40:[m[K [01;31m[Kerror: [m[Ktemplate argument 1 is invalid
[2.488s]    26 |   dm_imu_ = [01;31m[Kstd::make_unique<io::DmImu>()[m[K;
[2.488s]       |             [01;31m[K~~~~~~~~~~~~~~~~~~~~~~~~~~~^~[m[K
[2.488s] In file included from [01m[K/usr/include/c++/11/memory:76[m[K,
[2.488s]                  from [01m[K/home/guo/ITL_sentry_auto_new/src/node/include/test_node.hpp:5[m[K,
[2.488s]                  from [01m[K/home/guo/ITL_sentry_auto_new/src/node/src/test_node.cpp:1[m[K:
[2.488s] [01m[K/usr/include/c++/11/bits/unique_ptr.h:967:5:[m[K [01;36m[Knote: [m[Kcandidate: â€˜[01m[Ktemplate<class _Tp> typename std::_MakeUniq<_Tp>::__array std::make_unique(std::size_t)[m[Kâ€™
[2.488s]   967 |     [01;36m[Kmake_unique[m[K(size_t __num)
[2.488s]       |     [01;36m[K^~~~~~~~~~~[m[K
[2.488s] [01m[K/usr/include/c++/11/bits/unique_ptr.h:967:5:[m[K [01;36m[Knote: [m[K  template argument deduction/substitution failed:
[2.488s] [01m[K/home/guo/ITL_sentry_auto_new/src/node/src/test_node.cpp:26:40:[m[K [01;31m[Kerror: [m[Ktemplate argument 1 is invalid
[2.488s]    26 |   dm_imu_ = [01;31m[Kstd::make_unique<io::DmImu>()[m[K;
[2.488s]       |             [01;31m[K~~~~~~~~~~~~~~~~~~~~~~~~~~~^~[m[K
[2.488s] In file included from [01m[K/usr/include/c++/11/memory:76[m[K,
[2.488s]                  from [01m[K/home/guo/ITL_sentry_auto_new/src/node/include/test_node.hpp:5[m[K,
[2.488s]                  from [01m[K/home/guo/ITL_sentry_auto_new/src/node/src/test_node.cpp:1[m[K:
[2.488s] [01m[K/usr/include/c++/11/bits/unique_ptr.h:973:5:[m[K [01;36m[Knote: [m[Kcandidate: â€˜[01m[Ktemplate<class _Tp, class ... _Args> typename std::_MakeUniq<_Tp>::__invalid_type std::make_unique(_Args&& ...)[m[Kâ€™ (deleted)
[2.488s]   973 |     [01;36m[Kmake_unique[m[K(_Args&&...) = delete;
[2.488s]       |     [01;36m[K^~~~~~~~~~~[m[K
[2.489s] [01m[K/usr/include/c++/11/bits/unique_ptr.h:973:5:[m[K [01;36m[Knote: [m[K  template argument deduction/substitution failed:
[2.489s] [01m[K/home/guo/ITL_sentry_auto_new/src/node/src/test_node.cpp:26:40:[m[K [01;31m[Kerror: [m[Ktemplate argument 1 is invalid
[2.489s]    26 |   dm_imu_ = [01;31m[Kstd::make_unique<io::DmImu>()[m[K;
[2.489s]       |             [01;31m[K~~~~~~~~~~~~~~~~~~~~~~~~~~~^~[m[K
[3.651s] gmake[2]: *** [CMakeFiles/pipeline_node.dir/build.make:76ï¼šCMakeFiles/pipeline_node.dir/src/test_node.cpp.o] é”™è¯¯ 1
[3.651s] gmake[1]: *** [CMakeFiles/Makefile2:137ï¼šCMakeFiles/pipeline_node.dir/all] é”™è¯¯ 2
[3.651s] gmake: *** [Makefile:146ï¼šall] é”™è¯¯ 2
[3.652s] Invoked command in '/home/guo/ITL_sentry_auto_new/build/pipeline' returned '2': CMAKE_PREFIX_PATH=/home/guo/ITL_sentry_auto_new/install/dm_imu:/home/guo/ITL_sentry_auto_new/install/serial:/home/guo/ITL_sentry_auto_new/install/hikvision:/home/guo/ITL_sentry_auto_new/install/detected:/home/guo/ITL_sentry_auto_new/install/utils:/home/guo/ITL_sentry_auto_new/install/autoaim_msgs:/home/guo/ITL_sentry_auto_new/install/tracker:/home/guo/ITL_sentry_auto_new/install/aimer:/home/guo/ITL_sentry_auto_new/install/predictor:/home/guo/ITL_sentry_auto_new/install/solver:/home/guo/ITL_sentry_auto_new/install/pipeline:/home/guo/ITL_sentry_auto_new/install/gimbal:/home/guo/ITL_sentry_auto_new/install/cboard:/home/guo/ITL_sentry_auto_new/install/motion_model:/home/guo/ITL_sentry_auto_new/install/filter_lib:/home/guo/ITL_sentry_auto_new/install/armor_pointer:/opt/ros/rolling LD_LIBRARY_PATH=/home/guo/ITL_sentry_auto_new/install/dm_imu/lib:/home/guo/ITL_sentry_auto_new/install/serial/lib:/home/guo/ITL_sentry_auto_new/install/hikvision/lib:/home/guo/ITL_sentry_auto_new/install/detected/lib:/home/guo/ITL_sentry_auto_new/install/autoaim_msgs/lib:/home/guo/ITL_sentry_auto_new/install/tracker/lib:/home/guo/ITL_sentry_auto_new/install/aimer/lib:/home/guo/ITL_sentry_auto_new/install/predictor/lib:/home/guo/ITL_sentry_auto_new/install/solver/lib:/home/guo/ITL_sentry_auto_new/install/gimbal/lib:/home/guo/ITL_sentry_auto_new/install/cboard/lib:/home/guo/ITL_sentry_auto_new/install/utils/lib:/home/guo/ITL_sentry_auto_new/install/motion_model/lib:/home/guo/ITL_sentry_auto_new/install/filter_lib/lib:/home/guo/ITL_sentry_auto_new/install/armor_pointer/lib:/usr/lib/x86_64-linux-gnu:/opt/ros/rolling/opt/rviz_ogre_vendor/lib:/opt/ros/rolling/lib/x86_64-linux-gnu:/opt/ros/rolling/lib:/opt/MVS/lib/64:/opt/MVS/lib/32:/usr/local/TensorRT.10.7.0.23/lib:/usr/lib/x86_64-linux-gnu:/usr/local/cuda/lib64:/opt/MVS/lib/64:/opt/MVS/lib/32:/opt/MVS/lib/64:/opt/MVS/lib/32 /usr/local/bin/cmake --build /home/guo/ITL_sentry_auto_new/build/pipeline -- -j24 -l24
